{
  "C:/Users/admin/Desktop/photographerWebsite/frontend/components/Inputs/RadioButton.jsx": {
    "path": "C:/Users/admin/Desktop/photographerWebsite/frontend/components/Inputs/RadioButton.jsx",
    "statementMap": {
      "0": {
        "start": {
          "line": 4,
          "column": 20
        },
        "end": {
          "line": 9,
          "column": 1
        }
      },
      "1": {
        "start": {
          "line": 10,
          "column": 0
        },
        "end": {
          "line": 10,
          "column": 17
        }
      },
      "2": {
        "start": {
          "line": 11,
          "column": 20
        },
        "end": {
          "line": 39,
          "column": 1
        }
      },
      "3": {
        "start": {
          "line": 40,
          "column": 0
        },
        "end": {
          "line": 40,
          "column": 18
        }
      },
      "4": {
        "start": {
          "line": 41,
          "column": 20
        },
        "end": {
          "line": 66,
          "column": 1
        }
      },
      "5": {
        "start": {
          "line": 42,
          "column": 2
        },
        "end": {
          "line": 65,
          "column": 11
        }
      },
      "6": {
        "start": {
          "line": 67,
          "column": 0
        },
        "end": {
          "line": 67,
          "column": 18
        }
      },
      "7": {
        "start": {
          "line": 70,
          "column": 0
        },
        "end": {
          "line": 70,
          "column": 32
        }
      },
      "8": {
        "start": {
          "line": 71,
          "column": 0
        },
        "end": {
          "line": 71,
          "column": 33
        }
      },
      "9": {
        "start": {
          "line": 72,
          "column": 0
        },
        "end": {
          "line": 72,
          "column": 33
        }
      },
      "10": {
        "start": {
          "line": 74,
          "column": 20
        },
        "end": {
          "line": 74,
          "column": 97
        }
      },
      "11": {
        "start": {
          "line": 75,
          "column": 0
        },
        "end": {
          "line": 89,
          "column": 1
        }
      },
      "12": {
        "start": {
          "line": 76,
          "column": 2
        },
        "end": {
          "line": 80,
          "column": 3
        }
      },
      "13": {
        "start": {
          "line": 77,
          "column": 4
        },
        "end": {
          "line": 79,
          "column": 6
        }
      },
      "14": {
        "start": {
          "line": 81,
          "column": 2
        },
        "end": {
          "line": 88,
          "column": 5
        }
      },
      "15": {
        "start": {
          "line": 82,
          "column": 4
        },
        "end": {
          "line": 82,
          "column": 155
        }
      },
      "16": {
        "start": {
          "line": 83,
          "column": 4
        },
        "end": {
          "line": 87,
          "column": 7
        }
      },
      "17": {
        "start": {
          "line": 84,
          "column": 6
        },
        "end": {
          "line": 84,
          "column": 31
        }
      },
      "18": {
        "start": {
          "line": 84,
          "column": 24
        },
        "end": {
          "line": 84,
          "column": 31
        }
      },
      "19": {
        "start": {
          "line": 85,
          "column": 32
        },
        "end": {
          "line": 85,
          "column": 204
        }
      },
      "20": {
        "start": {
          "line": 86,
          "column": 6
        },
        "end": {
          "line": 86,
          "column": 75
        }
      },
      "21": {
        "start": {
          "line": 86,
          "column": 29
        },
        "end": {
          "line": 86,
          "column": 75
        }
      },
      "22": {
        "start": {
          "line": 91,
          "column": 2
        },
        "end": {
          "line": 91,
          "column": 134
        }
      },
      "23": {
        "start": {
          "line": 94,
          "column": 2
        },
        "end": {
          "line": 94,
          "column": 62
        }
      },
      "24": {
        "start": {
          "line": 10,
          "column": 20
        },
        "end": {
          "line": 38,
          "column": 1
        }
      },
      "25": {
        "start": {
          "line": 39,
          "column": 20
        },
        "end": {
          "line": 64,
          "column": 1
        }
      },
      "26": {
        "start": {
          "line": 40,
          "column": 2
        },
        "end": {
          "line": 63,
          "column": 11
        }
      }
    },
    "fnMap": {
      "0": {
        "name": "(anonymous_0)",
        "decl": {
          "start": {
            "line": 41,
            "column": 20
          },
          "end": {
            "line": 41,
            "column": 21
          }
        },
        "loc": {
          "start": {
            "line": 41,
            "column": 67
          },
          "end": {
            "line": 66,
            "column": 1
          }
        },
        "line": 41
      },
      "1": {
        "name": "(anonymous_1)",
        "decl": {
          "start": {
            "line": 81,
            "column": 52
          },
          "end": {
            "line": 81,
            "column": 53
          }
        },
        "loc": {
          "start": {
            "line": 81,
            "column": 72
          },
          "end": {
            "line": 88,
            "column": 3
          }
        },
        "line": 81
      },
      "2": {
        "name": "(anonymous_2)",
        "decl": {
          "start": {
            "line": 83,
            "column": 27
          },
          "end": {
            "line": 83,
            "column": 28
          }
        },
        "loc": {
          "start": {
            "line": 83,
            "column": 44
          },
          "end": {
            "line": 87,
            "column": 5
          }
        },
        "line": 83
      },
      "3": {
        "name": "$RefreshReg$",
        "decl": {
          "start": {
            "line": 90,
            "column": 9
          },
          "end": {
            "line": 90,
            "column": 21
          }
        },
        "loc": {
          "start": {
            "line": 90,
            "column": 32
          },
          "end": {
            "line": 92,
            "column": 1
          }
        },
        "line": 90
      },
      "4": {
        "name": "$RefreshSig$",
        "decl": {
          "start": {
            "line": 93,
            "column": 9
          },
          "end": {
            "line": 93,
            "column": 21
          }
        },
        "loc": {
          "start": {
            "line": 93,
            "column": 24
          },
          "end": {
            "line": 95,
            "column": 1
          }
        },
        "line": 93
      },
      "5": {
        "name": "(anonymous_0)",
        "decl": {
          "start": {
            "line": 39,
            "column": 20
          },
          "end": {
            "line": 39,
            "column": 21
          }
        },
        "loc": {
          "start": {
            "line": 39,
            "column": 67
          },
          "end": {
            "line": 64,
            "column": 1
          }
        },
        "line": 39
      }
    },
    "branchMap": {
      "0": {
        "loc": {
          "start": {
            "line": 74,
            "column": 20
          },
          "end": {
            "line": 74,
            "column": 97
          }
        },
        "type": "binary-expr",
        "locations": [
          {
            "start": {
              "line": 74,
              "column": 20
            },
            "end": {
              "line": 74,
              "column": 60
            }
          },
          {
            "start": {
              "line": 74,
              "column": 64
            },
            "end": {
              "line": 74,
              "column": 97
            }
          }
        ],
        "line": 74
      },
      "1": {
        "loc": {
          "start": {
            "line": 75,
            "column": 0
          },
          "end": {
            "line": 89,
            "column": 1
          }
        },
        "type": "if",
        "locations": [
          {
            "start": {
              "line": 75,
              "column": 0
            },
            "end": {
              "line": 89,
              "column": 1
            }
          },
          {
            "start": {},
            "end": {}
          }
        ],
        "line": 75
      },
      "2": {
        "loc": {
          "start": {
            "line": 75,
            "column": 4
          },
          "end": {
            "line": 75,
            "column": 35
          }
        },
        "type": "binary-expr",
        "locations": [
          {
            "start": {
              "line": 75,
              "column": 4
            },
            "end": {
              "line": 75,
              "column": 19
            }
          },
          {
            "start": {
              "line": 75,
              "column": 23
            },
            "end": {
              "line": 75,
              "column": 35
            }
          }
        ],
        "line": 75
      },
      "3": {
        "loc": {
          "start": {
            "line": 76,
            "column": 2
          },
          "end": {
            "line": 80,
            "column": 3
          }
        },
        "type": "if",
        "locations": [
          {
            "start": {
              "line": 76,
              "column": 2
            },
            "end": {
              "line": 80,
              "column": 3
            }
          },
          {
            "start": {},
            "end": {}
          }
        ],
        "line": 76
      },
      "4": {
        "loc": {
          "start": {
            "line": 84,
            "column": 6
          },
          "end": {
            "line": 84,
            "column": 31
          }
        },
        "type": "if",
        "locations": [
          {
            "start": {
              "line": 84,
              "column": 6
            },
            "end": {
              "line": 84,
              "column": 31
            }
          },
          {
            "start": {},
            "end": {}
          }
        ],
        "line": 84
      },
      "5": {
        "loc": {
          "start": {
            "line": 86,
            "column": 6
          },
          "end": {
            "line": 86,
            "column": 75
          }
        },
        "type": "if",
        "locations": [
          {
            "start": {
              "line": 86,
              "column": 6
            },
            "end": {
              "line": 86,
              "column": 75
            }
          },
          {
            "start": {},
            "end": {}
          }
        ],
        "line": 86
      }
    },
    "s": {
      "0": 12,
      "1": 6,
      "2": 6,
      "3": 12,
      "4": 6,
      "5": 20,
      "6": 6,
      "7": 6,
      "8": 6,
      "9": 6,
      "10": 6,
      "11": 6,
      "12": 6,
      "13": 0,
      "14": 6,
      "15": 6,
      "16": 6,
      "17": 0,
      "18": 0,
      "19": 0,
      "20": 0,
      "21": 0,
      "22": 18,
      "23": 0,
      "24": 6,
      "25": 6,
      "26": 20
    },
    "f": {
      "0": 20,
      "1": 6,
      "2": 0,
      "3": 18,
      "4": 0,
      "5": 20
    },
    "b": {
      "0": [
        6,
        0
      ],
      "1": [
        6,
        0
      ],
      "2": [
        6,
        6
      ],
      "3": [
        0,
        6
      ],
      "4": [
        0,
        0
      ],
      "5": [
        0,
        0
      ]
    },
    "inputSourceMap": {
      "version": 3,
      "mappings": "AA2CM;AA3CN,OAAOA,WAAW;AAClB,OAAOC,YAAY;AAEnB,MAAMC,cAAcD,OAAOE,MAAMC,MAAM,EAAEC,MAAM,QAAQ,CAAC;AAAA;AAAA;AAAA;AAAA;AAAA;AAKtDC,KALIJ;AAON,MAAMK,cAAcN,OAAOO;AAAAA;AAAAA;AAAAA;AAAAA;AAAAA;AAAAA;AAAAA;AAAAA;AAAAA;AAAAA;AAAAA;AAAAA;AAAAA;AAAAA;AAAAA;AAAAA;AAAAA;AAAAA;AAAAA,IAmBvBN,WAAW;AAAA;AAAA;AAAA;AAAA;AAAA,IAKXA,WAAW;AAAA;AAAA;AAAA;AAAA;AAIbO,MA5BIF;AA8BN,MAAMG,cAAcA,CAAC,EAAEF,OAAOG,MAAMC,OAAOC,SAASC,SAAS,MAAM;AACjE,SACE,uBAAC,eACC;AAAA;AAAA,MAAC;AAAA;AAAA,QACC;AAAA,QACA;AAAA,QACA;AAAA,QACA;AAAA;AAAA,MAJF;AAAA;AAAA;AAAA;AAAA;AAAA;AAAA;AAAA;AAAA,IAIqB;AAAA,IAEpBN;AAAAA,OAPH;AAAA;AAAA;AAAA;AAAA,SAQA;AAEJ;AAAEO,MAZIL;AAcN,eAAeA;AAAY,IAAAJ,IAAAG,KAAAM;AAAAC,aAAAV,IAAA;AAAAU,aAAAP,KAAA;AAAAO,aAAAD,KAAA",
      "names": [
        "React",
        "styled",
        "HiddenRadio",
        "input",
        "attrs",
        "type",
        "_c",
        "StyledLabel",
        "label",
        "_c2",
        "RadioButton",
        "name",
        "value",
        "checked",
        "onChange",
        "_c3",
        "$RefreshReg$"
      ],
      "ignoreList": [],
      "sources": [
        "C:/Users/admin/Desktop/photographerWebsite/frontend/components/Inputs/RadioButton.jsx"
      ],
      "file": "C:/Users/admin/Desktop/photographerWebsite/frontend/components/Inputs/RadioButton.jsx"
    },
    "_coverageSchema": "1a1c01bbd47fc00a2c39e90264f33305004495a9",
    "hash": "af772f33fbb8a4e8798c6c891e52a73515bc1b0a"
  },
  "C:/Users/admin/Desktop/photographerWebsite/frontend/components/styles/Menu.styled.jsx": {
    "path": "C:/Users/admin/Desktop/photographerWebsite/frontend/components/styles/Menu.styled.jsx",
    "statementMap": {
      "0": {
        "start": {
          "line": 2,
          "column": 29
        },
        "end": {
          "line": 27,
          "column": 1
        }
      },
      "1": {
        "start": {
          "line": 28,
          "column": 28
        },
        "end": {
          "line": 37,
          "column": 1
        }
      },
      "2": {
        "start": {
          "line": 38,
          "column": 26
        },
        "end": {
          "line": 53,
          "column": 1
        }
      },
      "3": {
        "start": {
          "line": 39,
          "column": 22
        },
        "end": {
          "line": 39,
          "column": 69
        }
      },
      "4": {
        "start": {
          "line": 47,
          "column": 27
        },
        "end": {
          "line": 47,
          "column": 63
        }
      }
    },
    "fnMap": {
      "0": {
        "name": "(anonymous_0)",
        "decl": {
          "start": {
            "line": 39,
            "column": 11
          },
          "end": {
            "line": 39,
            "column": 12
          }
        },
        "loc": {
          "start": {
            "line": 39,
            "column": 22
          },
          "end": {
            "line": 39,
            "column": 69
          }
        },
        "line": 39
      },
      "1": {
        "name": "(anonymous_1)",
        "decl": {
          "start": {
            "line": 47,
            "column": 16
          },
          "end": {
            "line": 47,
            "column": 17
          }
        },
        "loc": {
          "start": {
            "line": 47,
            "column": 27
          },
          "end": {
            "line": 47,
            "column": 63
          }
        },
        "line": 47
      }
    },
    "branchMap": {
      "0": {
        "loc": {
          "start": {
            "line": 39,
            "column": 22
          },
          "end": {
            "line": 39,
            "column": 69
          }
        },
        "type": "cond-expr",
        "locations": [
          {
            "start": {
              "line": 39,
              "column": 39
            },
            "end": {
              "line": 39,
              "column": 45
            }
          },
          {
            "start": {
              "line": 39,
              "column": 48
            },
            "end": {
              "line": 39,
              "column": 69
            }
          }
        ],
        "line": 39
      },
      "1": {
        "loc": {
          "start": {
            "line": 47,
            "column": 27
          },
          "end": {
            "line": 47,
            "column": 63
          }
        },
        "type": "cond-expr",
        "locations": [
          {
            "start": {
              "line": 47,
              "column": 44
            },
            "end": {
              "line": 47,
              "column": 52
            }
          },
          {
            "start": {
              "line": 47,
              "column": 55
            },
            "end": {
              "line": 47,
              "column": 63
            }
          }
        ],
        "line": 47
      }
    },
    "s": {
      "0": 64,
      "1": 64,
      "2": 64,
      "3": 300,
      "4": 300
    },
    "f": {
      "0": 300,
      "1": 300
    },
    "b": {
      "0": [
        60,
        240
      ],
      "1": [
        60,
        240
      ]
    },
    "inputSourceMap": {
      "version": 3,
      "sources": [
        "C:/Users/admin/Desktop/photographerWebsite/frontend/components/styles/Menu.styled.jsx"
      ],
      "mappings": "AAAA,OAAO,YAAY;AAEZ,aAAM,gBAAgB,OAAO;AAAA;AAAA;AAAA;AAAA;AAAA;AAAA;AAAA;AAAA;AAAA;AAAA;AAAA;AAAA;AAAA;AAAA;AAAA;AAAA;AAAA;AAAA;AAAA;AAAA;AAAA;AAAA;AAAA;AAAA;AAAA;AA2B7B,aAAM,eAAe,OAAO;AAAA;AAAA;AAAA;AAAA;AAAA;AAAA;AAAA;AAAA;AAAA;AAW5B,aAAM,aAAa,OAAO;AAAA,WACtB,WAAS,MAAM,WAAW,SAAS,qBAAqB;AAAA;AAAA;AAAA;AAAA;AAAA;AAAA;AAAA;AAAA,gBAQnD,WAAS,MAAM,WAAW,WAAW,QAAQ;AAAA;AAAA;AAAA;AAAA;AAAA;AAAA;",
      "names": []
    },
    "_coverageSchema": "1a1c01bbd47fc00a2c39e90264f33305004495a9",
    "hash": "f027851183c62605e2d58c3e2dc8ad72a4a40477"
  },
  "C:/Users/admin/Desktop/photographerWebsite/frontend/components/Menu.jsx": {
    "path": "C:/Users/admin/Desktop/photographerWebsite/frontend/components/Menu.jsx",
    "statementMap": {
      "0": {
        "start": {
          "line": 6,
          "column": 19
        },
        "end": {
          "line": 6,
          "column": 32
        }
      },
      "1": {
        "start": {
          "line": 7,
          "column": 38
        },
        "end": {
          "line": 7,
          "column": 53
        }
      },
      "2": {
        "start": {
          "line": 8,
          "column": 2
        },
        "end": {
          "line": 104,
          "column": 11
        }
      },
      "3": {
        "start": {
          "line": 9,
          "column": 58
        },
        "end": {
          "line": 9,
          "column": 84
        }
      },
      "4": {
        "start": {
          "line": 18,
          "column": 25
        },
        "end": {
          "line": 18,
          "column": 38
        }
      },
      "5": {
        "start": {
          "line": 34,
          "column": 25
        },
        "end": {
          "line": 34,
          "column": 47
        }
      },
      "6": {
        "start": {
          "line": 50,
          "column": 25
        },
        "end": {
          "line": 50,
          "column": 43
        }
      },
      "7": {
        "start": {
          "line": 66,
          "column": 25
        },
        "end": {
          "line": 66,
          "column": 45
        }
      },
      "8": {
        "start": {
          "line": 82,
          "column": 25
        },
        "end": {
          "line": 82,
          "column": 46
        }
      }
    },
    "fnMap": {
      "0": {
        "name": "Menu",
        "decl": {
          "start": {
            "line": 5,
            "column": 9
          },
          "end": {
            "line": 5,
            "column": 13
          }
        },
        "loc": {
          "start": {
            "line": 5,
            "column": 31
          },
          "end": {
            "line": 105,
            "column": 1
          }
        },
        "line": 5
      },
      "1": {
        "name": "(anonymous_1)",
        "decl": {
          "start": {
            "line": 9,
            "column": 52
          },
          "end": {
            "line": 9,
            "column": 53
          }
        },
        "loc": {
          "start": {
            "line": 9,
            "column": 58
          },
          "end": {
            "line": 9,
            "column": 84
          }
        },
        "line": 9
      },
      "2": {
        "name": "(anonymous_2)",
        "decl": {
          "start": {
            "line": 18,
            "column": 19
          },
          "end": {
            "line": 18,
            "column": 20
          }
        },
        "loc": {
          "start": {
            "line": 18,
            "column": 25
          },
          "end": {
            "line": 18,
            "column": 38
          }
        },
        "line": 18
      },
      "3": {
        "name": "(anonymous_3)",
        "decl": {
          "start": {
            "line": 34,
            "column": 19
          },
          "end": {
            "line": 34,
            "column": 20
          }
        },
        "loc": {
          "start": {
            "line": 34,
            "column": 25
          },
          "end": {
            "line": 34,
            "column": 47
          }
        },
        "line": 34
      },
      "4": {
        "name": "(anonymous_4)",
        "decl": {
          "start": {
            "line": 50,
            "column": 19
          },
          "end": {
            "line": 50,
            "column": 20
          }
        },
        "loc": {
          "start": {
            "line": 50,
            "column": 25
          },
          "end": {
            "line": 50,
            "column": 43
          }
        },
        "line": 50
      },
      "5": {
        "name": "(anonymous_5)",
        "decl": {
          "start": {
            "line": 66,
            "column": 19
          },
          "end": {
            "line": 66,
            "column": 20
          }
        },
        "loc": {
          "start": {
            "line": 66,
            "column": 25
          },
          "end": {
            "line": 66,
            "column": 45
          }
        },
        "line": 66
      },
      "6": {
        "name": "(anonymous_6)",
        "decl": {
          "start": {
            "line": 82,
            "column": 19
          },
          "end": {
            "line": 82,
            "column": 20
          }
        },
        "loc": {
          "start": {
            "line": 82,
            "column": 25
          },
          "end": {
            "line": 82,
            "column": 46
          }
        },
        "line": 82
      }
    },
    "branchMap": {
      "0": {
        "loc": {
          "start": {
            "line": 14,
            "column": 4
          },
          "end": {
            "line": 99,
            "column": 12
          }
        },
        "type": "binary-expr",
        "locations": [
          {
            "start": {
              "line": 14,
              "column": 4
            },
            "end": {
              "line": 14,
              "column": 14
            }
          },
          {
            "start": {
              "line": 14,
              "column": 34
            },
            "end": {
              "line": 99,
              "column": 12
            }
          }
        ],
        "line": 14
      }
    },
    "s": {
      "0": 192,
      "1": 192,
      "2": 192,
      "3": 71,
      "4": 2,
      "5": 2,
      "6": 2,
      "7": 2,
      "8": 2
    },
    "f": {
      "0": 192,
      "1": 71,
      "2": 2,
      "3": 2,
      "4": 2,
      "5": 2,
      "6": 2
    },
    "b": {
      "0": [
        192,
        60
      ]
    },
    "inputSourceMap": {
      "version": 3,
      "sources": [
        "C:/Users/admin/Desktop/photographerWebsite/frontend/components/Menu.jsx"
      ],
      "mappings": "AAUI,mBACE,cADF;AAVJ,SAAS,mBAAmB;AAC5B,SAAS,gBAAgB;AAEzB,SAAS,eAAe,cAAc,kBAAkB;AAExD,SAAS,KAAK,EAAE,YAAY,GAAG;AAC7B,QAAM,WAAW,YAAY;AAC7B,QAAM,CAAC,YAAY,aAAa,IAAI,SAAS,KAAK;AAElD,SACE,mCACE;AAAA,2BAAC,gBAAa,SAAS,MAAM,cAAc,CAAC,UAAU,GAAG,iBAAzD;AAAA;AAAA;AAAA;AAAA,WAA0D;AAAA,IAEzD,cACC,uBAAC,iBAEC;AAAA;AAAA,QAAC;AAAA;AAAA,UACC,SAAS,MAAM,SAAS,GAAG;AAAA,UAC3B,UAAU,gBAAgB;AAAA,UAC3B;AAAA;AAAA,QAHD;AAAA;AAAA;AAAA;AAAA;AAAA;AAAA;AAAA;AAAA,MAKA;AAAA,MACA;AAAA,QAAC;AAAA;AAAA,UACC,SAAS,MAAM,SAAS,YAAY;AAAA,UACpC,UAAU,gBAAgB;AAAA,UAC3B;AAAA;AAAA,QAHD;AAAA;AAAA;AAAA;AAAA;AAAA;AAAA;AAAA;AAAA,MAKA;AAAA,MACA;AAAA,QAAC;AAAA;AAAA,UACC,SAAS,MAAM,SAAS,QAAQ;AAAA,UAChC,UAAU,gBAAgB;AAAA,UAC3B;AAAA;AAAA,QAHD;AAAA;AAAA;AAAA;AAAA;AAAA;AAAA;AAAA;AAAA,MAKA;AAAA,MACA;AAAA,QAAC;AAAA;AAAA,UACC,SAAS,MAAM,SAAS,UAAU;AAAA,UAClC,UAAU,gBAAgB;AAAA,UAC3B;AAAA;AAAA,QAHD;AAAA;AAAA;AAAA;AAAA;AAAA;AAAA;AAAA;AAAA,MAKA;AAAA,MACA;AAAA,QAAC;AAAA;AAAA,UACC,SAAS,MAAM,SAAS,WAAW;AAAA,UACnC,UAAU,gBAAgB;AAAA,UAC3B;AAAA;AAAA,QAHD;AAAA;AAAA;AAAA;AAAA;AAAA;AAAA;AAAA;AAAA,MAKA;AAAA,SA/BF;AAAA;AAAA;AAAA;AAAA,WAgCA;AAAA,OApCJ;AAAA;AAAA;AAAA;AAAA,SAsCA;AAEJ;AAEA,eAAe;",
      "names": []
    },
    "_coverageSchema": "1a1c01bbd47fc00a2c39e90264f33305004495a9",
    "hash": "0bc4b89c0a0dff39f9f515da64c46f4c4a69dbec"
  },
  "C:/Users/admin/Desktop/photographerWebsite/frontend/components/Modal.jsx": {
    "path": "C:/Users/admin/Desktop/photographerWebsite/frontend/components/Modal.jsx",
    "statementMap": {
      "0": {
        "start": {
          "line": 3,
          "column": 17
        },
        "end": {
          "line": 14,
          "column": 1
        }
      },
      "1": {
        "start": {
          "line": 15,
          "column": 17
        },
        "end": {
          "line": 21,
          "column": 1
        }
      },
      "2": {
        "start": {
          "line": 22,
          "column": 15
        },
        "end": {
          "line": 24,
          "column": 1
        }
      },
      "3": {
        "start": {
          "line": 26,
          "column": 2
        },
        "end": {
          "line": 50,
          "column": 11
        }
      }
    },
    "fnMap": {
      "0": {
        "name": "Modal",
        "decl": {
          "start": {
            "line": 25,
            "column": 24
          },
          "end": {
            "line": 25,
            "column": 29
          }
        },
        "loc": {
          "start": {
            "line": 25,
            "column": 81
          },
          "end": {
            "line": 51,
            "column": 1
          }
        },
        "line": 25
      }
    },
    "branchMap": {
      "0": {
        "loc": {
          "start": {
            "line": 25,
            "column": 39
          },
          "end": {
            "line": 25,
            "column": 66
          }
        },
        "type": "default-arg",
        "locations": [
          {
            "start": {
              "line": 25,
              "column": 49
            },
            "end": {
              "line": 25,
              "column": 66
            }
          }
        ],
        "line": 25
      }
    },
    "s": {
      "0": 90,
      "1": 90,
      "2": 90,
      "3": 113
    },
    "f": {
      "0": 113
    },
    "b": {
      "0": [
        36
      ]
    },
    "inputSourceMap": {
      "version": 3,
      "sources": [
        "C:/Users/admin/Desktop/photographerWebsite/frontend/components/Modal.jsx"
      ],
      "mappings": "AA+BQ;AA/BR,OAAO,YAAY;AAEnB,MAAM,WAAW,OAAO;AAAA;AAAA;AAAA;AAAA;AAAA;AAAA;AAAA;AAAA;AAAA;AAAA;AAAA;AAaxB,MAAM,WAAW,OAAO;AAAA;AAAA;AAAA;AAAA;AAAA;AAAA;AAQxB,MAAM,SAAS,OAAO;AAAA;AAAA;AAItB,wBAAwB,MAAM,EAAE,OAAO,UAAU,mBAAmB,UAAU,GAAG;AAC/E,SACE,uBAAC,YACC,iCAAC,YACC;AAAA,2BAAC,QAAI,mBAAL;AAAA;AAAA;AAAA;AAAA,WAAW;AAAA,IACX,uBAAC,OAAG,qBAAJ;AAAA;AAAA;AAAA;AAAA,WAAY;AAAA,IACZ,uBAAC,UAAO,SAAS,WAAW,kBAA5B;AAAA;AAAA;AAAA;AAAA,WAA8B;AAAA,OAHhC;AAAA;AAAA;AAAA;AAAA,SAIA,KALF;AAAA;AAAA;AAAA;AAAA,SAMA;AAEJ;",
      "names": []
    },
    "_coverageSchema": "1a1c01bbd47fc00a2c39e90264f33305004495a9",
    "hash": "3ad0b0f49575284180c1825dd6e562141af526fd"
  },
  "C:/Users/admin/Desktop/photographerWebsite/frontend/components/styles/TitleTexts.styled.jsx": {
    "path": "C:/Users/admin/Desktop/photographerWebsite/frontend/components/styles/TitleTexts.styled.jsx",
    "statementMap": {
      "0": {
        "start": {
          "line": 2,
          "column": 30
        },
        "end": {
          "line": 20,
          "column": 1
        }
      },
      "1": {
        "start": {
          "line": 21,
          "column": 28
        },
        "end": {
          "line": 45,
          "column": 1
        }
      },
      "2": {
        "start": {
          "line": 30,
          "column": 24
        },
        "end": {
          "line": 30,
          "column": 42
        }
      },
      "3": {
        "start": {
          "line": 46,
          "column": 25
        },
        "end": {
          "line": 63,
          "column": 1
        }
      }
    },
    "fnMap": {
      "0": {
        "name": "(anonymous_0)",
        "decl": {
          "start": {
            "line": 30,
            "column": 13
          },
          "end": {
            "line": 30,
            "column": 14
          }
        },
        "loc": {
          "start": {
            "line": 30,
            "column": 24
          },
          "end": {
            "line": 30,
            "column": 42
          }
        },
        "line": 30
      }
    },
    "branchMap": {
      "0": {
        "loc": {
          "start": {
            "line": 30,
            "column": 24
          },
          "end": {
            "line": 30,
            "column": 42
          }
        },
        "type": "binary-expr",
        "locations": [
          {
            "start": {
              "line": 30,
              "column": 24
            },
            "end": {
              "line": 30,
              "column": 37
            }
          },
          {
            "start": {
              "line": 30,
              "column": 41
            },
            "end": {
              "line": 30,
              "column": 42
            }
          }
        ],
        "line": 30
      }
    },
    "s": {
      "0": 68,
      "1": 68,
      "2": 480,
      "3": 68
    },
    "f": {
      "0": 480
    },
    "b": {
      "0": [
        480,
        96
      ]
    },
    "inputSourceMap": {
      "version": 3,
      "sources": [
        "C:/Users/admin/Desktop/photographerWebsite/frontend/components/styles/TitleTexts.styled.jsx"
      ],
      "mappings": "AAAA,OAAO,YAAY;AAGZ,aAAM,iBAAiB,OAAO;AAAA;AAAA;AAAA;AAAA;AAAA;AAAA;AAAA;AAAA;AAAA;AAAA;AAAA;AAAA;AAAA;AAAA;AAAA;AAAA;AAAA;AAAA;AAoB9B,aAAM,eAAe,OAAO;AAAA;AAAA;AAAA;AAAA;AAAA;AAAA;AAAA;AAAA;AAAA,aAStB,WAAS,MAAM,WAAW,CAAC;AAAA;AAAA;AAAA;AAAA;AAAA;AAAA;AAAA;AAAA;AAAA;AAAA;AAAA;AAAA;AAAA;AAAA;AAAA;AAiBjC,aAAM,YAAY,OAAO;AAAA;AAAA;AAAA;AAAA;AAAA;AAAA;AAAA;AAAA;AAAA;AAAA;AAAA;AAAA;AAAA;AAAA;AAAA;AAAA;AAAA;",
      "names": []
    },
    "_coverageSchema": "1a1c01bbd47fc00a2c39e90264f33305004495a9",
    "hash": "1bb26a3d6dc5868ef1e5abc08bb4fdcc6ee77fcd"
  },
  "C:/Users/admin/Desktop/photographerWebsite/frontend/components/TitleTexts.jsx": {
    "path": "C:/Users/admin/Desktop/photographerWebsite/frontend/components/TitleTexts.jsx",
    "statementMap": {
      "0": {
        "start": {
          "line": 4,
          "column": 2
        },
        "end": {
          "line": 34,
          "column": 11
        }
      }
    },
    "fnMap": {
      "0": {
        "name": "TitleTexts",
        "decl": {
          "start": {
            "line": 3,
            "column": 9
          },
          "end": {
            "line": 3,
            "column": 19
          }
        },
        "loc": {
          "start": {
            "line": 3,
            "column": 30
          },
          "end": {
            "line": 35,
            "column": 1
          }
        },
        "line": 3
      }
    },
    "branchMap": {},
    "s": {
      "0": 96
    },
    "f": {
      "0": 96
    },
    "b": {},
    "inputSourceMap": {
      "version": 3,
      "sources": [
        "C:/Users/admin/Desktop/photographerWebsite/frontend/components/TitleTexts.jsx"
      ],
      "mappings": "AAKY;AALZ,SAAS,gBAAgB,oBAAoB;AAE7C,SAAS,WAAW,EAAE,KAAK,GAAG;AAC1B,SACI,uBAAC,kBACG;AAAA,2BAAC,gBAAc,kBAAf;AAAA;AAAA;AAAA;AAAA,WAAoB;AAAA,IACpB,uBAAC,gBAAa,SAAS,KAAM,kBAA7B;AAAA;AAAA;AAAA;AAAA,WAAkC;AAAA,IAClC,uBAAC,gBAAa,SAAS,KAAM,kBAA7B;AAAA;AAAA;AAAA;AAAA,WAAkC;AAAA,IAClC,uBAAC,gBAAa,SAAS,KAAM,kBAA7B;AAAA;AAAA;AAAA;AAAA,WAAkC;AAAA,IAClC,uBAAC,gBAAa,SAAS,KAAM,kBAA7B;AAAA;AAAA;AAAA;AAAA,WAAkC;AAAA,OALtC;AAAA;AAAA;AAAA;AAAA,SAMA;AAER;AAEA,eAAe;",
      "names": []
    },
    "_coverageSchema": "1a1c01bbd47fc00a2c39e90264f33305004495a9",
    "hash": "c28e611c185d5b9b366af20960422580cfbef270"
  },
  "C:/Users/admin/Desktop/photographerWebsite/frontend/hooks/useFetchData.jsx": {
    "path": "C:/Users/admin/Desktop/photographerWebsite/frontend/hooks/useFetchData.jsx",
    "statementMap": {
      "0": {
        "start": {
          "line": 2,
          "column": 28
        },
        "end": {
          "line": 27,
          "column": 1
        }
      },
      "1": {
        "start": {
          "line": 3,
          "column": 26
        },
        "end": {
          "line": 3,
          "column": 40
        }
      },
      "2": {
        "start": {
          "line": 4,
          "column": 32
        },
        "end": {
          "line": 4,
          "column": 46
        }
      },
      "3": {
        "start": {
          "line": 5,
          "column": 28
        },
        "end": {
          "line": 5,
          "column": 42
        }
      },
      "4": {
        "start": {
          "line": 6,
          "column": 20
        },
        "end": {
          "line": 22,
          "column": 8
        }
      },
      "5": {
        "start": {
          "line": 7,
          "column": 4
        },
        "end": {
          "line": 21,
          "column": 5
        }
      },
      "6": {
        "start": {
          "line": 8,
          "column": 6
        },
        "end": {
          "line": 8,
          "column": 23
        }
      },
      "7": {
        "start": {
          "line": 9,
          "column": 6
        },
        "end": {
          "line": 9,
          "column": 21
        }
      },
      "8": {
        "start": {
          "line": 10,
          "column": 23
        },
        "end": {
          "line": 10,
          "column": 74
        }
      },
      "9": {
        "start": {
          "line": 11,
          "column": 22
        },
        "end": {
          "line": 11,
          "column": 43
        }
      },
      "10": {
        "start": {
          "line": 12,
          "column": 6
        },
        "end": {
          "line": 14,
          "column": 7
        }
      },
      "11": {
        "start": {
          "line": 13,
          "column": 8
        },
        "end": {
          "line": 13,
          "column": 71
        }
      },
      "12": {
        "start": {
          "line": 15,
          "column": 6
        },
        "end": {
          "line": 15,
          "column": 23
        }
      },
      "13": {
        "start": {
          "line": 17,
          "column": 6
        },
        "end": {
          "line": 17,
          "column": 28
        }
      },
      "14": {
        "start": {
          "line": 18,
          "column": 6
        },
        "end": {
          "line": 18,
          "column": 41
        }
      },
      "15": {
        "start": {
          "line": 20,
          "column": 6
        },
        "end": {
          "line": 20,
          "column": 24
        }
      },
      "16": {
        "start": {
          "line": 23,
          "column": 2
        },
        "end": {
          "line": 25,
          "column": 18
        }
      },
      "17": {
        "start": {
          "line": 24,
          "column": 4
        },
        "end": {
          "line": 24,
          "column": 16
        }
      },
      "18": {
        "start": {
          "line": 26,
          "column": 2
        },
        "end": {
          "line": 26,
          "column": 34
        }
      },
      "19": {
        "start": {
          "line": 2,
          "column": 28
        },
        "end": {
          "line": 28,
          "column": 1
        }
      },
      "20": {
        "start": {
          "line": 6,
          "column": 2
        },
        "end": {
          "line": 26,
          "column": 20
        }
      },
      "21": {
        "start": {
          "line": 7,
          "column": 4
        },
        "end": {
          "line": 7,
          "column": 29
        }
      },
      "22": {
        "start": {
          "line": 7,
          "column": 22
        },
        "end": {
          "line": 7,
          "column": 29
        }
      },
      "23": {
        "start": {
          "line": 8,
          "column": 22
        },
        "end": {
          "line": 24,
          "column": 5
        }
      },
      "24": {
        "start": {
          "line": 9,
          "column": 6
        },
        "end": {
          "line": 23,
          "column": 7
        }
      },
      "25": {
        "start": {
          "line": 10,
          "column": 8
        },
        "end": {
          "line": 10,
          "column": 25
        }
      },
      "26": {
        "start": {
          "line": 11,
          "column": 8
        },
        "end": {
          "line": 11,
          "column": 23
        }
      },
      "27": {
        "start": {
          "line": 12,
          "column": 25
        },
        "end": {
          "line": 12,
          "column": 76
        }
      },
      "28": {
        "start": {
          "line": 13,
          "column": 24
        },
        "end": {
          "line": 13,
          "column": 45
        }
      },
      "29": {
        "start": {
          "line": 14,
          "column": 8
        },
        "end": {
          "line": 16,
          "column": 9
        }
      },
      "30": {
        "start": {
          "line": 15,
          "column": 10
        },
        "end": {
          "line": 15,
          "column": 73
        }
      },
      "31": {
        "start": {
          "line": 17,
          "column": 8
        },
        "end": {
          "line": 17,
          "column": 25
        }
      },
      "32": {
        "start": {
          "line": 19,
          "column": 8
        },
        "end": {
          "line": 19,
          "column": 30
        }
      },
      "33": {
        "start": {
          "line": 20,
          "column": 8
        },
        "end": {
          "line": 20,
          "column": 43
        }
      },
      "34": {
        "start": {
          "line": 22,
          "column": 8
        },
        "end": {
          "line": 22,
          "column": 26
        }
      },
      "35": {
        "start": {
          "line": 25,
          "column": 4
        },
        "end": {
          "line": 25,
          "column": 16
        }
      },
      "36": {
        "start": {
          "line": 27,
          "column": 2
        },
        "end": {
          "line": 27,
          "column": 34
        }
      },
      "37": {
        "start": {
          "line": 4,
          "column": 32
        },
        "end": {
          "line": 4,
          "column": 47
        }
      },
      "38": {
        "start": {
          "line": 6,
          "column": 2
        },
        "end": {
          "line": 26,
          "column": 17
        }
      },
      "39": {
        "start": {
          "line": 7,
          "column": 4
        },
        "end": {
          "line": 7,
          "column": 26
        }
      },
      "40": {
        "start": {
          "line": 7,
          "column": 19
        },
        "end": {
          "line": 7,
          "column": 26
        }
      },
      "41": {
        "start": {
          "line": 9,
          "column": 6
        },
        "end": {
          "line": 9,
          "column": 23
        }
      },
      "42": {
        "start": {
          "line": 10,
          "column": 6
        },
        "end": {
          "line": 10,
          "column": 21
        }
      },
      "43": {
        "start": {
          "line": 11,
          "column": 6
        },
        "end": {
          "line": 23,
          "column": 7
        }
      },
      "44": {
        "start": {
          "line": 12,
          "column": 25
        },
        "end": {
          "line": 12,
          "column": 73
        }
      },
      "45": {
        "start": {
          "line": 13,
          "column": 8
        },
        "end": {
          "line": 15,
          "column": 9
        }
      },
      "46": {
        "start": {
          "line": 14,
          "column": 10
        },
        "end": {
          "line": 14,
          "column": 57
        }
      },
      "47": {
        "start": {
          "line": 16,
          "column": 24
        },
        "end": {
          "line": 16,
          "column": 45
        }
      }
    },
    "fnMap": {
      "0": {
        "name": "(anonymous_0)",
        "decl": {
          "start": {
            "line": 2,
            "column": 28
          },
          "end": {
            "line": 2,
            "column": 29
          }
        },
        "loc": {
          "start": {
            "line": 2,
            "column": 49
          },
          "end": {
            "line": 27,
            "column": 1
          }
        },
        "line": 2
      },
      "1": {
        "name": "(anonymous_1)",
        "decl": {
          "start": {
            "line": 6,
            "column": 32
          },
          "end": {
            "line": 6,
            "column": 33
          }
        },
        "loc": {
          "start": {
            "line": 6,
            "column": 44
          },
          "end": {
            "line": 22,
            "column": 3
          }
        },
        "line": 6
      },
      "2": {
        "name": "(anonymous_2)",
        "decl": {
          "start": {
            "line": 23,
            "column": 12
          },
          "end": {
            "line": 23,
            "column": 13
          }
        },
        "loc": {
          "start": {
            "line": 23,
            "column": 18
          },
          "end": {
            "line": 25,
            "column": 3
          }
        },
        "line": 23
      },
      "3": {
        "name": "(anonymous_0)",
        "decl": {
          "start": {
            "line": 2,
            "column": 28
          },
          "end": {
            "line": 2,
            "column": 29
          }
        },
        "loc": {
          "start": {
            "line": 2,
            "column": 49
          },
          "end": {
            "line": 28,
            "column": 1
          }
        },
        "line": 2
      },
      "4": {
        "name": "(anonymous_1)",
        "decl": {
          "start": {
            "line": 6,
            "column": 12
          },
          "end": {
            "line": 6,
            "column": 13
          }
        },
        "loc": {
          "start": {
            "line": 6,
            "column": 18
          },
          "end": {
            "line": 26,
            "column": 3
          }
        },
        "line": 6
      },
      "5": {
        "name": "(anonymous_2)",
        "decl": {
          "start": {
            "line": 8,
            "column": 22
          },
          "end": {
            "line": 8,
            "column": 23
          }
        },
        "loc": {
          "start": {
            "line": 8,
            "column": 34
          },
          "end": {
            "line": 24,
            "column": 5
          }
        },
        "line": 8
      },
      "6": {
        "name": "(anonymous_0)",
        "decl": {
          "start": {
            "line": 2,
            "column": 28
          },
          "end": {
            "line": 2,
            "column": 29
          }
        },
        "loc": {
          "start": {
            "line": 2,
            "column": 42
          },
          "end": {
            "line": 28,
            "column": 1
          }
        },
        "line": 2
      }
    },
    "branchMap": {
      "0": {
        "loc": {
          "start": {
            "line": 12,
            "column": 6
          },
          "end": {
            "line": 14,
            "column": 7
          }
        },
        "type": "if",
        "locations": [
          {
            "start": {
              "line": 12,
              "column": 6
            },
            "end": {
              "line": 14,
              "column": 7
            }
          },
          {
            "start": {},
            "end": {}
          }
        ],
        "line": 12
      },
      "1": {
        "loc": {
          "start": {
            "line": 7,
            "column": 4
          },
          "end": {
            "line": 7,
            "column": 29
          }
        },
        "type": "if",
        "locations": [
          {
            "start": {
              "line": 7,
              "column": 4
            },
            "end": {
              "line": 7,
              "column": 29
            }
          },
          {
            "start": {},
            "end": {}
          }
        ],
        "line": 7
      },
      "2": {
        "loc": {
          "start": {
            "line": 14,
            "column": 8
          },
          "end": {
            "line": 16,
            "column": 9
          }
        },
        "type": "if",
        "locations": [
          {
            "start": {
              "line": 14,
              "column": 8
            },
            "end": {
              "line": 16,
              "column": 9
            }
          },
          {
            "start": {},
            "end": {}
          }
        ],
        "line": 14
      },
      "3": {
        "loc": {
          "start": {
            "line": 7,
            "column": 4
          },
          "end": {
            "line": 7,
            "column": 26
          }
        },
        "type": "if",
        "locations": [
          {
            "start": {
              "line": 7,
              "column": 4
            },
            "end": {
              "line": 7,
              "column": 26
            }
          },
          {
            "start": {},
            "end": {}
          }
        ],
        "line": 7
      },
      "4": {
        "loc": {
          "start": {
            "line": 13,
            "column": 8
          },
          "end": {
            "line": 15,
            "column": 9
          }
        },
        "type": "if",
        "locations": [
          {
            "start": {
              "line": 13,
              "column": 8
            },
            "end": {
              "line": 15,
              "column": 9
            }
          },
          {
            "start": {},
            "end": {}
          }
        ],
        "line": 13
      }
    },
    "s": {
      "0": 44,
      "1": 145,
      "2": 141,
      "3": 141,
      "4": 141,
      "5": 136,
      "6": 136,
      "7": 75,
      "8": 75,
      "9": 74,
      "10": 74,
      "11": 62,
      "12": 67,
      "13": 72,
      "14": 72,
      "15": 74,
      "16": 141,
      "17": 136,
      "18": 54,
      "19": 40,
      "20": 62,
      "21": 127,
      "22": 113,
      "23": 70,
      "24": 70,
      "25": 75,
      "26": 75,
      "27": 74,
      "28": 61,
      "29": 74,
      "30": 69,
      "31": 31,
      "32": 45,
      "33": 45,
      "34": 65,
      "35": 80,
      "36": 127,
      "37": 58,
      "38": 131,
      "39": 75,
      "40": 23,
      "41": 70,
      "42": 70,
      "43": 70,
      "44": 74,
      "45": 60,
      "46": 44,
      "47": 38
    },
    "f": {
      "0": 145,
      "1": 75,
      "2": 75,
      "3": 131,
      "4": 80,
      "5": 80,
      "6": 108
    },
    "b": {
      "0": [
        6,
        2
      ],
      "1": [
        0,
        14
      ],
      "2": [
        8,
        5
      ],
      "3": [
        0,
        66
      ],
      "4": [
        22,
        20
      ]
    },
    "inputSourceMap": {
      "version": 3,
      "sources": [
        "C:/Users/admin/Desktop/photographerWebsite/frontend/hooks/useFetchData.jsx"
      ],
      "mappings": "AAAA,SAAS,WAAW,UAAU,mBAAmB;AAE1C,aAAM,eAAe,CAAC,EAAE,YAAY,MAAM;AAC/C,QAAM,CAAC,MAAM,OAAO,IAAI,SAAS,IAAI;AACrC,QAAM,CAAC,SAAS,UAAU,IAAI,SAAS,IAAI;AAC3C,QAAM,CAAC,OAAO,QAAQ,IAAI,SAAS,IAAI;AAEvC,QAAM,YAAY,YAAY,YAAY;AACxC,QAAI;AACF,iBAAW,IAAI;AACf,eAAS,IAAI;AAEb,YAAM,WAAW,MAAM,MAAM,yBAAyB,WAAW,EAAE;AACnE,YAAM,UAAU,MAAM,SAAS,KAAK;AAEpC,UAAI,CAAC,SAAS,IAAI;AAChB,cAAM,IAAI,MAAM,4BAA4B,SAAS,MAAM,EAAE;AAAA,MAC/D;AAEA,cAAQ,OAAO;AAAA,IACjB,SAAS,KAAK;AACZ,eAAS,IAAI,OAAO;AACpB,cAAQ,MAAM,gBAAgB,GAAG;AAAA,IACnC,UAAE;AACA,iBAAW,KAAK;AAAA,IAClB;AAAA,EACF,GAAG,CAAC,CAAC;AAEL,YAAU,MAAM;AACd,cAAU;AAAA,EACZ,GAAG,CAAC,SAAS,CAAC;AAEd,SAAO,EAAE,MAAM,SAAS,MAAM;AAChC;",
      "names": []
    },
    "_coverageSchema": "1a1c01bbd47fc00a2c39e90264f33305004495a9",
    "hash": "828d862efc9bfea86db2a3c256891e41391db240"
  },
  "C:/Users/admin/Desktop/photographerWebsite/frontend/components/typography/Paragraph.jsx": {
    "path": "C:/Users/admin/Desktop/photographerWebsite/frontend/components/typography/Paragraph.jsx",
    "statementMap": {
      "0": {
        "start": {
          "line": 2,
          "column": 18
        },
        "end": {
          "line": 12,
          "column": 1
        }
      }
    },
    "fnMap": {},
    "branchMap": {},
    "s": {
      "0": 49
    },
    "f": {},
    "b": {},
    "inputSourceMap": {
      "version": 3,
      "sources": [
        "C:/Users/admin/Desktop/photographerWebsite/frontend/components/typography/Paragraph.jsx"
      ],
      "mappings": "AAAA,OAAO,YAAY;AAEnB,MAAM,YAAY,OAAO;AAAA;AAAA;AAAA;AAAA;AAAA;AAAA;AAAA;AAAA;AAAA;AAAA;AAYzB,eAAe;",
      "names": []
    },
    "_coverageSchema": "1a1c01bbd47fc00a2c39e90264f33305004495a9",
    "hash": "35e9252f5cacd222ac934f185e870f5c27ecb60a"
  },
  "C:/Users/admin/Desktop/photographerWebsite/frontend/components/Images/AppImage.jsx": {
    "path": "C:/Users/admin/Desktop/photographerWebsite/frontend/components/Images/AppImage.jsx",
    "statementMap": {
      "0": {
        "start": {
          "line": 3,
          "column": 16
        },
        "end": {
          "line": 7,
          "column": 1
        }
      },
      "1": {
        "start": {
          "line": 8,
          "column": 20
        },
        "end": {
          "line": 15,
          "column": 1
        }
      },
      "2": {
        "start": {
          "line": 16,
          "column": 17
        },
        "end": {
          "line": 34,
          "column": 8
        }
      },
      "3": {
        "start": {
          "line": 16,
          "column": 49
        },
        "end": {
          "line": 34,
          "column": 8
        }
      },
      "4": {
        "start": {
          "line": 16,
          "column": 122
        },
        "end": {
          "line": 30,
          "column": 1
        }
      }
    },
    "fnMap": {
      "0": {
        "name": "(anonymous_0)",
        "decl": {
          "start": {
            "line": 16,
            "column": 17
          },
          "end": {
            "line": 16,
            "column": 18
          }
        },
        "loc": {
          "start": {
            "line": 16,
            "column": 49
          },
          "end": {
            "line": 34,
            "column": 8
          }
        },
        "line": 16
      },
      "1": {
        "name": "(anonymous_1)",
        "decl": {
          "start": {
            "line": 16,
            "column": 88
          },
          "end": {
            "line": 16,
            "column": 89
          }
        },
        "loc": {
          "start": {
            "line": 16,
            "column": 122
          },
          "end": {
            "line": 30,
            "column": 1
          }
        },
        "line": 16
      }
    },
    "branchMap": {},
    "s": {
      "0": 25,
      "1": 25,
      "2": 25,
      "3": 29,
      "4": 60
    },
    "f": {
      "0": 29,
      "1": 60
    },
    "b": {},
    "inputSourceMap": {
      "version": 3,
      "sources": [
        "C:/Users/admin/Desktop/photographerWebsite/frontend/components/Images/AppImage.jsx"
      ],
      "mappings": "AAoBM;AApBN,OAAO,YAAY;AAEnB,MAAM,UAAU,OAAO;AAAA;AAAA;AAAA;AAAA;AAMvB,MAAM,cAAc,OAAO;AAAA;AAAA;AAAA;AAAA;AAAA;AAAA;AAAA;AAS3B,MAAM,WAAW,CAAC,EAAE,OAAO,MACzB,uBAAC,WACE,iBAAO,IAAI,CAAC,OAAO,UAClB;AAAA,EAAC;AAAA;AAAA,IAEC,KAAK,MAAM;AAAA,IACX,KAAK,MAAM;AAAA;AAAA,EAFN;AAAA,EADP;AAAA;AAAA;AAAA;AAAA;AAAA;AAAA;AAIA,CACD,KAPH;AAAA;AAAA;AAAA;AAAA,OAQA;AAGF,eAAe;",
      "names": []
    },
    "_coverageSchema": "1a1c01bbd47fc00a2c39e90264f33305004495a9",
    "hash": "34c2e48edc9c55cb391d61dfc99387ce74f32136"
  },
  "C:/Users/admin/Desktop/photographerWebsite/frontend/components/layouts/AppsSection.jsx": {
    "path": "C:/Users/admin/Desktop/photographerWebsite/frontend/components/layouts/AppsSection.jsx",
    "statementMap": {
      "0": {
        "start": {
          "line": 5,
          "column": 23
        },
        "end": {
          "line": 9,
          "column": 1
        }
      },
      "1": {
        "start": {
          "line": 10,
          "column": 20
        },
        "end": {
          "line": 25,
          "column": 8
        }
      },
      "2": {
        "start": {
          "line": 10,
          "column": 65
        },
        "end": {
          "line": 25,
          "column": 8
        }
      }
    },
    "fnMap": {
      "0": {
        "name": "(anonymous_0)",
        "decl": {
          "start": {
            "line": 10,
            "column": 20
          },
          "end": {
            "line": 10,
            "column": 21
          }
        },
        "loc": {
          "start": {
            "line": 10,
            "column": 65
          },
          "end": {
            "line": 25,
            "column": 8
          }
        },
        "line": 10
      }
    },
    "branchMap": {},
    "s": {
      "0": 20,
      "1": 20,
      "2": 15
    },
    "f": {
      "0": 15
    },
    "b": {},
    "inputSourceMap": {
      "version": 3,
      "sources": [
        "C:/Users/admin/Desktop/photographerWebsite/frontend/components/layouts/AppsSection.jsx"
      ],
      "mappings": "AAcI;AAdJ,OAAO,YAAY;AACnB,OAAO,cAAc;AACrB,OAAO,eAAe;AAEtB,MAAM,iBAAiB,OAAO;AAAA;AAAA;AAAA;AAAA;AAQ9B,MAAM,cAAc,CAAC,EAAE,QAAQ,YAAY,MACzC,uBAAC,kBACC;AAAA,yBAAC,YAAS,UAAV;AAAA;AAAA;AAAA;AAAA,SAA0B;AAAA,EAC1B,uBAAC,aAAW,yBAAZ;AAAA;AAAA;AAAA;AAAA,SAAwB;AAAA,KAF1B;AAAA;AAAA;AAAA;AAAA,OAGA;AAGF,eAAe;",
      "names": []
    },
    "_coverageSchema": "1a1c01bbd47fc00a2c39e90264f33305004495a9",
    "hash": "0dc7a5b46123e03fe3085ed13c667da92a2db5fa"
  },
  "C:/Users/admin/Desktop/photographerWebsite/frontend/components/layouts/PhotoGallery.jsx": {
    "path": "C:/Users/admin/Desktop/photographerWebsite/frontend/components/layouts/PhotoGallery.jsx",
    "statementMap": {
      "0": {
        "start": {
          "line": 3,
          "column": 25
        },
        "end": {
          "line": 8,
          "column": 1
        }
      },
      "1": {
        "start": {
          "line": 9,
          "column": 17
        },
        "end": {
          "line": 17,
          "column": 1
        }
      },
      "2": {
        "start": {
          "line": 18,
          "column": 19
        },
        "end": {
          "line": 26,
          "column": 1
        }
      },
      "3": {
        "start": {
          "line": 27,
          "column": 24
        },
        "end": {
          "line": 32,
          "column": 1
        }
      },
      "4": {
        "start": {
          "line": 33,
          "column": 28
        },
        "end": {
          "line": 54,
          "column": 1
        }
      },
      "5": {
        "start": {
          "line": 34,
          "column": 2
        },
        "end": {
          "line": 53,
          "column": 11
        }
      },
      "6": {
        "start": {
          "line": 40,
          "column": 102
        },
        "end": {
          "line": 44,
          "column": 12
        }
      }
    },
    "fnMap": {
      "0": {
        "name": "(anonymous_0)",
        "decl": {
          "start": {
            "line": 33,
            "column": 28
          },
          "end": {
            "line": 33,
            "column": 29
          }
        },
        "loc": {
          "start": {
            "line": 33,
            "column": 55
          },
          "end": {
            "line": 54,
            "column": 1
          }
        },
        "line": 33
      },
      "1": {
        "name": "(anonymous_1)",
        "decl": {
          "start": {
            "line": 40,
            "column": 70
          },
          "end": {
            "line": 40,
            "column": 71
          }
        },
        "loc": {
          "start": {
            "line": 40,
            "column": 102
          },
          "end": {
            "line": 44,
            "column": 12
          }
        },
        "line": 40
      }
    },
    "branchMap": {},
    "s": {
      "0": 21,
      "1": 21,
      "2": 21,
      "3": 21,
      "4": 21,
      "5": 20,
      "6": 26
    },
    "f": {
      "0": 20,
      "1": 26
    },
    "b": {},
    "inputSourceMap": {
      "version": 3,
      "sources": [
        "C:/Users/admin/Desktop/photographerWebsite/frontend/components/layouts/PhotoGallery.jsx"
      ],
      "mappings": "AAuCM;AAvCN,OAAO,YAAY;AAEnB,MAAM,mBAAmB,OAAO;AAAA;AAAA;AAAA;AAAA;AAAA;AAOhC,MAAM,WAAW,OAAO;AAAA;AAAA;AAAA;AAAA;AAAA;AAAA;AAAA;AAAA;AAUxB,MAAM,aAAa,OAAO;AAAA;AAAA;AAAA;AAAA;AAAA;AAAA;AAAA;AAAA;AAU1B,MAAM,kBAAkB,OAAO;AAAA;AAAA;AAAA;AAAA;AAAA;AAOxB,aAAM,eAAe,CAAC,EAAE,QAAQ,UAAU,MAAM;AACrD,SACE,uBAAC,oBACC;AAAA,2BAAC,YAAS,KAAK,QAAQ,KAAI,WAA3B;AAAA;AAAA;AAAA;AAAA,WAAmC;AAAA,IACnC,uBAAC,mBACE,oBAAU,IAAI,CAAC,KAAK,UACnB,uBAAC,cAAuB,KAAU,KAAI,WAArB,OAAjB;AAAA;AAAA;AAAA;AAAA,WAA8C,CAC/C,KAHH;AAAA;AAAA;AAAA;AAAA,WAIA;AAAA,OANF;AAAA;AAAA;AAAA;AAAA,SAOA;AAEJ;",
      "names": []
    },
    "_coverageSchema": "1a1c01bbd47fc00a2c39e90264f33305004495a9",
    "hash": "2b8ce48965148e08aa174f8464e1a2156cfa48d7"
  },
  "C:/Users/admin/Desktop/photographerWebsite/frontend/pages/AboutMePage.jsx": {
    "path": "C:/Users/admin/Desktop/photographerWebsite/frontend/pages/AboutMePage.jsx",
    "statementMap": {
      "0": {
        "start": {
          "line": 10,
          "column": 20
        },
        "end": {
          "line": 31,
          "column": 3
        }
      },
      "1": {
        "start": {
          "line": 32,
          "column": 35
        },
        "end": {
          "line": 34,
          "column": 4
        }
      },
      "2": {
        "start": {
          "line": 35,
          "column": 2
        },
        "end": {
          "line": 39,
          "column": 11
        }
      },
      "3": {
        "start": {
          "line": 35,
          "column": 15
        },
        "end": {
          "line": 39,
          "column": 11
        }
      },
      "4": {
        "start": {
          "line": 40,
          "column": 2
        },
        "end": {
          "line": 47,
          "column": 11
        }
      },
      "5": {
        "start": {
          "line": 40,
          "column": 13
        },
        "end": {
          "line": 47,
          "column": 11
        }
      },
      "6": {
        "start": {
          "line": 48,
          "column": 2
        },
        "end": {
          "line": 109,
          "column": 11
        }
      },
      "7": {
        "start": {
          "line": 64,
          "column": 19
        },
        "end": {
          "line": 64,
          "column": 49
        }
      },
      "8": {
        "start": {
          "line": 32,
          "column": 35
        },
        "end": {
          "line": 32,
          "column": 57
        }
      },
      "9": {
        "start": {
          "line": 33,
          "column": 2
        },
        "end": {
          "line": 37,
          "column": 11
        }
      },
      "10": {
        "start": {
          "line": 33,
          "column": 15
        },
        "end": {
          "line": 37,
          "column": 11
        }
      },
      "11": {
        "start": {
          "line": 38,
          "column": 2
        },
        "end": {
          "line": 45,
          "column": 11
        }
      },
      "12": {
        "start": {
          "line": 38,
          "column": 13
        },
        "end": {
          "line": 45,
          "column": 11
        }
      },
      "13": {
        "start": {
          "line": 46,
          "column": 2
        },
        "end": {
          "line": 107,
          "column": 11
        }
      },
      "14": {
        "start": {
          "line": 62,
          "column": 19
        },
        "end": {
          "line": 62,
          "column": 49
        }
      }
    },
    "fnMap": {
      "0": {
        "name": "AboutMePage",
        "decl": {
          "start": {
            "line": 9,
            "column": 9
          },
          "end": {
            "line": 9,
            "column": 20
          }
        },
        "loc": {
          "start": {
            "line": 9,
            "column": 23
          },
          "end": {
            "line": 110,
            "column": 1
          }
        },
        "line": 9
      },
      "1": {
        "name": "(anonymous_1)",
        "decl": {
          "start": {
            "line": 64,
            "column": 10
          },
          "end": {
            "line": 64,
            "column": 11
          }
        },
        "loc": {
          "start": {
            "line": 64,
            "column": 19
          },
          "end": {
            "line": 64,
            "column": 49
          }
        },
        "line": 64
      },
      "2": {
        "name": "AboutMePage",
        "decl": {
          "start": {
            "line": 9,
            "column": 9
          },
          "end": {
            "line": 9,
            "column": 20
          }
        },
        "loc": {
          "start": {
            "line": 9,
            "column": 23
          },
          "end": {
            "line": 108,
            "column": 1
          }
        },
        "line": 9
      },
      "3": {
        "name": "(anonymous_1)",
        "decl": {
          "start": {
            "line": 62,
            "column": 10
          },
          "end": {
            "line": 62,
            "column": 11
          }
        },
        "loc": {
          "start": {
            "line": 62,
            "column": 19
          },
          "end": {
            "line": 62,
            "column": 49
          }
        },
        "line": 62
      }
    },
    "branchMap": {
      "0": {
        "loc": {
          "start": {
            "line": 35,
            "column": 2
          },
          "end": {
            "line": 39,
            "column": 11
          }
        },
        "type": "if",
        "locations": [
          {
            "start": {
              "line": 35,
              "column": 2
            },
            "end": {
              "line": 39,
              "column": 11
            }
          },
          {
            "start": {},
            "end": {}
          }
        ],
        "line": 35
      },
      "1": {
        "loc": {
          "start": {
            "line": 40,
            "column": 2
          },
          "end": {
            "line": 47,
            "column": 11
          }
        },
        "type": "if",
        "locations": [
          {
            "start": {
              "line": 40,
              "column": 2
            },
            "end": {
              "line": 47,
              "column": 11
            }
          },
          {
            "start": {},
            "end": {}
          }
        ],
        "line": 40
      },
      "2": {
        "loc": {
          "start": {
            "line": 33,
            "column": 2
          },
          "end": {
            "line": 37,
            "column": 11
          }
        },
        "type": "if",
        "locations": [
          {
            "start": {
              "line": 33,
              "column": 2
            },
            "end": {
              "line": 37,
              "column": 11
            }
          },
          {
            "start": {},
            "end": {}
          }
        ],
        "line": 33
      },
      "3": {
        "loc": {
          "start": {
            "line": 38,
            "column": 2
          },
          "end": {
            "line": 45,
            "column": 11
          }
        },
        "type": "if",
        "locations": [
          {
            "start": {
              "line": 38,
              "column": 2
            },
            "end": {
              "line": 45,
              "column": 11
            }
          },
          {
            "start": {},
            "end": {}
          }
        ],
        "line": 38
      }
    },
    "s": {
      "0": 64,
      "1": 14,
      "2": 14,
      "3": 9,
      "4": 5,
      "5": 3,
      "6": 2,
      "7": 26,
      "8": 64,
      "9": 46,
      "10": 18,
      "11": 28,
      "12": 6,
      "13": 22,
      "14": 10
    },
    "f": {
      "0": 14,
      "1": 54,
      "2": 64,
      "3": 22
    },
    "b": {
      "0": [
        9,
        5
      ],
      "1": [
        3,
        2
      ],
      "2": [
        18,
        28
      ],
      "3": [
        6,
        22
      ]
    },
    "inputSourceMap": {
      "version": 3,
      "sources": [
        "C:/Users/admin/Desktop/photographerWebsite/frontend/pages/AboutMePage.jsx"
      ],
      "mappings": "AAyCsB,SAIlB,UAJkB;AAzCtB,SAAS,oBAAoB;AAE7B,SAAS,iBAAiB;AAC1B,OAAO,gBAAgB;AACvB,OAAO,UAAU;AACjB,OAAO,eAAe;AACtB,OAAO,iBAAiB;AACxB,SAAS,oBAAoB;AAE7B,SAAS,cAAc;AACrB,QAAM,YAAY;AAAA,IAChB;AAAA,MACE,KAAK;AAAA,MACL,KAAK;AAAA,IACP;AAAA,IACA;AAAA,MACE,KAAK;AAAA,MACL,KAAK;AAAA,IACP;AAAA,IACA;AAAA,MACE,KAAK;AAAA,MACL,KAAK;AAAA,IACP;AAAA,IACA;AAAA,MACE,KAAK;AAAA,MACL,KAAK;AAAA,IACP;AAAA,IACA;AAAA,MACE,KAAK;AAAA,MACL,KAAK;AAAA,IACP;AAAA,EACF;AAEA,QAAM,EAAE,MAAM,SAAS,MAAM,IAAI,aAAa;AAAA,IAC5C,aAAa;AAAA,EACf,CAAC;AAMD,MAAI,QAAS,QAAO,uBAAC,OAAE,0BAAH;AAAA;AAAA;AAAA;AAAA,SAAa;AACjC,MAAI,MAAO,QAAO,uBAAC,OAAE;AAAA;AAAA,IAAQ;AAAA,OAAX;AAAA;AAAA;AAAA;AAAA,SAAiB;AAEnC,SACE,mCACE;AAAA,2BAAC,QAAK,aAAY,WAAlB;AAAA;AAAA;AAAA;AAAA,WAA0B;AAAA,IAC1B,uBAAC,cAAW,MAAK,cAAjB;AAAA;AAAA;AAAA;AAAA,WAA4B;AAAA,IAE5B;AAAA,MAAC;AAAA;AAAA,QACC,QAAQ,yBAAyB,KAAK,OAAO,MAAM,GAAG;AAAA,QACtD,WAAW,KAAK,OAAO,MAAM,MAAM;AAAA,UACjC,CAAC,QAAQ,yBAAyB,GAAG;AAAA,QACvC;AAAA;AAAA,MAJF;AAAA;AAAA;AAAA;AAAA;AAAA;AAAA;AAAA;AAAA,IAKA;AAAA,IACA,uBAAC,aAAU,uBAAX;AAAA;AAAA;AAAA;AAAA,WAAkB;AAAA,IAClB,uBAAC,aAAU,iCAAC,YAAO,8CAAR;AAAA;AAAA;AAAA;AAAA,WAET,KAFF;AAAA;AAAA;AAAA;AAAA,WAGA;AAAA,IAEA;AAAA,MAAC;AAAA;AAAA,QACC,QAAQ;AAAA,QACR,aAAa;AAAA;AAAA,MAFf;AAAA;AAAA;AAAA;AAAA;AAAA;AAAA;AAAA;AAAA,IAGA;AAAA,OAnBF;AAAA;AAAA;AAAA;AAAA,SAoBA;AAEJ;AAEA,eAAe;",
      "names": []
    },
    "_coverageSchema": "1a1c01bbd47fc00a2c39e90264f33305004495a9",
    "hash": "9870dd7b38351ef17804d72bdc8512f781e03e30"
  },
  "C:/Users/admin/Desktop/photographerWebsite/frontend/components/Inputs/InputField.jsx": {
    "path": "C:/Users/admin/Desktop/photographerWebsite/frontend/components/Inputs/InputField.jsx",
    "statementMap": {
      "0": {
        "start": {
          "line": 4,
          "column": 21
        },
        "end": {
          "line": 6,
          "column": 1
        }
      },
      "1": {
        "start": {
          "line": 7,
          "column": 14
        },
        "end": {
          "line": 13,
          "column": 1
        }
      },
      "2": {
        "start": {
          "line": 14,
          "column": 23
        },
        "end": {
          "line": 32,
          "column": 1
        }
      },
      "3": {
        "start": {
          "line": 33,
          "column": 19
        },
        "end": {
          "line": 50,
          "column": 1
        }
      },
      "4": {
        "start": {
          "line": 34,
          "column": 2
        },
        "end": {
          "line": 49,
          "column": 11
        }
      }
    },
    "fnMap": {
      "0": {
        "name": "(anonymous_0)",
        "decl": {
          "start": {
            "line": 33,
            "column": 19
          },
          "end": {
            "line": 33,
            "column": 20
          }
        },
        "loc": {
          "start": {
            "line": 33,
            "column": 57
          },
          "end": {
            "line": 50,
            "column": 1
          }
        },
        "line": 33
      }
    },
    "branchMap": {
      "0": {
        "loc": {
          "start": {
            "line": 35,
            "column": 4
          },
          "end": {
            "line": 39,
            "column": 12
          }
        },
        "type": "binary-expr",
        "locations": [
          {
            "start": {
              "line": 35,
              "column": 4
            },
            "end": {
              "line": 35,
              "column": 9
            }
          },
          {
            "start": {
              "line": 35,
              "column": 29
            },
            "end": {
              "line": 39,
              "column": 12
            }
          }
        ],
        "line": 35
      },
      "1": {
        "loc": {
          "start": {
            "line": 40,
            "column": 58
          },
          "end": {
            "line": 40,
            "column": 78
          }
        },
        "type": "binary-expr",
        "locations": [
          {
            "start": {
              "line": 40,
              "column": 58
            },
            "end": {
              "line": 40,
              "column": 69
            }
          },
          {
            "start": {
              "line": 40,
              "column": 73
            },
            "end": {
              "line": 40,
              "column": 78
            }
          }
        ],
        "line": 40
      }
    },
    "s": {
      "0": 75,
      "1": 75,
      "2": 75,
      "3": 75,
      "4": 1776
    },
    "f": {
      "0": 1776
    },
    "b": {
      "0": [
        1776,
        1776
      ],
      "1": [
        1776,
        221
      ]
    },
    "inputSourceMap": {
      "version": 3,
      "sources": [
        "C:/Users/admin/Desktop/photographerWebsite/frontend/components/Inputs/InputField.jsx"
      ],
      "mappings": "AAsCgB;AAtChB,OAAO,WAAW;AAClB,OAAO,YAAY;AAEnB,MAAM,eAAe,OAAO;AAAA;AAAA;AAI5B,MAAM,QAAQ,OAAO;AAAA;AAAA;AAAA;AAAA;AAAA;AAAA;AAQrB,MAAM,iBAAiB,OAAO;AAAA;AAAA;AAAA;AAAA;AAAA;AAAA;AAAA;AAAA;AAAA;AAAA;AAAA;AAAA;AAAA;AAAA;AAAA;AAAA;AAAA;AAAA;AAoB9B,MAAM,aAAa,CAAC,EAAE,OAAO,aAAa,GAAG,MAAM,MAAM;AACvD,SACE,uBAAC,gBACE;AAAA,aAAS,uBAAC,SAAO,mBAAR;AAAA;AAAA;AAAA;AAAA,WAAc;AAAA,IACxB,uBAAC,kBAAe,aAAa,eAAe,OAAQ,GAAG,SAAvD;AAAA;AAAA;AAAA;AAAA,WAA8D;AAAA,OAFhE;AAAA;AAAA;AAAA;AAAA,SAGA;AAEJ;AAEA,eAAe;",
      "names": []
    },
    "_coverageSchema": "1a1c01bbd47fc00a2c39e90264f33305004495a9",
    "hash": "877a9875597eb33df4b475fe129b893e25e09e3a"
  },
  "C:/Users/admin/Desktop/photographerWebsite/frontend/components/Inputs/TextareaField.jsx": {
    "path": "C:/Users/admin/Desktop/photographerWebsite/frontend/components/Inputs/TextareaField.jsx",
    "statementMap": {
      "0": {
        "start": {
          "line": 3,
          "column": 16
        },
        "end": {
          "line": 5,
          "column": 1
        }
      },
      "1": {
        "start": {
          "line": 6,
          "column": 14
        },
        "end": {
          "line": 11,
          "column": 1
        }
      },
      "2": {
        "start": {
          "line": 12,
          "column": 23
        },
        "end": {
          "line": 29,
          "column": 1
        }
      },
      "3": {
        "start": {
          "line": 30,
          "column": 22
        },
        "end": {
          "line": 45,
          "column": 8
        }
      },
      "4": {
        "start": {
          "line": 30,
          "column": 76
        },
        "end": {
          "line": 45,
          "column": 8
        }
      }
    },
    "fnMap": {
      "0": {
        "name": "(anonymous_0)",
        "decl": {
          "start": {
            "line": 30,
            "column": 22
          },
          "end": {
            "line": 30,
            "column": 23
          }
        },
        "loc": {
          "start": {
            "line": 30,
            "column": 76
          },
          "end": {
            "line": 45,
            "column": 8
          }
        },
        "line": 30
      }
    },
    "branchMap": {},
    "s": {
      "0": 45,
      "1": 45,
      "2": 45,
      "3": 45,
      "4": 226
    },
    "f": {
      "0": 226
    },
    "b": {},
    "inputSourceMap": {
      "version": 3,
      "sources": [
        "C:/Users/admin/Desktop/photographerWebsite/frontend/components/Inputs/TextareaField.jsx"
      ],
      "mappings": "AAkCI;AAlCJ,OAAO,YAAY;AAEnB,MAAM,UAAU,OAAO;AAAA;AAAA;AAIvB,MAAM,QAAQ,OAAO;AAAA;AAAA;AAAA;AAAA;AAAA;AAOrB,MAAM,iBAAiB,OAAO;AAAA;AAAA;AAAA;AAAA;AAAA;AAAA;AAAA;AAAA;AAAA;AAAA;AAAA;AAAA;AAAA;AAAA;AAAA;AAAA;AAAA;AAmB9B,MAAM,gBAAgB,CAAC,EAAE,OAAO,aAAa,GAAG,MAAM,MACpD,uBAAC,WACC;AAAA,yBAAC,SAAO,mBAAR;AAAA;AAAA;AAAA;AAAA,SAAc;AAAA,EACd,uBAAC,kBAAe,aAA2B,GAAG,SAA9C;AAAA;AAAA;AAAA;AAAA,SAAqD;AAAA,KAFvD;AAAA;AAAA;AAAA;AAAA,OAGA;AAGF,eAAe;",
      "names": []
    },
    "_coverageSchema": "1a1c01bbd47fc00a2c39e90264f33305004495a9",
    "hash": "f9d8610a3115f32d67d5a05f7ac90105dde43f90"
  },
  "C:/Users/admin/Desktop/photographerWebsite/frontend/components/Buttons/EnterButton.jsx": {
    "path": "C:/Users/admin/Desktop/photographerWebsite/frontend/components/Buttons/EnterButton.jsx",
    "statementMap": {
      "0": {
        "start": {
          "line": 4,
          "column": 26
        },
        "end": {
          "line": 24,
          "column": 1
        }
      },
      "1": {
        "start": {
          "line": 25,
          "column": 20
        },
        "end": {
          "line": 31,
          "column": 1
        }
      },
      "2": {
        "start": {
          "line": 26,
          "column": 2
        },
        "end": {
          "line": 30,
          "column": 11
        }
      }
    },
    "fnMap": {
      "0": {
        "name": "(anonymous_0)",
        "decl": {
          "start": {
            "line": 25,
            "column": 20
          },
          "end": {
            "line": 25,
            "column": 21
          }
        },
        "loc": {
          "start": {
            "line": 25,
            "column": 34
          },
          "end": {
            "line": 31,
            "column": 1
          }
        },
        "line": 25
      }
    },
    "branchMap": {},
    "s": {
      "0": 75,
      "1": 75,
      "2": 430
    },
    "f": {
      "0": 430
    },
    "b": {},
    "inputSourceMap": {
      "version": 3,
      "sources": [
        "C:/Users/admin/Desktop/photographerWebsite/frontend/components/Buttons/EnterButton.jsx"
      ],
      "mappings": "AA0BS;AA1BT,OAAO,WAAW;AAClB,OAAO,YAAY;AAEnB,MAAM,oBAAoB,OAAO;AAAA;AAAA;AAAA;AAAA;AAAA;AAAA;AAAA;AAAA;AAAA;AAAA;AAAA;AAAA;AAAA;AAAA;AAAA;AAAA;AAAA;AAAA;AAAA;AAAA;AAsBjC,MAAM,cAAc,CAAC,EAAE,KAAK,MAAM;AAChC,SAAO,uBAAC,qBAAmB,kBAApB;AAAA;AAAA;AAAA;AAAA,SAAyB;AAClC;AAEA,eAAe;",
      "names": []
    },
    "_coverageSchema": "1a1c01bbd47fc00a2c39e90264f33305004495a9",
    "hash": "aeca9adb7513a217ff9e0fdabdf943561de7b6cf"
  },
  "C:/Users/admin/Desktop/photographerWebsite/frontend/components/typography/ErrorMessage.jsx": {
    "path": "C:/Users/admin/Desktop/photographerWebsite/frontend/components/typography/ErrorMessage.jsx",
    "statementMap": {
      "0": {
        "start": {
          "line": 2,
          "column": 21
        },
        "end": {
          "line": 8,
          "column": 1
        }
      }
    },
    "fnMap": {},
    "branchMap": {},
    "s": {
      "0": 70
    },
    "f": {},
    "b": {},
    "inputSourceMap": {
      "version": 3,
      "sources": [
        "C:/Users/admin/Desktop/photographerWebsite/frontend/components/typography/ErrorMessage.jsx"
      ],
      "mappings": "AAAA,OAAO,YAAY;AAEnB,MAAM,eAAe,OAAO;AAAA;AAAA;AAAA;AAAA;AAAA;AAAA;AAQ5B,eAAe;",
      "names": []
    },
    "_coverageSchema": "1a1c01bbd47fc00a2c39e90264f33305004495a9",
    "hash": "51f630891f71dfab91afa6b097d40e1099199686"
  },
  "C:/Users/admin/Desktop/photographerWebsite/frontend/components/Inputs/FileUpload.jsx": {
    "path": "C:/Users/admin/Desktop/photographerWebsite/frontend/components/Inputs/FileUpload.jsx",
    "statementMap": {
      "0": {
        "start": {
          "line": 4,
          "column": 16
        },
        "end": {
          "line": 6,
          "column": 1
        }
      },
      "1": {
        "start": {
          "line": 7,
          "column": 14
        },
        "end": {
          "line": 12,
          "column": 1
        }
      },
      "2": {
        "start": {
          "line": 13,
          "column": 20
        },
        "end": {
          "line": 15,
          "column": 1
        }
      },
      "3": {
        "start": {
          "line": 16,
          "column": 19
        },
        "end": {
          "line": 29,
          "column": 1
        }
      },
      "4": {
        "start": {
          "line": 30,
          "column": 19
        },
        "end": {
          "line": 75,
          "column": 2
        }
      },
      "5": {
        "start": {
          "line": 31,
          "column": 27
        },
        "end": {
          "line": 35,
          "column": 3
        }
      },
      "6": {
        "start": {
          "line": 32,
          "column": 4
        },
        "end": {
          "line": 34,
          "column": 5
        }
      },
      "7": {
        "start": {
          "line": 33,
          "column": 6
        },
        "end": {
          "line": 33,
          "column": 18
        }
      },
      "8": {
        "start": {
          "line": 36,
          "column": 2
        },
        "end": {
          "line": 74,
          "column": 11
        }
      }
    },
    "fnMap": {
      "0": {
        "name": "(anonymous_0)",
        "decl": {
          "start": {
            "line": 30,
            "column": 30
          },
          "end": {
            "line": 30,
            "column": 31
          }
        },
        "loc": {
          "start": {
            "line": 30,
            "column": 70
          },
          "end": {
            "line": 75,
            "column": 1
          }
        },
        "line": 30
      },
      "1": {
        "name": "(anonymous_1)",
        "decl": {
          "start": {
            "line": 31,
            "column": 27
          },
          "end": {
            "line": 31,
            "column": 28
          }
        },
        "loc": {
          "start": {
            "line": 31,
            "column": 34
          },
          "end": {
            "line": 35,
            "column": 3
          }
        },
        "line": 31
      }
    },
    "branchMap": {
      "0": {
        "loc": {
          "start": {
            "line": 32,
            "column": 4
          },
          "end": {
            "line": 34,
            "column": 5
          }
        },
        "type": "if",
        "locations": [
          {
            "start": {
              "line": 32,
              "column": 4
            },
            "end": {
              "line": 34,
              "column": 5
[...]
      "names": []
    },
    "_coverageSchema": "1a1c01bbd47fc00a2c39e90264f33305004495a9",
    "hash": "ec08474fcb5726def89ef925c1fa97f098e7c51d"
  },
  "C:/Users/admin/Desktop/photographerWebsite/frontend/pages/PortfolioPage.jsx": {
    "path": "C:/Users/admin/Desktop/photographerWebsite/frontend/pages/PortfolioPage.jsx",
    "statementMap": {
      "0": {
        "start": {
          "line": 7,
          "column": 2
        },
        "end": {
          "line": 37,
          "column": 11
        }
      }
    },
    "fnMap": {
      "0": {
        "name": "PortfolioPage",
        "decl": {
          "start": {
            "line": 6,
            "column": 9
          },
          "end": {
            "line": 6,
            "column": 22
          }
        },
        "loc": {
          "start": {
            "line": 6,
            "column": 25
          },
          "end": {
            "line": 38,
            "column": 1
          }
        },
        "line": 6
      }
    },
    "branchMap": {},
    "s": {
      "0": 2
    },
    "f": {
      "0": 2
    },
    "b": {},
    "inputSourceMap": {
      "version": 3,
      "sources": [
        "C:/Users/admin/Desktop/photographerWebsite/frontend/pages/PortfolioPage.jsx"
      ],
      "mappings": "AASI,mBACE,cADF;AATJ,OAAO,WAAW;AAElB,OAAO,gBAAgB;AACvB,SAAS,yBAAyB;AAClC,OAAO,UAAU;AAEjB,SAAS,gBAAgB;AAEvB,SACE,mCACE;AAAA,2BAAC,QAAK,aAAa,eAAnB;AAAA;AAAA;AAAA;AAAA,WAAgC;AAAA,IAChC,uBAAC,cAAW,MAAK,eAAjB;AAAA;AAAA;AAAA;AAAA,WAA6B;AAAA,IAE7B,uBAAC,qBAAkB,MAAM,QAAQ,KAAK,sBAAtC;AAAA;AAAA;AAAA;AAAA,WAA0D;AAAA,IAC1D,uBAAC,qBAAkB,MAAM,UAAU,KAAK,oBAAxC;AAAA;AAAA;AAAA;AAAA,WAA0D;AAAA,IAC1D,uBAAC,qBAAkB,MAAM,WAAW,KAAK,oBAAzC;AAAA;AAAA;AAAA;AAAA,WAA2D;AAAA,OAN7D;AAAA;AAAA;AAAA;AAAA,SAOA;AAEJ;AAEA,eAAe;",
      "names": []
    },
    "_coverageSchema": "1a1c01bbd47fc00a2c39e90264f33305004495a9",
    "hash": "2a37b8f99bee9b100c684e435c5b7d5e36ee4685"
  },
  "C:/Users/admin/Desktop/photographerWebsite/frontend/pages/SignUpPage.jsx": {
    "path": "C:/Users/admin/Desktop/photographerWebsite/frontend/pages/SignUpPage.jsx",
    "statementMap": {
      "0": {
        "start": {
          "line": 6,
          "column": 2
        },
        "end": {
          "line": 25,
          "column": 11
        }
      }
    },
    "fnMap": {
      "0": {
        "name": "SignUpPage",
        "decl": {
          "start": {
            "line": 5,
            "column": 9
          },
          "end": {
            "line": 5,
            "column": 19
          }
        },
        "loc": {
          "start": {
            "line": 5,
            "column": 22
          },
          "end": {
            "line": 26,
            "column": 1
          }
        },
        "line": 5
      }
    },
    "branchMap": {},
    "s": {
      "0": 5
    },
    "f": {
      "0": 5
    },
    "b": {},
    "inputSourceMap": {
      "version": 3,
      "sources": [
        "C:/Users/admin/Desktop/photographerWebsite/frontend/pages/SignUpPage.jsx"
      ],
      "mappings": "AAMI,mBACE,cADF;AANJ,OAAO,gBAAgB;AACvB,OAAO,mBAAmB;AAC1B,OAAO,cAAc;AAErB,SAAS,aAAa;AACpB,SACE,mCACE;AAAA,2BAAC,cAAW,MAAK,aAAjB;AAAA;AAAA;AAAA;AAAA,WAA2B;AAAA,IAC3B,uBAAC,iBACC,iCAAC,YAAS,MAAK,YAAf;AAAA;AAAA;AAAA;AAAA,WAAwB,KAD1B;AAAA;AAAA;AAAA;AAAA,WAEA;AAAA,OAJF;AAAA;AAAA;AAAA;AAAA,SAKA;AAEJ;AAEA,eAAe;",
      "names": []
    },
    "_coverageSchema": "1a1c01bbd47fc00a2c39e90264f33305004495a9",
    "hash": "3074b2bcd5acb1053ec0cf35cf27d42a1ff4492c"
  },
  "C:/Users/admin/Desktop/photographerWebsite/frontend/components/layouts/UserPhotosGallery.jsx": {
    "path": "C:/Users/admin/Desktop/photographerWebsite/frontend/components/layouts/UserPhotosGallery.jsx",
    "statementMap": {
      "0": {
        "start": {
          "line": 6,
          "column": 18
        },
        "end": {
          "line": 10,
          "column": 1
        }
      },
      "1": {
        "start": {
          "line": 11,
          "column": 13
        },
        "end": {
          "line": 27,
          "column": 1
        }
      },
      "2": {
        "start": {
          "line": 28,
          "column": 20
        },
        "end": {
          "line": 31,
          "column": 1
        }
      },
      "3": {
        "start": {
          "line": 33,
          "column": 30
        },
        "end": {
          "line": 33,
          "column": 42
        }
      },
      "4": {
        "start": {
          "line": 34,
          "column": 32
        },
        "end": {
          "line": 34,
          "column": 46
        }
      },
      "5": {
        "start": {
          "line": 35,
          "column": 21
        },
        "end": {
          "line": 48,
          "column": 3
        }
      },
      "6": {
        "start": {
          "line": 36,
          "column": 4
        },
        "end": {
          "line": 47,
          "column": 5
        }
      },
      "7": {
        "start": {
          "line": 37,
          "column": 20
        },
        "end": {
          "line": 37,
          "column": 49
        }
      },
      "8": {
        "start": {
          "line": 38,
          "column": 18
        },
        "end": {
          "line": 40,
          "column": 8
        }
      },
      "9": {
        "start": {
          "line": 41,
          "column": 19
        },
        "end": {
          "line": 41,
          "column": 35
        }
      },
      "10": {
        "start": {
          "line": 42,
          "column": 6
        },
        "end": {
          "line": 42,
          "column": 35
        }
      },
      "11": {
        "start": {
          "line": 44,
          "column": 6
        },
        "end": {
          "line": 44,
          "column": 25
        }
      },
      "12": {
        "start": {
          "line": 46,
          "column": 6
        },
        "end": {
          "line": 46,
          "column": 24
        }
      },
      "13": {
        "start": {
          "line": 49,
          "column": 2
        },
        "end": {
          "line": 51,
          "column": 9
        }
      },
      "14": {
        "start": {
          "line": 50,
          "column": 4
        },
        "end": {
          "line": 50,
          "column": 17
        }
      },
      "15": {
        "start": {
          "line": 52,
          "column": 2
        },
        "end": {
          "line": 56,
          "column": 11
        }
      },
      "16": {
        "start": {
          "line": 52,
          "column": 15
        },
        "end": {
          "line": 56,
          "column": 11
        }
      },
      "17": {
        "start": {
          "line": 57,
          "column": 2
        },
        "end": {
          "line": 63,
          "column": 3
        }
      },
      "18": {
        "start": {
          "line": 58,
          "column": 4
        },
        "end": {
          "line": 62,
          "column": 13
        }
      },
      "19": {
        "start": {
          "line": 64,
          "column": 2
        },
        "end": {
          "line": 86,
          "column": 11
        }
      },
      "20": {
        "start": {
          "line": 64,
          "column": 134
        },
        "end": {
          "line": 78,
          "column": 3
        }
      }
    },
    "fnMap": {
      "0": {
        "name": "UserPhotosGallery",
        "decl": {
          "start": {
            "line": 32,
            "column": 24
          },
          "end": {
            "line": 32,
            "column": 41
          }
        },
        "loc": {
          "start": {
            "line": 32,
            "column": 44
          },
          "end": {
            "line": 87,
            "column": 1
          }
        },
        "line": 32
      },
      "1": {
        "name": "(anonymous_1)",
        "decl": {
          "start": {
            "line": 35,
            "column": 21
          },
          "end": {
            "line": 35,
            "column": 22
          }
        },
        "loc": {
          "start": {
            "line": 35,
            "column": 33
          },
          "end": {
            "line": 48,
            "column": 3
          }
        },
        "line": 35
      },
      "2": {
        "name": "(anonymous_2)",
        "decl": {
          "start": {
            "line": 49,
            "column": 12
          },
          "end": {
            "line": 49,
            "column": 13
          }
        },
        "loc": {
          "start": {
            "line": 49,
            "column": 18
          },
          "end": {
            "line": 51,
            "column": 3
          }
        },
        "line": 49
      },
      "3": {
        "name": "(anonymous_3)",
        "decl": {
          "start": {
            "line": 64,
            "column": 107
          },
          "end": {
            "line": 64,
            "column": 108
          }
        },
        "loc": {
          "start": {
            "line": 64,
            "column": 134
          },
          "end": {
            "line": 78,
            "column": 3
          }
        },
        "line": 64
      }
    },
    "branchMap": {
      "0": {
        "loc": {
          "start": {
            "line": 42,
            "column": 16
          },
          "end": {
            "line": 42,
            "column": 33
          }
        },
        "type": "binary-expr",
        "locations": [
          {
            "start": {
              "line": 42,
              "column": 16
            },
            "end": {
              "line": 42,
              "column": 27
            }
          },
          {
            "start": {
              "line": 42,
              "column": 31
            },
            "end": {
              "line": 42,
              "column": 33
            }
          }
        ],
        "line": 42
      },
      "1": {
        "loc": {
          "start": {
            "line": 52,
            "column": 2
          },
          "end": {
            "line": 56,
            "column": 11
          }
        },
        "type": "if",
        "locations": [
          {
            "start": {
              "line": 52,
              "column": 2
            },
            "end": {
              "line": 56,
              "column": 11
            }
          },
          {
            "start": {},
            "end": {}
          }
        ],
        "line": 52
      },
      "2": {
        "loc": {
          "start": {
            "line": 57,
            "column": 2
          },
          "end": {
            "line": 63,
            "column": 3
          }
        },
        "type": "if",
        "locations": [
          {
            "start": {
              "line": 57,
              "column": 2
            },
            "end": {
              "line": 63,
              "column": 3
            }
          },
          {
            "start": {},
            "end": {}
          }
        ],
        "line": 57
      }
    },
    "s": {
      "0": 11,
      "1": 11,
      "2": 11,
      "3": 44,
      "4": 44,
      "5": 44,
      "6": 25,
      "7": 25,
      "8": 25,
      "9": 24,
      "10": 24,
      "11": 0,
      "12": 24,
      "13": 44,
      "14": 25,
      "15": 44,
      "16": 25,
      "17": 19,
      "18": 13,
      "19": 6,
      "20": 10
    },
    "f": {
      "0": 44,
      "1": 25,
      "2": 25,
      "3": 10
    },
    "b": {
      "0": [
        24,
        0
      ],
      "1": [
        25,
        19
      ],
      "2": [
        13,
        6
      ]
    },
    "inputSourceMap": {
      "version": 3,
      "sources": [
        "C:/Users/admin/Desktop/photographerWebsite/frontend/components/layouts/UserPhotosGallery.jsx"
      ],
      "mappings": "AA4DsB;AA5DtB,SAAS,UAAU,iBAAiB;AACpC,SAAS,oBAAoB;AAC7B,OAAO,YAAY;AAEnB,OAAO,eAAe;AAEtB,MAAM,YAAY,OAAO;AAAA;AAAA;AAAA;AAAA;AAMzB,MAAM,OAAO,OAAO;AAAA;AAAA;AAAA;AAAA;AAAA;AAAA;AAAA;AAAA;AAAA;AAAA;AAAA;AAAA;AAAA;AAAA;AAAA;AAAA;AAkBpB,MAAM,cAAc,OAAO;AAAA;AAAA;AAAA;AAO3B,wBAAwB,oBAAoB;AAC1C,QAAM,CAAC,QAAQ,SAAS,IAAI,SAAS,CAAC,CAAC;AACvC,QAAM,CAAC,SAAS,UAAU,IAAI,SAAS,IAAI;AAE3C,QAAM,aAAa,YAAY;AAC7B,QAAI;AACF,YAAM,QAAQ,aAAa,QAAQ,OAAO;AAC1C,YAAM,MAAM,MAAM,MAAM,qCAAqC;AAAA,QAC3D,SAAS,EAAE,eAAe,UAAU,KAAK,GAAG;AAAA,MAC9C,CAAC;AACD,YAAM,OAAO,MAAM,IAAI,KAAK;AAC5B,gBAAU,KAAK,UAAU,CAAC,CAAC;AAAA,IAC7B,SAAS,KAAK;AACZ,cAAQ,MAAM,GAAG;AAAA,IACnB,UAAE;AACA,iBAAW,KAAK;AAAA,IAClB;AAAA,EACF;AAEA,YAAU,MAAM;AACd,eAAW;AAAA,EACb,GAAG,CAAC,CAAC;AAEL,MAAI,QAAS,QAAO,uBAAC,eAAY,uCAAb;AAAA;AAAA;AAAA;AAAA,SAAoC;AAExD,MAAI,OAAO,WAAW,GAAG;AACvB,WACI,uBAAC,aAAU,mCAAX;AAAA;AAAA;AAAA;AAAA,WAA8B;AAAA,EAEpC;AAEA,SACE,uBAAC,aACC,iCAAC,QACE,iBAAO,IAAI,WACV;AAAA,IAAC;AAAA;AAAA,MAEC,KAAK,MAAM;AAAA,MACX,KAAI;AAAA;AAAA,IAFC,MAAM;AAAA,IADb;AAAA;AAAA;AAAA;AAAA;AAAA;AAAA;AAAA,EAIA,CACD,KAPH;AAAA;AAAA;AAAA;AAAA,SAQA,KATF;AAAA;AAAA;AAAA;AAAA,SAUA;AAEJ;",
      "names": []
    },
    "_coverageSchema": "1a1c01bbd47fc00a2c39e90264f33305004495a9",
    "hash": "412391b0b47ab9827b6afd08c5fd3f2ac129f7ea"
  },
  "C:/Users/admin/Desktop/photographerWebsite/frontend/pages/UserPage.jsx": {
    "path": "C:/Users/admin/Desktop/photographerWebsite/frontend/pages/UserPage.jsx",
    "statementMap": {
      "0": {
        "start": {
          "line": 10,
          "column": 28
        },
        "end": {
          "line": 10,
          "column": 37
        }
      },
      "1": {
        "start": {
          "line": 11,
          "column": 21
        },
        "end": {
          "line": 11,
          "column": 30
        }
      },
      "2": {
        "start": {
          "line": 12,
          "column": 19
        },
        "end": {
          "line": 12,
          "column": 32
        }
      },
      "3": {
        "start": {
          "line": 13,
          "column": 25
        },
        "end": {
          "line": 15,
          "column": 3
        }
      },
      "4": {
        "start": {
          "line": 14,
          "column": 4
        },
        "end": {
          "line": 14,
          "column": 56
        }
      },
      "5": {
        "start": {
          "line": 16,
          "column": 22
        },
        "end": {
          "line": 18,
          "column": 3
        }
      },
      "6": {
        "start": {
          "line": 17,
          "column": 4
        },
        "end": {
          "line": 17,
          "column": 13
        }
      },
      "7": {
        "start": {
          "line": 19,
          "column": 2
        },
        "end": {
          "line": 23,
          "column": 11
        }
      },
      "8": {
        "start": {
          "line": 19,
          "column": 15
        },
        "end": {
          "line": 23,
          "column": 11
        }
      },
      "9": {
        "start": {
          "line": 24,
          "column": 2
        },
        "end": {
          "line": 78,
          "column": 11
        }
      }
    },
    "fnMap": {
      "0": {
        "name": "UserPage",
        "decl": {
          "start": {
            "line": 9,
            "column": 9
          },
          "end": {
            "line": 9,
            "column": 17
          }
        },
        "loc": {
          "start": {
            "line": 9,
            "column": 20
          },
          "end": {
            "line": 79,
            "column": 1
          }
        },
        "line": 9
      },
      "1": {
        "name": "(anonymous_1)",
        "decl": {
          "start": {
            "line": 13,
            "column": 25
          },
          "end": {
            "line": 13,
            "column": 26
          }
        },
        "loc": {
          "start": {
            "line": 13,
            "column": 31
          },
          "end": {
            "line": 15,
            "column": 3
          }
        },
        "line": 13
      },
      "2": {
        "name": "(anonymous_2)",
        "decl": {
          "start": {
            "line": 16,
            "column": 22
          },
          "end": {
            "line": 16,
            "column": 23
          }
        },
        "loc": {
          "start": {
            "line": 16,
            "column": 28
          },
          "end": {
            "line": 18,
            "column": 3
          }
        },
        "line": 16
      }
    },
    "branchMap": {
      "0": {
        "loc": {
          "start": {
            "line": 19,
            "column": 2
          },
          "end": {
            "line": 23,
            "column": 11
          }
        },
        "type": "if",
        "locations": [
          {
            "start": {
              "line": 19,
              "column": 2
            },
            "end": {
              "line": 23,
              "column": 11
            }
          },
          {
            "start": {},
            "end": {}
          }
        ],
        "line": 19
      },
      "1": {
        "loc": {
          "start": {
            "line": 30,
            "column": 47
          },
          "end": {
            "line": 30,
            "column": 73
          }
        },
        "type": "binary-expr",
        "locations": [
          {
            "start": {
              "line": 30,
              "column": 47
            },
            "end": {
              "line": 30,
              "column": 61
            }
          },
          {
            "start": {
              "line": 30,
              "column": 65
            },
            "end": {
              "line": 30,
              "column": 73
            }
          }
        ],
        "line": 30
      },
      "2": {
        "loc": {
          "start": {
            "line": 35,
            "column": 4
          },
          "end": {
            "line": 73,
            "column": 12
          }
        },
        "type": "cond-expr",
        "locations": [
          {
            "start": {
              "line": 35,
              "column": 28
            },
            "end": {
              "line": 58,
              "column": 12
            }
          },
          {
            "start": {
              "line": 58,
              "column": 31
            },
            "end": {
              "line": 73,
              "column": 12
            }
          }
        ],
        "line": 35
      }
    },
    "s": {
      "0": 14,
      "1": 14,
      "2": 14,
      "3": 14,
      "4": 4,
      "5": 14,
      "6": 2,
      "7": 14,
      "8": 5,
      "9": 9
    },
    "f": {
      "0": 14,
      "1": 4,
      "2": 2
    },
    "b": {
      "0": [
        5,
        9
      ],
      "1": [
        9,
        4
      ],
      "2": [
        4,
        5
      ]
    },
    "inputSourceMap": {
      "version": 3,
      "sources": [
        "C:/Users/admin/Desktop/photographerWebsite/frontend/pages/UserPage.jsx"
      ],
      "mappings": "AAoBsB,SAgBd,UAhBc;AApBtB,SAAS,mBAAmB;AAC5B,OAAO,UAAU;AACjB,OAAO,gBAAgB;AACvB,OAAO,yBAAyB;AAChC,SAAS,eAAe;AACxB,OAAO,uBAAuB;AAC9B,OAAO,aAAa;AAEpB,SAAS,WAAW;AAClB,QAAM,EAAE,MAAM,QAAQ,IAAI,QAAQ;AAClC,QAAM,EAAE,OAAO,IAAI,QAAQ;AAC3B,QAAM,WAAW,YAAY;AAC7B,QAAM,iBAAiB,MAAM;AAC3B,aAAS,UAAU,EAAE,OAAO,EAAE,MAAM,WAAW,EAAE,CAAC;AAAA,EACpD;AAEA,QAAM,cAAc,MAAM;AACxB,WAAO;AAAA,EACT;AAEA,MAAI,QAAS,QAAO,uBAAC,SAAI,+BAAL;AAAA;AAAA;AAAA;AAAA,SAAoB;AAExC,SACE,mCACE;AAAA,2BAAC,QAAK,aAAY,cAAlB;AAAA;AAAA;AAAA;AAAA,WAA6B;AAAA,IAC7B,uBAAC,cAAW,MAAM,MAAM,YAAY,YAApC;AAAA;AAAA;AAAA;AAAA,WAA8C;AAAA,IAE7C,CAAC,OACA,uBAAC,uBACC;AAAA,6BAAC,WAAQ,sBAAT;AAAA;AAAA;AAAA;AAAA,aAAe;AAAA,MACf,uBAAC,OAAE;AAAA;AAAA,QACW,uBAAC,OAAE,SAAS,gBAAgB,mCAA5B;AAAA;AAAA;AAAA;AAAA,eAA+C;AAAA,QAAI;AAAA,WADjE;AAAA;AAAA;AAAA;AAAA,aAGA;AAAA,SALF;AAAA;AAAA;AAAA;AAAA,WAMA,IAEA,mCACI;AAAA,6BAAC,uBAAD;AAAA;AAAA;AAAA;AAAA,aAAmB;AAAA,MACnB,uBAAC,YAAO,SAAS,aAAa,qBAA9B;AAAA;AAAA;AAAA;AAAA,aAEA;AAAA,SAJJ;AAAA;AAAA;AAAA;AAAA,WAKA;AAAA,OAlBJ;AAAA;AAAA;AAAA;AAAA,SAoBA;AAEJ;AAEA,eAAe;",
      "names": []
    },
    "_coverageSchema": "1a1c01bbd47fc00a2c39e90264f33305004495a9",
    "hash": "33d1c5d04246d2759908ba7010a4a5e1cff6695e"
  }
}