{"C:/Users/admin/Desktop/photographerWebsite/frontend/components/Menu.jsx": {"path":"C:/Users/admin/Desktop/photographerWebsite/frontend/components/Menu.jsx","statementMap":{"0":{"start":{"line":7,"column":19},"end":{"line":7,"column":null}},"1":{"start":{"line":8,"column":38},"end":{"line":8,"column":null}},"2":{"start":{"line":10,"column":2},"end":{"line":49,"column":null}},"3":{"start":{"line":12,"column":35},"end":{"line":12,"column":63}},"4":{"start":{"line":18,"column":27},"end":{"line":18,"column":null}},"5":{"start":{"line":24,"column":27},"end":{"line":24,"column":null}},"6":{"start":{"line":30,"column":27},"end":{"line":30,"column":null}},"7":{"start":{"line":36,"column":27},"end":{"line":36,"column":null}},"8":{"start":{"line":42,"column":27},"end":{"line":42,"column":null}}},"fnMap":{"0":{"name":"Menu","decl":{"start":{"line":6,"column":9},"end":{"line":6,"column":14}},"loc":{"start":{"line":6,"column":31},"end":{"line":51,"column":null}}},"1":{"name":"(anonymous_1)","decl":{"start":{"line":12,"column":29},"end":{"line":12,"column":35}},"loc":{"start":{"line":12,"column":35},"end":{"line":12,"column":63}}},"2":{"name":"(anonymous_2)","decl":{"start":{"line":18,"column":21},"end":{"line":18,"column":27}},"loc":{"start":{"line":18,"column":27},"end":{"line":18,"column":null}}},"3":{"name":"(anonymous_3)","decl":{"start":{"line":24,"column":21},"end":{"line":24,"column":27}},"loc":{"start":{"line":24,"column":27},"end":{"line":24,"column":null}}},"4":{"name":"(anonymous_4)","decl":{"start":{"line":30,"column":21},"end":{"line":30,"column":27}},"loc":{"start":{"line":30,"column":27},"end":{"line":30,"column":null}}},"5":{"name":"(anonymous_5)","decl":{"start":{"line":36,"column":21},"end":{"line":36,"column":27}},"loc":{"start":{"line":36,"column":27},"end":{"line":36,"column":null}}},"6":{"name":"(anonymous_6)","decl":{"start":{"line":42,"column":21},"end":{"line":42,"column":27}},"loc":{"start":{"line":42,"column":27},"end":{"line":42,"column":null}}}},"branchMap":{"0":{"loc":{"start":{"line":14,"column":7},"end":{"line":47,"column":null}},"type":"binary-expr","locations":[{"start":{"line":14,"column":7},"end":{"line":14,"column":null}},{"start":{"line":15,"column":8},"end":{"line":47,"column":null}}]}},"s":{"0":192,"1":192,"2":192,"3":71,"4":2,"5":2,"6":2,"7":2,"8":2},"f":{"0":192,"1":71,"2":2,"3":2,"4":2,"5":2,"6":2},"b":{"0":[192,60]}}
,"C:/Users/admin/Desktop/photographerWebsite/frontend/components/Modal.jsx": {"path":"C:/Users/admin/Desktop/photographerWebsite/frontend/components/Modal.jsx","statementMap":{"0":{"start":{"line":3,"column":17},"end":{"line":3,"column":null}},"1":{"start":{"line":16,"column":17},"end":{"line":16,"column":null}},"2":{"start":{"line":24,"column":15},"end":{"line":24,"column":null}},"3":{"start":{"line":29,"column":2},"end":{"line":36,"column":null}}},"fnMap":{"0":{"name":"Modal","decl":{"start":{"line":28,"column":24},"end":{"line":28,"column":30}},"loc":{"start":{"line":28,"column":81},"end":{"line":38,"column":null}}}},"branchMap":{"0":{"loc":{"start":{"line":28,"column":39},"end":{"line":28,"column":68}},"type":"default-arg","locations":[{"start":{"line":28,"column":49},"end":{"line":28,"column":68}}]}},"s":{"0":90,"1":90,"2":90,"3":113},"f":{"0":113},"b":{"0":[36]}}
,"C:/Users/admin/Desktop/photographerWebsite/frontend/components/TitleTexts.jsx": {"path":"C:/Users/admin/Desktop/photographerWebsite/frontend/components/TitleTexts.jsx","statementMap":{"0":{"start":{"line":4,"column":4},"end":{"line":11,"column":null}}},"fnMap":{"0":{"name":"TitleTexts","decl":{"start":{"line":3,"column":9},"end":{"line":3,"column":20}},"loc":{"start":{"line":3,"column":30},"end":{"line":13,"column":null}}}},"branchMap":{},"s":{"0":96},"f":{"0":96},"b":{}}
,"C:/Users/admin/Desktop/photographerWebsite/frontend/components/Buttons/EnterButton.jsx": {"path":"C:/Users/admin/Desktop/photographerWebsite/frontend/components/Buttons/EnterButton.jsx","statementMap":{"0":{"start":{"line":4,"column":26},"end":{"line":4,"column":null}},"1":{"start":{"line":26,"column":20},"end":{"line":28,"column":null}},"2":{"start":{"line":27,"column":2},"end":{"line":27,"column":null}}},"fnMap":{"0":{"name":"(anonymous_0)","decl":{"start":{"line":26,"column":20},"end":{"line":26,"column":21}},"loc":{"start":{"line":26,"column":34},"end":{"line":28,"column":null}}}},"branchMap":{},"s":{"0":75,"1":75,"2":430},"f":{"0":430},"b":{}}
,"C:/Users/admin/Desktop/photographerWebsite/frontend/components/Buttons/MainPageButton.jsx": {"path":"C:/Users/admin/Desktop/photographerWebsite/frontend/components/Buttons/MainPageButton.jsx","statementMap":{"0":{"start":{"line":4,"column":19},"end":{"line":4,"column":null}},"1":{"start":{"line":24,"column":19},"end":{"line":26,"column":null}},"2":{"start":{"line":25,"column":2},"end":{"line":25,"column":null}}},"fnMap":{"0":{"name":"(anonymous_0)","decl":{"start":{"line":24,"column":19},"end":{"line":24,"column":20}},"loc":{"start":{"line":24,"column":42},"end":{"line":26,"column":null}}}},"branchMap":{},"s":{"0":23,"1":23,"2":72},"f":{"0":72},"b":{}}
,"C:/Users/admin/Desktop/photographerWebsite/frontend/components/Buttons/SocialButton.jsx": {"path":"C:/Users/admin/Desktop/photographerWebsite/frontend/components/Buttons/SocialButton.jsx","statementMap":{"0":{"start":{"line":4,"column":27},"end":{"line":4,"column":null}},"1":{"start":{"line":22,"column":21},"end":{"line":28,"column":null}},"2":{"start":{"line":23,"column":2},"end":{"line":26,"column":null}}},"fnMap":{"0":{"name":"(anonymous_0)","decl":{"start":{"line":22,"column":21},"end":{"line":22,"column":22}},"loc":{"start":{"line":22,"column":39},"end":{"line":28,"column":null}}}},"branchMap":{},"s":{"0":34,"1":34,"2":417},"f":{"0":417},"b":{}}
,"C:/Users/admin/Desktop/photographerWebsite/frontend/components/Images/AppImage.jsx": {"path":"C:/Users/admin/Desktop/photographerWebsite/frontend/components/Images/AppImage.jsx","statementMap":{"0":{"start":{"line":3,"column":16},"end":{"line":3,"column":null}},"1":{"start":{"line":9,"column":20},"end":{"line":9,"column":null}},"2":{"start":{"line":18,"column":17},"end":{"line":27,"column":null}},"3":{"start":{"line":19,"column":2},"end":{"line":27,"column":null}},"4":{"start":{"line":21,"column":6},"end":{"line":25,"column":null}}},"fnMap":{"0":{"name":"(anonymous_0)","decl":{"start":{"line":18,"column":17},"end":{"line":18,"column":18}},"loc":{"start":{"line":19,"column":2},"end":{"line":27,"column":null}}},"1":{"name":"(anonymous_1)","decl":{"start":{"line":20,"column":16},"end":{"line":20,"column":17}},"loc":{"start":{"line":21,"column":6},"end":{"line":25,"column":null}}}},"branchMap":{},"s":{"0":25,"1":25,"2":25,"3":29,"4":60},"f":{"0":29,"1":60},"b":{}}
,"C:/Users/admin/Desktop/photographerWebsite/frontend/components/Images/FilmFrame.jsx": {"path":"C:/Users/admin/Desktop/photographerWebsite/frontend/components/Images/FilmFrame.jsx","statementMap":{"0":{"start":{"line":4,"column":14},"end":{"line":4,"column":null}},"1":{"start":{"line":21,"column":18},"end":{"line":27,"column":null}},"2":{"start":{"line":22,"column":2},"end":{"line":25,"column":null}}},"fnMap":{"0":{"name":"(anonymous_0)","decl":{"start":{"line":21,"column":18},"end":{"line":21,"column":19}},"loc":{"start":{"line":21,"column":55},"end":{"line":27,"column":null}}}},"branchMap":{"0":{"loc":{"start":{"line":21,"column":26},"end":{"line":21,"column":49}},"type":"default-arg","locations":[{"start":{"line":21,"column":32},"end":{"line":21,"column":49}}]}},"s":{"0":15,"1":15,"2":34},"f":{"0":34},"b":{"0":[9]}}
,"C:/Users/admin/Desktop/photographerWebsite/frontend/components/Inputs/FileUpload.jsx": {"path":"C:/Users/admin/Desktop/photographerWebsite/frontend/components/Inputs/FileUpload.jsx","statementMap":{"0":{"start":{"line":4,"column":16},"end":{"line":4,"column":null}},"1":{"start":{"line":8,"column":14},"end":{"line":8,"column":null}},"2":{"start":{"line":15,"column":20},"end":{"line":15,"column":null}},"3":{"start":{"line":19,"column":19},"end":{"line":19,"column":null}},"4":{"start":{"line":35,"column":19},"end":{"line":58,"column":null}},"5":{"start":{"line":36,"column":27},"end":{"line":40,"column":null}},"6":{"start":{"line":37,"column":4},"end":{"line":39,"column":null}},"7":{"start":{"line":38,"column":6},"end":{"line":38,"column":null}},"8":{"start":{"line":42,"column":2},"end":{"line":56,"column":null}}},"fnMap":{"0":{"name":"(anonymous_0)","decl":{"start":{"line":35,"column":30},"end":{"line":35,"column":31}},"loc":{"start":{"line":35,"column":70},"end":{"line":58,"column":1}}},"1":{"name":"(anonymous_1)","decl":{"start":{"line":36,"column":27},"end":{"line":36,"column":28}},"loc":{"start":{"line":36,"column":34},"end":{"line":40,"column":null}}}},"branchMap":{"0":{"loc":{"start":{"line":37,"column":4},"end":{"line":39,"column":null}},"type":"if","locations":[{"start":{"line":37,"column":4},"end":{"line":39,"column":null}}]}},"s":{"0":45,"1":45,"2":45,"3":45,"4":45,"5":226,"6":39,"7":39,"8":226},"f":{"0":226,"1":39},"b":{"0":[39]}}
,"C:/Users/admin/Desktop/photographerWebsite/frontend/components/Inputs/InputField.jsx": {"path":"C:/Users/admin/Desktop/photographerWebsite/frontend/components/Inputs/InputField.jsx","statementMap":{"0":{"start":{"line":4,"column":21},"end":{"line":4,"column":null}},"1":{"start":{"line":8,"column":14},"end":{"line":8,"column":null}},"2":{"start":{"line":16,"column":23},"end":{"line":16,"column":null}},"3":{"start":{"line":36,"column":19},"end":{"line":43,"column":null}},"4":{"start":{"line":37,"column":2},"end":{"line":41,"column":null}}},"fnMap":{"0":{"name":"(anonymous_0)","decl":{"start":{"line":36,"column":19},"end":{"line":36,"column":20}},"loc":{"start":{"line":36,"column":57},"end":{"line":43,"column":null}}}},"branchMap":{"0":{"loc":{"start":{"line":39,"column":7},"end":{"line":39,"column":null}},"type":"binary-expr","locations":[{"start":{"line":39,"column":7},"end":{"line":39,"column":16}},{"start":{"line":39,"column":16},"end":{"line":39,"column":null}}]},"1":{"loc":{"start":{"line":40,"column":35},"end":{"line":40,"column":58}},"type":"binary-expr","locations":[{"start":{"line":40,"column":35},"end":{"line":40,"column":50}},{"start":{"line":40,"column":50},"end":{"line":40,"column":58}}]}},"s":{"0":75,"1":75,"2":75,"3":75,"4":1776},"f":{"0":1776},"b":{"0":[1776,1776],"1":[1776,221]}}
,"C:/Users/admin/Desktop/photographerWebsite/frontend/components/Inputs/RadioButton.jsx": {"path":"C:/Users/admin/Desktop/photographerWebsite/frontend/components/Inputs/RadioButton.jsx","statementMap":{"0":{"start":{"line":4,"column":20},"end":{"line":4,"column":null}},"1":{"start":{"line":9,"column":2},"end":{"line":4,"column":20}},"2":{"start":{"line":11,"column":20},"end":{"line":35,"column":null}},"3":{"start":{"line":39,"column":2},"end":{"line":11,"column":20}},"4":{"start":{"line":41,"column":20},"end":{"line":53,"column":2}},"5":{"start":{"line":42,"column":2},"end":{"line":51,"column":null}},"6":{"start":{"line":53,"column":2},"end":{"line":41,"column":20}},"7":{"start":{"line":55,"column":27},"end":{"line":55,"column":null}},"8":{"start":{"line":4,"column":6},"end":{"line":35,"column":null}},"9":{"start":{"line":35,"column":15},"end":{"line":43,"column":5}},"10":{"start":{"line":39,"column":2},"end":{"line":43,"column":5}}},"fnMap":{"0":{"name":"(anonymous_0)","decl":{"start":{"line":41,"column":20},"end":{"line":41,"column":21}},"loc":{"start":{"line":41,"column":67},"end":{"line":53,"column":2}}},"1":{"name":"(anonymous_0)","decl":{"start":{"line":35,"column":15},"end":{"line":35,"column":null}},"loc":{"start":{"line":35,"column":15},"end":{"line":43,"column":5}}}},"branchMap":{},"s":{"0":12,"1":6,"2":6,"3":12,"4":6,"5":20,"6":6,"7":18,"8":6,"9":6,"10":20},"f":{"0":20,"1":20},"b":{}}
,"C:/Users/admin/Desktop/photographerWebsite/frontend/components/Inputs/TextareaField.jsx": {"path":"C:/Users/admin/Desktop/photographerWebsite/frontend/components/Inputs/TextareaField.jsx","statementMap":{"0":{"start":{"line":3,"column":16},"end":{"line":3,"column":null}},"1":{"start":{"line":7,"column":14},"end":{"line":7,"column":null}},"2":{"start":{"line":14,"column":23},"end":{"line":14,"column":null}},"3":{"start":{"line":33,"column":22},"end":{"line":37,"column":null}},"4":{"start":{"line":34,"column":2},"end":{"line":37,"column":null}}},"fnMap":{"0":{"name":"(anonymous_0)","decl":{"start":{"line":33,"column":22},"end":{"line":33,"column":23}},"loc":{"start":{"line":34,"column":2},"end":{"line":37,"column":null}}}},"branchMap":{},"s":{"0":45,"1":45,"2":45,"3":45,"4":226},"f":{"0":226},"b":{}}
,"C:/Users/admin/Desktop/photographerWebsite/frontend/components/layouts/AppsSection.jsx": {"path":"C:/Users/admin/Desktop/photographerWebsite/frontend/components/layouts/AppsSection.jsx","statementMap":{"0":{"start":{"line":5,"column":23},"end":{"line":5,"column":null}},"1":{"start":{"line":13,"column":20},"end":{"line":17,"column":null}},"2":{"start":{"line":14,"column":2},"end":{"line":17,"column":null}}},"fnMap":{"0":{"name":"(anonymous_0)","decl":{"start":{"line":13,"column":20},"end":{"line":13,"column":21}},"loc":{"start":{"line":14,"column":2},"end":{"line":17,"column":null}}}},"branchMap":{},"s":{"0":20,"1":20,"2":15},"f":{"0":15},"b":{}}
,"C:/Users/admin/Desktop/photographerWebsite/frontend/components/layouts/FormSection.jsx": {"path":"C:/Users/admin/Desktop/photographerWebsite/frontend/components/layouts/FormSection.jsx","statementMap":{"0":{"start":{"line":3,"column":20},"end":{"line":3,"column":null}}},"fnMap":{},"branchMap":{},"s":{"0":23},"f":{},"b":{}}
,"C:/Users/admin/Desktop/photographerWebsite/frontend/components/layouts/HorizontalGallery.jsx": {"path":"C:/Users/admin/Desktop/photographerWebsite/frontend/components/layouts/HorizontalGallery.jsx","statementMap":{"0":{"start":{"line":6,"column":23},"end":{"line":6,"column":null}},"1":{"start":{"line":31,"column":28},"end":{"line":31,"column":null}},"2":{"start":{"line":44,"column":33},"end":{"line":65,"column":null}},"3":{"start":{"line":46,"column":35},"end":{"line":46,"column":null}},"4":{"start":{"line":48,"column":2},"end":{"line":48,"column":null}},"5":{"start":{"line":48,"column":15},"end":{"line":48,"column":null}},"6":{"start":{"line":49,"column":2},"end":{"line":49,"column":null}},"7":{"start":{"line":49,"column":13},"end":{"line":49,"column":null}},"8":{"start":{"line":51,"column":17},"end":{"line":51,"column":null}},"9":{"start":{"line":54,"column":2},"end":{"line":63,"column":null}},"10":{"start":{"line":57,"column":8},"end":{"line":61,"column":null}}},"fnMap":{"0":{"name":"(anonymous_0)","decl":{"start":{"line":44,"column":33},"end":{"line":44,"column":34}},"loc":{"start":{"line":44,"column":52},"end":{"line":65,"column":null}}},"1":{"name":"(anonymous_1)","decl":{"start":{"line":56,"column":18},"end":{"line":56,"column":19}},"loc":{"start":{"line":57,"column":8},"end":{"line":61,"column":null}}}},"branchMap":{"0":{"loc":{"start":{"line":48,"column":2},"end":{"line":48,"column":null}},"type":"if","locations":[{"start":{"line":48,"column":2},"end":{"line":48,"column":null}}]},"1":{"loc":{"start":{"line":49,"column":2},"end":{"line":49,"column":null}},"type":"if","locations":[{"start":{"line":49,"column":2},"end":{"line":49,"column":null}}]}},"s":{"0":18,"1":18,"2":18,"3":35,"4":35,"5":20,"6":15,"7":4,"8":11,"9":11,"10":17},"f":{"0":35,"1":17},"b":{"0":[20],"1":[4]}}
,"C:/Users/admin/Desktop/photographerWebsite/frontend/components/layouts/MainPageButtonsContainer.jsx": {"path":"C:/Users/admin/Desktop/photographerWebsite/frontend/components/layouts/MainPageButtonsContainer.jsx","statementMap":{"0":{"start":{"line":3,"column":31},"end":{"line":3,"column":null}}},"fnMap":{},"branchMap":{},"s":{"0":10},"f":{},"b":{}}
,"C:/Users/admin/Desktop/photographerWebsite/frontend/components/layouts/PhotoGallery.jsx": {"path":"C:/Users/admin/Desktop/photographerWebsite/frontend/components/layouts/PhotoGallery.jsx","statementMap":{"0":{"start":{"line":3,"column":25},"end":{"line":3,"column":null}},"1":{"start":{"line":10,"column":17},"end":{"line":10,"column":null}},"2":{"start":{"line":20,"column":19},"end":{"line":20,"column":null}},"3":{"start":{"line":30,"column":24},"end":{"line":30,"column":null}},"4":{"start":{"line":37,"column":28},"end":{"line":48,"column":null}},"5":{"start":{"line":38,"column":2},"end":{"line":46,"column":null}},"6":{"start":{"line":43,"column":10},"end":{"line":43,"column":null}}},"fnMap":{"0":{"name":"(anonymous_0)","decl":{"start":{"line":37,"column":28},"end":{"line":37,"column":29}},"loc":{"start":{"line":37,"column":55},"end":{"line":48,"column":null}}},"1":{"name":"(anonymous_1)","decl":{"start":{"line":42,"column":23},"end":{"line":42,"column":24}},"loc":{"start":{"line":43,"column":10},"end":{"line":43,"column":null}}}},"branchMap":{},"s":{"0":21,"1":21,"2":21,"3":21,"4":21,"5":20,"6":26},"f":{"0":20,"1":26},"b":{}}
,"C:/Users/admin/Desktop/photographerWebsite/frontend/components/layouts/UserPhotosGallery.jsx": {"path":"C:/Users/admin/Desktop/photographerWebsite/frontend/components/layouts/UserPhotosGallery.jsx","statementMap":{"0":{"start":{"line":7,"column":18},"end":{"line":7,"column":null}},"1":{"start":{"line":13,"column":13},"end":{"line":13,"column":null}},"2":{"start":{"line":31,"column":20},"end":{"line":31,"column":null}},"3":{"start":{"line":39,"column":30},"end":{"line":39,"column":null}},"4":{"start":{"line":40,"column":32},"end":{"line":40,"column":null}},"5":{"start":{"line":42,"column":21},"end":{"line":55,"column":null}},"6":{"start":{"line":43,"column":4},"end":{"line":54,"column":null}},"7":{"start":{"line":44,"column":20},"end":{"line":44,"column":null}},"8":{"start":{"line":45,"column":18},"end":{"line":47,"column":null}},"9":{"start":{"line":48,"column":19},"end":{"line":48,"column":null}},"10":{"start":{"line":49,"column":6},"end":{"line":49,"column":null}},"11":{"start":{"line":51,"column":6},"end":{"line":51,"column":null}},"12":{"start":{"line":53,"column":6},"end":{"line":53,"column":null}},"13":{"start":{"line":57,"column":2},"end":{"line":59,"column":null}},"14":{"start":{"line":58,"column":4},"end":{"line":58,"column":null}},"15":{"start":{"line":61,"column":2},"end":{"line":61,"column":null}},"16":{"start":{"line":61,"column":15},"end":{"line":61,"column":null}},"17":{"start":{"line":63,"column":2},"end":{"line":67,"column":null}},"18":{"start":{"line":64,"column":4},"end":{"line":65,"column":null}},"19":{"start":{"line":69,"column":2},"end":{"line":80,"column":null}},"20":{"start":{"line":73,"column":10},"end":{"line":77,"column":null}}},"fnMap":{"0":{"name":"UserPhotosGallery","decl":{"start":{"line":38,"column":24},"end":{"line":38,"column":44}},"loc":{"start":{"line":38,"column":44},"end":{"line":82,"column":null}}},"1":{"name":"(anonymous_1)","decl":{"start":{"line":42,"column":21},"end":{"line":42,"column":33}},"loc":{"start":{"line":42,"column":33},"end":{"line":55,"column":null}}},"2":{"name":"(anonymous_2)","decl":{"start":{"line":57,"column":12},"end":{"line":57,"column":18}},"loc":{"start":{"line":57,"column":18},"end":{"line":59,"column":5}}},"3":{"name":"(anonymous_3)","decl":{"start":{"line":72,"column":20},"end":{"line":72,"column":null}},"loc":{"start":{"line":73,"column":10},"end":{"line":77,"column":null}}}},"branchMap":{"0":{"loc":{"start":{"line":49,"column":16},"end":{"line":49,"column":33}},"type":"binary-expr","locations":[{"start":{"line":49,"column":16},"end":{"line":49,"column":31}},{"start":{"line":49,"column":31},"end":{"line":49,"column":33}}]},"1":{"loc":{"start":{"line":61,"column":2},"end":{"line":61,"column":null}},"type":"if","locations":[{"start":{"line":61,"column":2},"end":{"line":61,"column":null}}]},"2":{"loc":{"start":{"line":63,"column":2},"end":{"line":67,"column":null}},"type":"if","locations":[{"start":{"line":63,"column":2},"end":{"line":67,"column":null}}]}},"s":{"0":11,"1":11,"2":11,"3":44,"4":44,"5":44,"6":25,"7":25,"8":25,"9":24,"10":24,"11":0,"12":24,"13":44,"14":25,"15":44,"16":25,"17":19,"18":13,"19":6,"20":10},"f":{"0":44,"1":25,"2":25,"3":10},"b":{"0":[24,0],"1":[25],"2":[13]}}
,"C:/Users/admin/Desktop/photographerWebsite/frontend/components/styles/Menu.styled.jsx": {"path":"C:/Users/admin/Desktop/photographerWebsite/frontend/components/styles/Menu.styled.jsx","statementMap":{"0":{"start":{"line":3,"column":29},"end":{"line":3,"column":null}},"1":{"start":{"line":30,"column":28},"end":{"line":30,"column":null}},"2":{"start":{"line":41,"column":26},"end":{"line":50,"column":null}},"3":{"start":{"line":42,"column":20},"end":{"line":42,"column":67}},"4":{"start":{"line":50,"column":25},"end":{"line":50,"column":61}}},"fnMap":{"0":{"name":"(anonymous_0)","decl":{"start":{"line":42,"column":11},"end":{"line":42,"column":20}},"loc":{"start":{"line":42,"column":20},"end":{"line":42,"column":67}}},"1":{"name":"(anonymous_1)","decl":{"start":{"line":50,"column":16},"end":{"line":50,"column":25}},"loc":{"start":{"line":50,"column":25},"end":{"line":50,"column":61}}}},"branchMap":{"0":{"loc":{"start":{"line":42,"column":20},"end":{"line":42,"column":67}},"type":"cond-expr","locations":[{"start":{"line":42,"column":37},"end":{"line":42,"column":46}},{"start":{"line":42,"column":46},"end":{"line":42,"column":67}}]},"1":{"loc":{"start":{"line":50,"column":25},"end":{"line":50,"column":61}},"type":"cond-expr","locations":[{"start":{"line":50,"column":42},"end":{"line":50,"column":53}},{"start":{"line":50,"column":53},"end":{"line":50,"column":61}}]}},"s":{"0":64,"1":64,"2":64,"3":300,"4":300},"f":{"0":300,"1":300},"b":{"0":[60,240],"1":[60,240]}}
,"C:/Users/admin/Desktop/photographerWebsite/frontend/components/styles/TitleTexts.styled.jsx": {"path":"C:/Users/admin/Desktop/photographerWebsite/frontend/components/styles/TitleTexts.styled.jsx","statementMap":{"0":{"start":{"line":4,"column":30},"end":{"line":4,"column":null}},"1":{"start":{"line":24,"column":28},"end":{"line":33,"column":null}},"2":{"start":{"line":33,"column":22},"end":{"line":33,"column":40}},"3":{"start":{"line":50,"column":25},"end":{"line":50,"column":null}}},"fnMap":{"0":{"name":"(anonymous_0)","decl":{"start":{"line":33,"column":13},"end":{"line":33,"column":22}},"loc":{"start":{"line":33,"column":22},"end":{"line":33,"column":40}}}},"branchMap":{"0":{"loc":{"start":{"line":33,"column":22},"end":{"line":33,"column":40}},"type":"binary-expr","locations":[{"start":{"line":33,"column":22},"end":{"line":33,"column":39}},{"start":{"line":33,"column":39},"end":{"line":33,"column":40}}]}},"s":{"0":68,"1":68,"2":480,"3":68},"f":{"0":480},"b":{"0":[480,96]}}
,"C:/Users/admin/Desktop/photographerWebsite/frontend/components/typography/ErrorMessage.jsx": {"path":"C:/Users/admin/Desktop/photographerWebsite/frontend/components/typography/ErrorMessage.jsx","statementMap":{"0":{"start":{"line":3,"column":21},"end":{"line":3,"column":null}}},"fnMap":{},"branchMap":{},"s":{"0":70},"f":{},"b":{}}
,"C:/Users/admin/Desktop/photographerWebsite/frontend/components/typography/Heading.jsx": {"path":"C:/Users/admin/Desktop/photographerWebsite/frontend/components/typography/Heading.jsx","statementMap":{"0":{"start":{"line":3,"column":16},"end":{"line":3,"column":null}}},"fnMap":{},"branchMap":{},"s":{"0":23},"f":{},"b":{}}
,"C:/Users/admin/Desktop/photographerWebsite/frontend/components/typography/OrderedList.jsx": {"path":"C:/Users/admin/Desktop/photographerWebsite/frontend/components/typography/OrderedList.jsx","statementMap":{"0":{"start":{"line":3,"column":13},"end":{"line":3,"column":null}},"1":{"start":{"line":23,"column":20},"end":{"line":23,"column":null}},"2":{"start":{"line":23,"column":38},"end":{"line":23,"column":null}}},"fnMap":{"0":{"name":"(anonymous_0)","decl":{"start":{"line":23,"column":20},"end":{"line":23,"column":21}},"loc":{"start":{"line":23,"column":38},"end":{"line":23,"column":null}}}},"branchMap":{},"s":{"0":15,"1":15,"2":24},"f":{"0":24},"b":{}}
,"C:/Users/admin/Desktop/photographerWebsite/frontend/components/typography/Paragraph.jsx": {"path":"C:/Users/admin/Desktop/photographerWebsite/frontend/components/typography/Paragraph.jsx","statementMap":{"0":{"start":{"line":3,"column":18},"end":{"line":3,"column":null}}},"fnMap":{},"branchMap":{},"s":{"0":49},"f":{},"b":{}}
,"C:/Users/admin/Desktop/photographerWebsite/frontend/components/typography/UnauthorizedMessage.jsx": {"path":"C:/Users/admin/Desktop/photographerWebsite/frontend/components/typography/UnauthorizedMessage.jsx","statementMap":{"0":{"start":{"line":3,"column":28},"end":{"line":3,"column":null}}},"fnMap":{},"branchMap":{},"s":{"0":15},"f":{},"b":{}}
,"C:/Users/admin/Desktop/photographerWebsite/frontend/forms/AuthForm.jsx": {"path":"C:/Users/admin/Desktop/photographerWebsite/frontend/forms/AuthForm.jsx","statementMap":{"0":{"start":{"line":14,"column":17},"end":{"line":168,"column":null}},"1":{"start":{"line":15,"column":19},"end":{"line":15,"column":null}},"2":{"start":{"line":16,"column":36},"end":{"line":16,"column":null}},"3":{"start":{"line":17,"column":36},"end":{"line":17,"column":null}},"4":{"start":{"line":18,"column":20},"end":{"line":18,"column":null}},"5":{"start":{"line":19,"column":36},"end":{"line":22,"column":null}},"6":{"start":{"line":23,"column":39},"end":{"line":23,"column":null}},"7":{"start":{"line":25,"column":15},"end":{"line":25,"column":null}},"8":{"start":{"line":26,"column":16},"end":{"line":26,"column":null}},"9":{"start":{"line":27,"column":19},"end":{"line":27,"column":null}},"10":{"start":{"line":29,"column":22},"end":{"line":29,"column":null}},"11":{"start":{"line":31,"column":25},"end":{"line":34,"column":null}},"12":{"start":{"line":32,"column":4},"end":{"line":32,"column":null}},"13":{"start":{"line":33,"column":4},"end":{"line":33,"column":null}},"14":{"start":{"line":36,"column":25},"end":{"line":38,"column":null}},"15":{"start":{"line":37,"column":4},"end":{"line":37,"column":null}},"16":{"start":{"line":40,"column":23},"end":{"line":99,"column":null}},"17":{"start":{"line":41,"column":4},"end":{"line":41,"column":null}},"18":{"start":{"line":42,"column":4},"end":{"line":42,"column":null}},"19":{"start":{"line":44,"column":21},"end":{"line":44,"column":null}},"20":{"start":{"line":45,"column":22},"end":{"line":45,"column":null}},"21":{"start":{"line":46,"column":25},"end":{"line":46,"column":null}},"22":{"start":{"line":48,"column":4},"end":{"line":48,"column":null}},"23":{"start":{"line":48,"column":42},"end":{"line":48,"column":null}},"24":{"start":{"line":49,"column":4},"end":{"line":49,"column":null}},"25":{"start":{"line":49,"column":34},"end":{"line":49,"column":null}},"26":{"start":{"line":50,"column":4},"end":{"line":50,"column":null}},"27":{"start":{"line":50,"column":33},"end":{"line":50,"column":null}},"28":{"start":{"line":52,"column":4},"end":{"line":98,"column":null}},"29":{"start":{"line":53,"column":6},"end":{"line":71,"column":null}},"30":{"start":{"line":54,"column":23},"end":{"line":57,"column":null}},"31":{"start":{"line":58,"column":8},"end":{"line":58,"column":null}},"32":{"start":{"line":59,"column":8},"end":{"line":59,"column":null}},"33":{"start":{"line":60,"column":8},"end":{"line":60,"column":null}},"34":{"start":{"line":62,"column":23},"end":{"line":66,"column":null}},"35":{"start":{"line":68,"column":8},"end":{"line":68,"column":null}},"36":{"start":{"line":69,"column":8},"end":{"line":69,"column":null}},"37":{"start":{"line":70,"column":8},"end":{"line":70,"column":null}},"38":{"start":{"line":73,"column":6},"end":{"line":73,"column":null}},"39":{"start":{"line":74,"column":6},"end":{"line":97,"column":null}},"40":{"start":{"line":78,"column":8},"end":{"line":81,"column":null}},"41":{"start":{"line":82,"column":6},"end":{"line":97,"column":null}},"42":{"start":{"line":83,"column":8},"end":{"line":86,"column":null}},"43":{"start":{"line":87,"column":6},"end":{"line":97,"column":null}},"44":{"start":{"line":91,"column":8},"end":{"line":94,"column":null}},"45":{"start":{"line":96,"column":8},"end":{"line":96,"column":null}},"46":{"start":{"line":101,"column":2},"end":{"line":166,"column":null}}},"fnMap":{"0":{"name":"(anonymous_0)","decl":{"start":{"line":14,"column":17},"end":{"line":14,"column":18}},"loc":{"start":{"line":14,"column":31},"end":{"line":168,"column":null}}},"1":{"name":"(anonymous_1)","decl":{"start":{"line":31,"column":25},"end":{"line":31,"column":26}},"loc":{"start":{"line":31,"column":45},"end":{"line":34,"column":null}}},"2":{"name":"(anonymous_2)","decl":{"start":{"line":36,"column":25},"end":{"line":36,"column":31}},"loc":{"start":{"line":36,"column":31},"end":{"line":38,"column":null}}},"3":{"name":"(anonymous_3)","decl":{"start":{"line":40,"column":23},"end":{"line":40,"column":30}},"loc":{"start":{"line":40,"column":40},"end":{"line":99,"column":null}}}},"branchMap":{"0":{"loc":{"start":{"line":44,"column":21},"end":{"line":44,"column":null}},"type":"binary-expr","locations":[{"start":{"line":44,"column":21},"end":{"line":44,"column":45}},{"start":{"line":44,"column":45},"end":{"line":44,"column":null}}]},"1":{"loc":{"start":{"line":48,"column":4},"end":{"line":48,"column":null}},"type":"if","locations":[{"start":{"line":48,"column":4},"end":{"line":48,"column":null}}]},"2":{"loc":{"start":{"line":48,"column":8},"end":{"line":48,"column":42}},"type":"binary-expr","locations":[{"start":{"line":48,"column":8},"end":{"line":48,"column":24}},{"start":{"line":48,"column":24},"end":{"line":48,"column":42}}]},"3":{"loc":{"start":{"line":49,"column":4},"end":{"line":49,"column":null}},"type":"if","locations":[{"start":{"line":49,"column":4},"end":{"line":49,"column":null}}]},"4":{"loc":{"start":{"line":50,"column":4},"end":{"line":50,"column":null}},"type":"if","locations":[{"start":{"line":50,"column":4},"end":{"line":50,"column":null}}]},"5":{"loc":{"start":{"line":53,"column":6},"end":{"line":71,"column":null}},"type":"if","locations":[{"start":{"line":53,"column":6},"end":{"line":71,"column":null}},{"start":{"line":61,"column":13},"end":{"line":71,"column":null}}]},"6":{"loc":{"start":{"line":74,"column":6},"end":{"line":97,"column":null}},"type":"if","locations":[{"start":{"line":74,"column":6},"end":{"line":97,"column":null}},{"start":{"line":82,"column":6},"end":{"line":97,"column":null}}]},"7":{"loc":{"start":{"line":75,"column":8},"end":{"line":76,"column":null}},"type":"binary-expr","locations":[{"start":{"line":75,"column":8},"end":{"line":75,"column":null}},{"start":{"line":76,"column":8},"end":{"line":76,"column":null}}]},"8":{"loc":{"start":{"line":82,"column":6},"end":{"line":97,"column":null}},"type":"if","locations":[{"start":{"line":82,"column":6},"end":{"line":97,"column":null}},{"start":{"line":87,"column":6},"end":{"line":97,"column":null}}]},"9":{"loc":{"start":{"line":87,"column":6},"end":{"line":97,"column":null}},"type":"if","locations":[{"start":{"line":87,"column":6},"end":{"line":97,"column":null}},{"start":{"line":95,"column":13},"end":{"line":97,"column":null}}]},"10":{"loc":{"start":{"line":88,"column":8},"end":{"line":89,"column":null}},"type":"binary-expr","locations":[{"start":{"line":88,"column":8},"end":{"line":88,"column":null}},{"start":{"line":89,"column":8},"end":{"line":89,"column":null}}]},"11":{"loc":{"start":{"line":104,"column":9},"end":{"line":115,"column":null}},"type":"binary-expr","locations":[{"start":{"line":104,"column":9},"end":{"line":104,"column":null}},{"start":{"line":105,"column":10},"end":{"line":115,"column":null}}]},"12":{"loc":{"start":{"line":112,"column":13},"end":{"line":113,"column":null}},"type":"binary-expr","locations":[{"start":{"line":112,"column":13},"end":{"line":112,"column":26}},{"start":{"line":112,"column":26},"end":{"line":112,"column":null}},{"start":{"line":113,"column":14},"end":{"line":113,"column":null}}]},"13":{"loc":{"start":{"line":126,"column":11},"end":{"line":127,"column":null}},"type":"binary-expr","locations":[{"start":{"line":126,"column":11},"end":{"line":126,"column":24}},{"start":{"line":126,"column":24},"end":{"line":126,"column":null}},{"start":{"line":127,"column":12},"end":{"line":127,"column":null}}]},"14":{"loc":{"start":{"line":139,"column":11},"end":{"line":140,"column":null}},"type":"binary-expr","locations":[{"start":{"line":139,"column":11},"end":{"line":139,"column":24}},{"start":{"line":139,"column":24},"end":{"line":139,"column":null}},{"start":{"line":140,"column":12},"end":{"line":140,"column":null}}]},"15":{"loc":{"start":{"line":143,"column":9},"end":{"line":143,"column":null}},"type":"binary-expr","locations":[{"start":{"line":143,"column":9},"end":{"line":143,"column":18}},{"start":{"line":143,"column":18},"end":{"line":143,"column":32}},{"start":{"line":143,"column":32},"end":{"line":143,"column":null}}]},"16":{"loc":{"start":{"line":146,"column":16},"end":{"line":146,"column":null}},"type":"cond-expr","locations":[{"start":{"line":146,"column":30},"end":{"line":146,"column":41}},{"start":{"line":146,"column":41},"end":{"line":146,"column":null}}]},"17":{"loc":{"start":{"line":154,"column":20},"end":{"line":154,"column":null}},"type":"cond-expr","locations":[{"start":{"line":154,"column":34},"end":{"line":154,"column":55}},{"start":{"line":154,"column":55},"end":{"line":154,"column":null}}]},"18":{"loc":{"start":{"line":155,"column":22},"end":{"line":155,"column":null}},"type":"cond-expr","locations":[{"start":{"line":155,"column":36},"end":{"line":155,"column":48}},{"start":{"line":155,"column":48},"end":{"line":155,"column":null}}]},"19":{"loc":{"start":{"line":156,"column":14},"end":{"line":156,"column":null}},"type":"cond-expr","locations":[{"start":{"line":156,"column":28},"end":{"line":156,"column":40}},{"start":{"line":156,"column":40},"end":{"line":156,"column":null}}]},"20":{"loc":{"start":{"line":159,"column":7},"end":{"line":164,"column":null}},"type":"binary-expr","locations":[{"start":{"line":159,"column":7},"end":{"line":159,"column":null}},{"start":{"line":160,"column":8},"end":{"line":164,"column":null}}]}},"s":{"0":30,"1":205,"2":205,"3":205,"4":205,"5":205,"6":205,"7":205,"8":205,"9":205,"10":205,"11":205,"12":9,"13":9,"14":205,"15":9,"16":205,"17":42,"18":42,"19":42,"20":42,"21":42,"22":42,"23":15,"24":27,"25":0,"26":27,"27":0,"28":27,"29":27,"30":21,"31":12,"32":12,"33":12,"34":6,"35":6,"36":6,"37":6,"38":9,"39":9,"40":9,"41":0,"42":0,"43":0,"44":0,"45":0,"46":205},"f":{"0":205,"1":9,"2":9,"3":42},"b":{"0":[42,36],"1":[15],"2":[42,21],"3":[0],"4":[0],"5":[21,6],"6":[9,0],"7":[9,0],"8":[0,0],"9":[0,0],"10":[0,0],"11":[205,82],"12":[82,33,15],"13":[205,96,15],"14":[205,96,15],"15":[205,18,9],"16":[123,82],"17":[123,82],"18":[123,82],"19":[123,82],"20":[205,9]}}
,"C:/Users/admin/Desktop/photographerWebsite/frontend/forms/AuthSwithLinks.jsx": {"path":"C:/Users/admin/Desktop/photographerWebsite/frontend/forms/AuthSwithLinks.jsx","statementMap":{"0":{"start":{"line":4,"column":19},"end":{"line":4,"column":null}},"1":{"start":{"line":17,"column":23},"end":{"line":23,"column":null}},"2":{"start":{"line":18,"column":2},"end":{"line":23,"column":null}}},"fnMap":{"0":{"name":"(anonymous_0)","decl":{"start":{"line":17,"column":23},"end":{"line":17,"column":24}},"loc":{"start":{"line":18,"column":2},"end":{"line":23,"column":null}}}},"branchMap":{},"s":{"0":42,"1":42,"2":231},"f":{"0":231},"b":{}}
,"C:/Users/admin/Desktop/photographerWebsite/frontend/forms/BookingForm.jsx": {"path":"C:/Users/admin/Desktop/photographerWebsite/frontend/forms/BookingForm.jsx","statementMap":{"0":{"start":{"line":11,"column":20},"end":{"line":201,"column":null}},"1":{"start":{"line":12,"column":36},"end":{"line":12,"column":null}},"2":{"start":{"line":13,"column":36},"end":{"line":13,"column":null}},"3":{"start":{"line":14,"column":44},"end":{"line":14,"column":null}},"4":{"start":{"line":15,"column":36},"end":{"line":18,"column":null}},"5":{"start":{"line":19,"column":43},"end":{"line":19,"column":null}},"6":{"start":{"line":21,"column":15},"end":{"line":21,"column":null}},"7":{"start":{"line":22,"column":16},"end":{"line":22,"column":null}},"8":{"start":{"line":23,"column":16},"end":{"line":23,"column":null}},"9":{"start":{"line":24,"column":20},"end":{"line":24,"column":null}},"10":{"start":{"line":25,"column":17},"end":{"line":25,"column":null}},"11":{"start":{"line":26,"column":19},"end":{"line":26,"column":null}},"12":{"start":{"line":27,"column":21},"end":{"line":27,"column":null}},"13":{"start":{"line":28,"column":17},"end":{"line":28,"column":null}},"14":{"start":{"line":30,"column":27},"end":{"line":34,"column":null}},"15":{"start":{"line":31,"column":18},"end":{"line":31,"column":null}},"16":{"start":{"line":32,"column":22},"end":{"line":32,"column":null}},"17":{"start":{"line":33,"column":4},"end":{"line":33,"column":null}},"18":{"start":{"line":36,"column":25},"end":{"line":39,"column":null}},"19":{"start":{"line":37,"column":4},"end":{"line":37,"column":null}},"20":{"start":{"line":38,"column":4},"end":{"line":38,"column":null}},"21":{"start":{"line":41,"column":25},"end":{"line":43,"column":null}},"22":{"start":{"line":42,"column":4},"end":{"line":42,"column":null}},"23":{"start":{"line":45,"column":23},"end":{"line":87,"column":null}},"24":{"start":{"line":46,"column":4},"end":{"line":46,"column":null}},"25":{"start":{"line":47,"column":4},"end":{"line":47,"column":null}},"26":{"start":{"line":49,"column":4},"end":{"line":49,"column":null}},"27":{"start":{"line":49,"column":37},"end":{"line":49,"column":null}},"28":{"start":{"line":50,"column":4},"end":{"line":50,"column":null}},"29":{"start":{"line":50,"column":45},"end":{"line":50,"column":null}},"30":{"start":{"line":51,"column":4},"end":{"line":51,"column":null}},"31":{"start":{"line":51,"column":50},"end":{"line":51,"column":null}},"32":{"start":{"line":52,"column":4},"end":{"line":52,"column":null}},"33":{"start":{"line":52,"column":42},"end":{"line":52,"column":null}},"34":{"start":{"line":54,"column":21},"end":{"line":54,"column":null}},"35":{"start":{"line":56,"column":4},"end":{"line":56,"column":null}},"36":{"start":{"line":57,"column":4},"end":{"line":57,"column":null}},"37":{"start":{"line":58,"column":4},"end":{"line":58,"column":null}},"38":{"start":{"line":59,"column":4},"end":{"line":59,"column":null}},"39":{"start":{"line":60,"column":4},"end":{"line":60,"column":null}},"40":{"start":{"line":61,"column":4},"end":{"line":61,"column":null}},"41":{"start":{"line":62,"column":4},"end":{"line":62,"column":null}},"42":{"start":{"line":64,"column":18},"end":{"line":64,"column":null}},"43":{"start":{"line":65,"column":22},"end":{"line":65,"column":null}},"44":{"start":{"line":67,"column":4},"end":{"line":69,"column":null}},"45":{"start":{"line":68,"column":6},"end":{"line":68,"column":null}},"46":{"start":{"line":71,"column":4},"end":{"line":71,"column":null}},"47":{"start":{"line":72,"column":4},"end":{"line":86,"column":null}},"48":{"start":{"line":73,"column":6},"end":{"line":73,"column":null}},"49":{"start":{"line":74,"column":21},"end":{"line":74,"column":null}},"50":{"start":{"line":76,"column":6},"end":{"line":76,"column":null}},"51":{"start":{"line":77,"column":6},"end":{"line":77,"column":null}},"52":{"start":{"line":78,"column":6},"end":{"line":78,"column":null}},"53":{"start":{"line":79,"column":6},"end":{"line":79,"column":null}},"54":{"start":{"line":80,"column":6},"end":{"line":82,"column":null}},"55":{"start":{"line":81,"column":8},"end":{"line":81,"column":null}},"56":{"start":{"line":84,"column":6},"end":{"line":84,"column":null}},"57":{"start":{"line":85,"column":6},"end":{"line":85,"column":null}},"58":{"start":{"line":89,"column":2},"end":{"line":199,"column":null}},"59":{"start":{"line":178,"column":14},"end":{"line":178,"column":null}}},"fnMap":{"0":{"name":"(anonymous_0)","decl":{"start":{"line":11,"column":20},"end":{"line":11,"column":26}},"loc":{"start":{"line":11,"column":26},"end":{"line":201,"column":null}}},"1":{"name":"(anonymous_1)","decl":{"start":{"line":30,"column":27},"end":{"line":30,"column":28}},"loc":{"start":{"line":30,"column":34},"end":{"line":34,"column":null}}},"2":{"name":"(anonymous_2)","decl":{"start":{"line":36,"column":25},"end":{"line":36,"column":26}},"loc":{"start":{"line":36,"column":45},"end":{"line":39,"column":null}}},"3":{"name":"(anonymous_3)","decl":{"start":{"line":41,"column":25},"end":{"line":41,"column":31}},"loc":{"start":{"line":41,"column":31},"end":{"line":43,"column":null}}},"4":{"name":"(anonymous_4)","decl":{"start":{"line":45,"column":23},"end":{"line":45,"column":30}},"loc":{"start":{"line":45,"column":36},"end":{"line":87,"column":null}}},"5":{"name":"(anonymous_5)","decl":{"start":{"line":67,"column":22},"end":{"line":67,"column":23}},"loc":{"start":{"line":67,"column":32},"end":{"line":69,"column":5}}},"6":{"name":"(anonymous_6)","decl":{"start":{"line":177,"column":31},"end":{"line":177,"column":32}},"loc":{"start":{"line":178,"column":14},"end":{"line":178,"column":null}}}},"branchMap":{"0":{"loc":{"start":{"line":32,"column":22},"end":{"line":32,"column":null}},"type":"cond-expr","locations":[{"start":{"line":32,"column":30},"end":{"line":32,"column":50}},{"start":{"line":32,"column":50},"end":{"line":32,"column":null}}]},"1":{"loc":{"start":{"line":49,"column":4},"end":{"line":49,"column":null}},"type":"if","locations":[{"start":{"line":49,"column":4},"end":{"line":49,"column":null}}]},"2":{"loc":{"start":{"line":50,"column":4},"end":{"line":50,"column":null}},"type":"if","locations":[{"start":{"line":50,"column":4},"end":{"line":50,"column":null}}]},"3":{"loc":{"start":{"line":51,"column":4},"end":{"line":51,"column":null}},"type":"if","locations":[{"start":{"line":51,"column":4},"end":{"line":51,"column":null}}]},"4":{"loc":{"start":{"line":52,"column":4},"end":{"line":52,"column":null}},"type":"if","locations":[{"start":{"line":52,"column":4},"end":{"line":52,"column":null}}]},"5":{"loc":{"start":{"line":65,"column":22},"end":{"line":65,"column":null}},"type":"cond-expr","locations":[{"start":{"line":65,"column":30},"end":{"line":65,"column":50}},{"start":{"line":65,"column":50},"end":{"line":65,"column":null}}]},"6":{"loc":{"start":{"line":80,"column":6},"end":{"line":82,"column":null}},"type":"if","locations":[{"start":{"line":80,"column":6},"end":{"line":82,"column":null}}]},"7":{"loc":{"start":{"line":100,"column":13},"end":{"line":101,"column":null}},"type":"binary-expr","locations":[{"start":{"line":100,"column":13},"end":{"line":100,"column":26}},{"start":{"line":100,"column":26},"end":{"line":100,"column":null}},{"start":{"line":101,"column":14},"end":{"line":101,"column":null}}]},"8":{"loc":{"start":{"line":113,"column":13},"end":{"line":114,"column":null}},"type":"binary-expr","locations":[{"start":{"line":113,"column":13},"end":{"line":113,"column":26}},{"start":{"line":113,"column":26},"end":{"line":113,"column":null}},{"start":{"line":114,"column":14},"end":{"line":114,"column":null}}]},"9":{"loc":{"start":{"line":124,"column":11},"end":{"line":125,"column":null}},"type":"binary-expr","locations":[{"start":{"line":124,"column":11},"end":{"line":124,"column":24}},{"start":{"line":124,"column":24},"end":{"line":124,"column":null}},{"start":{"line":125,"column":12},"end":{"line":125,"column":null}}]},"10":{"loc":{"start":{"line":136,"column":11},"end":{"line":137,"column":null}},"type":"binary-expr","locations":[{"start":{"line":136,"column":11},"end":{"line":136,"column":24}},{"start":{"line":136,"column":24},"end":{"line":136,"column":null}},{"start":{"line":137,"column":12},"end":{"line":137,"column":null}}]},"11":{"loc":{"start":{"line":149,"column":11},"end":{"line":150,"column":null}},"type":"binary-expr","locations":[{"start":{"line":149,"column":11},"end":{"line":149,"column":24}},{"start":{"line":149,"column":24},"end":{"line":149,"column":null}},{"start":{"line":150,"column":12},"end":{"line":150,"column":null}}]},"12":{"loc":{"start":{"line":161,"column":11},"end":{"line":162,"column":null}},"type":"binary-expr","locations":[{"start":{"line":161,"column":11},"end":{"line":161,"column":24}},{"start":{"line":161,"column":24},"end":{"line":161,"column":null}},{"start":{"line":162,"column":12},"end":{"line":162,"column":null}}]},"13":{"loc":{"start":{"line":172,"column":9},"end":{"line":180,"column":null}},"type":"binary-expr","locations":[{"start":{"line":172,"column":9},"end":{"line":172,"column":null}},{"start":{"line":173,"column":10},"end":{"line":180,"column":null}}]},"14":{"loc":{"start":{"line":192,"column":7},"end":{"line":197,"column":null}},"type":"binary-expr","locations":[{"start":{"line":192,"column":7},"end":{"line":192,"column":null}},{"start":{"line":193,"column":8},"end":{"line":197,"column":null}}]}},"s":{"0":40,"1":237,"2":237,"3":237,"4":237,"5":237,"6":237,"7":237,"8":237,"9":237,"10":237,"11":237,"12":237,"13":237,"14":237,"15":35,"16":35,"17":35,"18":237,"19":48,"20":48,"21":237,"22":0,"23":237,"24":75,"25":75,"26":75,"27":50,"28":25,"29":0,"30":25,"31":0,"32":25,"33":0,"34":25,"35":25,"36":25,"37":25,"38":25,"39":25,"40":25,"41":25,"42":25,"43":25,"44":25,"45":15,"46":25,"47":25,"48":25,"49":25,"50":15,"51":15,"52":15,"53":15,"54":15,"55":15,"56":8,"57":8,"58":237,"59":70},"f":{"0":237,"1":35,"2":48,"3":0,"4":75,"5":15,"6":70},"b":{"0":[35,0],"1":[50],"2":[0],"3":[0],"4":[0],"5":[25,0],"6":[15],"7":[237,98,50],"8":[237,98,50],"9":[237,98,50],"10":[237,98,50],"11":[237,98,50],"12":[237,98,50],"13":[237,50],"14":[237,48]}}
,"C:/Users/admin/Desktop/photographerWebsite/frontend/hooks/useFetchData.jsx": {"path":"C:/Users/admin/Desktop/photographerWebsite/frontend/hooks/useFetchData.jsx","statementMap":{"0":{"start":{"line":3,"column":28},"end":{"line":34,"column":null}},"1":{"start":{"line":4,"column":26},"end":{"line":4,"column":null}},"2":{"start":{"line":5,"column":32},"end":{"line":5,"column":null}},"3":{"start":{"line":6,"column":28},"end":{"line":6,"column":null}},"4":{"start":{"line":8,"column":20},"end":{"line":27,"column":null}},"5":{"start":{"line":9,"column":4},"end":{"line":26,"column":null}},"6":{"start":{"line":10,"column":6},"end":{"line":10,"column":null}},"7":{"start":{"line":11,"column":6},"end":{"line":11,"column":null}},"8":{"start":{"line":13,"column":23},"end":{"line":13,"column":null}},"9":{"start":{"line":14,"column":22},"end":{"line":14,"column":null}},"10":{"start":{"line":16,"column":6},"end":{"line":18,"column":null}},"11":{"start":{"line":17,"column":8},"end":{"line":17,"column":null}},"12":{"start":{"line":20,"column":6},"end":{"line":20,"column":null}},"13":{"start":{"line":22,"column":6},"end":{"line":22,"column":null}},"14":{"start":{"line":23,"column":6},"end":{"line":23,"column":null}},"15":{"start":{"line":25,"column":6},"end":{"line":25,"column":null}},"16":{"start":{"line":29,"column":2},"end":{"line":31,"column":null}},"17":{"start":{"line":30,"column":4},"end":{"line":30,"column":null}},"18":{"start":{"line":33,"column":2},"end":{"line":33,"column":null}},"19":{"start":{"line":8,"column":2},"end":{"line":33,"column":26}},"20":{"start":{"line":9,"column":4},"end":{"line":9,"column":null}},"21":{"start":{"line":9,"column":8},"end":{"line":9,"column":null}},"22":{"start":{"line":10,"column":21},"end":{"line":30,"column":14}},"23":{"start":{"line":11,"column":6},"end":{"line":29,"column":12}},"24":{"start":{"line":13,"column":6},"end":{"line":13,"column":29}},"25":{"start":{"line":14,"column":6},"end":{"line":14,"column":28}},"26":{"start":{"line":16,"column":24},"end":{"line":16,"column":null}},"27":{"start":{"line":17,"column":24},"end":{"line":17,"column":52}},"28":{"start":{"line":18,"column":6},"end":{"line":21,"column":13}},"29":{"start":{"line":22,"column":6},"end":{"line":22,"column":26}},"30":{"start":{"line":24,"column":4},"end":{"line":24,"column":null}},"31":{"start":{"line":27,"column":7},"end":{"line":27,"column":null}},"32":{"start":{"line":31,"column":2},"end":{"line":31,"column":16}},"33":{"start":{"line":34,"column":0},"end":{"line":34,"column":null}},"34":{"start":{"line":8,"column":2},"end":{"line":33,"column":17}},"35":{"start":{"line":13,"column":6},"end":{"line":13,"column":23}},"36":{"start":{"line":14,"column":6},"end":{"line":29,"column":12}},"37":{"start":{"line":17,"column":8},"end":{"line":20,"column":14}},"38":{"start":{"line":18,"column":6},"end":{"line":18,"column":null}},"39":{"start":{"line":21,"column":18},"end":{"line":21,"column":null}}},"fnMap":{"0":{"name":"(anonymous_0)","decl":{"start":{"line":3,"column":28},"end":{"line":3,"column":29}},"loc":{"start":{"line":3,"column":49},"end":{"line":34,"column":null}}},"1":{"name":"(anonymous_1)","decl":{"start":{"line":8,"column":32},"end":{"line":8,"column":44}},"loc":{"start":{"line":8,"column":44},"end":{"line":27,"column":5}}},"2":{"name":"(anonymous_2)","decl":{"start":{"line":29,"column":12},"end":{"line":29,"column":18}},"loc":{"start":{"line":29,"column":18},"end":{"line":31,"column":5}}},"3":{"name":"(anonymous_1)","decl":{"start":{"line":8,"column":8},"end":{"line":8,"column":20}},"loc":{"start":{"line":8,"column":8},"end":{"line":33,"column":9}}},"4":{"name":"(anonymous_2)","decl":{"start":{"line":10,"column":21},"end":{"line":10,"column":null}},"loc":{"start":{"line":10,"column":21},"end":{"line":30,"column":14}}}},"branchMap":{"0":{"loc":{"start":{"line":16,"column":6},"end":{"line":18,"column":null}},"type":"if","locations":[{"start":{"line":16,"column":6},"end":{"line":18,"column":null}}]},"1":{"loc":{"start":{"line":9,"column":4},"end":{"line":9,"column":null}},"type":"if","locations":[{"start":{"line":9,"column":4},"end":{"line":9,"column":null}}]},"2":{"loc":{"start":{"line":18,"column":6},"end":{"line":21,"column":13}},"type":"if","locations":[{"start":{"line":18,"column":6},"end":{"line":21,"column":13}}]},"3":{"loc":{"start":{"line":17,"column":8},"end":{"line":20,"column":14}},"type":"if","locations":[{"start":{"line":17,"column":8},"end":{"line":20,"column":14}}]}},"s":{"0":44,"1":145,"2":199,"3":141,"4":141,"5":136,"6":136,"7":145,"8":75,"9":74,"10":74,"11":62,"12":136,"13":72,"14":72,"15":119,"16":141,"17":136,"18":54,"19":62,"20":202,"21":136,"22":70,"23":70,"24":75,"25":75,"26":148,"27":61,"28":74,"29":31,"30":45,"31":65,"32":80,"33":127,"34":131,"35":70,"36":70,"37":60,"38":44,"39":38},"f":{"0":145,"1":75,"2":75,"3":80,"4":80},"b":{"0":[6],"1":[0],"2":[8],"3":[22]}}
,"C:/Users/admin/Desktop/photographerWebsite/frontend/hooks/useFormPostData.jsx": {"path":"C:/Users/admin/Desktop/photographerWebsite/frontend/hooks/useFormPostData.jsx","statementMap":{"0":{"start":{"line":3,"column":31},"end":{"line":36,"column":null}},"1":{"start":{"line":4,"column":26},"end":{"line":4,"column":null}},"2":{"start":{"line":5,"column":32},"end":{"line":5,"column":null}},"3":{"start":{"line":6,"column":28},"end":{"line":6,"column":null}},"4":{"start":{"line":8,"column":23},"end":{"line":33,"column":null}},"5":{"start":{"line":9,"column":4},"end":{"line":32,"column":null}},"6":{"start":{"line":10,"column":6},"end":{"line":10,"column":null}},"7":{"start":{"line":11,"column":6},"end":{"line":11,"column":null}},"8":{"start":{"line":13,"column":23},"end":{"line":16,"column":null}},"9":{"start":{"line":18,"column":22},"end":{"line":18,"column":null}},"10":{"start":{"line":20,"column":6},"end":{"line":22,"column":null}},"11":{"start":{"line":21,"column":8},"end":{"line":21,"column":null}},"12":{"start":{"line":24,"column":6},"end":{"line":24,"column":null}},"13":{"start":{"line":25,"column":6},"end":{"line":25,"column":null}},"14":{"start":{"line":27,"column":6},"end":{"line":27,"column":null}},"15":{"start":{"line":28,"column":6},"end":{"line":28,"column":null}},"16":{"start":{"line":29,"column":6},"end":{"line":29,"column":null}},"17":{"start":{"line":31,"column":6},"end":{"line":31,"column":null}},"18":{"start":{"line":35,"column":2},"end":{"line":35,"column":null}}},"fnMap":{"0":{"name":"(anonymous_0)","decl":{"start":{"line":3,"column":31},"end":{"line":3,"column":37}},"loc":{"start":{"line":3,"column":37},"end":{"line":36,"column":null}}},"1":{"name":"(anonymous_1)","decl":{"start":{"line":8,"column":35},"end":{"line":8,"column":42}},"loc":{"start":{"line":8,"column":60},"end":{"line":33,"column":5}}}},"branchMap":{"0":{"loc":{"start":{"line":20,"column":6},"end":{"line":22,"column":null}},"type":"if","locations":[{"start":{"line":20,"column":6},"end":{"line":22,"column":null}}]},"1":{"loc":{"start":{"line":21,"column":24},"end":{"line":21,"column":88}},"type":"binary-expr","locations":[{"start":{"line":21,"column":24},"end":{"line":21,"column":43}},{"start":{"line":21,"column":43},"end":{"line":21,"column":88}}]}},"s":{"0":40,"1":237,"2":237,"3":237,"4":237,"5":25,"6":25,"7":25,"8":25,"9":23,"10":23,"11":8,"12":15,"13":15,"14":8,"15":8,"16":8,"17":23,"18":237},"f":{"0":237,"1":25},"b":{"0":[8],"1":[8,0]}}
,"C:/Users/admin/Desktop/photographerWebsite/frontend/hooks/usePostData.jsx": {"path":"C:/Users/admin/Desktop/photographerWebsite/frontend/hooks/usePostData.jsx","statementMap":{"0":{"start":{"line":3,"column":27},"end":{"line":39,"column":null}},"1":{"start":{"line":4,"column":26},"end":{"line":4,"column":null}},"2":{"start":{"line":5,"column":32},"end":{"line":5,"column":null}},"3":{"start":{"line":6,"column":28},"end":{"line":6,"column":null}},"4":{"start":{"line":8,"column":19},"end":{"line":36,"column":null}},"5":{"start":{"line":9,"column":4},"end":{"line":35,"column":null}},"6":{"start":{"line":10,"column":6},"end":{"line":10,"column":null}},"7":{"start":{"line":11,"column":6},"end":{"line":11,"column":null}},"8":{"start":{"line":13,"column":23},"end":{"line":19,"column":null}},"9":{"start":{"line":21,"column":22},"end":{"line":21,"column":null}},"10":{"start":{"line":23,"column":6},"end":{"line":25,"column":null}},"11":{"start":{"line":24,"column":8},"end":{"line":24,"column":null}},"12":{"start":{"line":27,"column":6},"end":{"line":27,"column":null}},"13":{"start":{"line":28,"column":6},"end":{"line":28,"column":null}},"14":{"start":{"line":30,"column":6},"end":{"line":30,"column":null}},"15":{"start":{"line":31,"column":6},"end":{"line":31,"column":null}},"16":{"start":{"line":32,"column":6},"end":{"line":32,"column":null}},"17":{"start":{"line":34,"column":6},"end":{"line":34,"column":null}},"18":{"start":{"line":38,"column":2},"end":{"line":38,"column":null}}},"fnMap":{"0":{"name":"(anonymous_0)","decl":{"start":{"line":3,"column":27},"end":{"line":3,"column":33}},"loc":{"start":{"line":3,"column":33},"end":{"line":39,"column":null}}},"1":{"name":"(anonymous_1)","decl":{"start":{"line":8,"column":31},"end":{"line":8,"column":38}},"loc":{"start":{"line":8,"column":56},"end":{"line":36,"column":5}}}},"branchMap":{"0":{"loc":{"start":{"line":23,"column":6},"end":{"line":25,"column":null}},"type":"if","locations":[{"start":{"line":23,"column":6},"end":{"line":25,"column":null}}]},"1":{"loc":{"start":{"line":24,"column":24},"end":{"line":24,"column":88}},"type":"binary-expr","locations":[{"start":{"line":24,"column":24},"end":{"line":24,"column":43}},{"start":{"line":24,"column":43},"end":{"line":24,"column":88}}]}},"s":{"0":30,"1":205,"2":205,"3":205,"4":205,"5":27,"6":27,"7":27,"8":27,"9":27,"10":27,"11":9,"12":18,"13":18,"14":9,"15":9,"16":9,"17":27,"18":205},"f":{"0":205,"1":27},"b":{"0":[9],"1":[9,0]}}
,"C:/Users/admin/Desktop/photographerWebsite/frontend/pages/AboutMePage.jsx": {"path":"C:/Users/admin/Desktop/photographerWebsite/frontend/pages/AboutMePage.jsx","statementMap":{"0":{"start":{"line":11,"column":20},"end":{"line":32,"column":null}},"1":{"start":{"line":34,"column":35},"end":{"line":36,"column":null}},"2":{"start":{"line":42,"column":2},"end":{"line":42,"column":null}},"3":{"start":{"line":42,"column":15},"end":{"line":42,"column":null}},"4":{"start":{"line":43,"column":2},"end":{"line":43,"column":null}},"5":{"start":{"line":43,"column":13},"end":{"line":43,"column":null}},"6":{"start":{"line":45,"column":2},"end":{"line":66,"column":null}},"7":{"start":{"line":53,"column":19},"end":{"line":53,"column":null}},"8":{"start":{"line":34,"column":35},"end":{"line":34,"column":null}},"9":{"start":{"line":34,"column":48},"end":{"line":42,"column":23}},"10":{"start":{"line":35,"column":4},"end":{"line":42,"column":23}},"11":{"start":{"line":42,"column":22},"end":{"line":43,"column":21}},"12":{"start":{"line":43,"column":20},"end":{"line":46,"column":null}},"13":{"start":{"line":51,"column":16},"end":{"line":51,"column":53}}},"fnMap":{"0":{"name":"AboutMePage","decl":{"start":{"line":10,"column":9},"end":{"line":10,"column":23}},"loc":{"start":{"line":10,"column":23},"end":{"line":68,"column":null}}},"1":{"name":"(anonymous_1)","decl":{"start":{"line":53,"column":10},"end":{"line":53,"column":11}},"loc":{"start":{"line":53,"column":19},"end":{"line":53,"column":null}}},"2":{"name":"(anonymous_1)","decl":{"start":{"line":51,"column":8},"end":{"line":51,"column":16}},"loc":{"start":{"line":51,"column":16},"end":{"line":51,"column":53}}}},"branchMap":{"0":{"loc":{"start":{"line":42,"column":2},"end":{"line":42,"column":null}},"type":"if","locations":[{"start":{"line":42,"column":2},"end":{"line":42,"column":null}}]},"1":{"loc":{"start":{"line":43,"column":2},"end":{"line":43,"column":null}},"type":"if","locations":[{"start":{"line":43,"column":2},"end":{"line":43,"column":null}}]},"2":{"loc":{"start":{"line":34,"column":48},"end":{"line":42,"column":23}},"type":"if","locations":[{"start":{"line":34,"column":48},"end":{"line":42,"column":23}}]},"3":{"loc":{"start":{"line":42,"column":22},"end":{"line":43,"column":21}},"type":"if","locations":[{"start":{"line":42,"column":22},"end":{"line":43,"column":21}}]}},"s":{"0":64,"1":14,"2":14,"3":9,"4":5,"5":3,"6":2,"7":26,"8":64,"9":46,"10":18,"11":34,"12":22,"13":10},"f":{"0":78,"1":54,"2":22},"b":{"0":[9],"1":[3],"2":[18],"3":[6]}}
,"C:/Users/admin/Desktop/photographerWebsite/frontend/pages/BookingPage.jsx": {"path":"C:/Users/admin/Desktop/photographerWebsite/frontend/pages/BookingPage.jsx","statementMap":{"0":{"start":{"line":10,"column":28},"end":{"line":10,"column":null}},"1":{"start":{"line":11,"column":19},"end":{"line":11,"column":null}},"2":{"start":{"line":12,"column":25},"end":{"line":14,"column":null}},"3":{"start":{"line":13,"column":4},"end":{"line":13,"column":null}},"4":{"start":{"line":16,"column":2},"end":{"line":16,"column":null}},"5":{"start":{"line":16,"column":15},"end":{"line":16,"column":null}},"6":{"start":{"line":18,"column":2},"end":{"line":36,"column":null}}},"fnMap":{"0":{"name":"BookingPage","decl":{"start":{"line":9,"column":9},"end":{"line":9,"column":23}},"loc":{"start":{"line":9,"column":23},"end":{"line":38,"column":null}}},"1":{"name":"(anonymous_1)","decl":{"start":{"line":12,"column":25},"end":{"line":12,"column":31}},"loc":{"start":{"line":12,"column":31},"end":{"line":14,"column":null}}}},"branchMap":{"0":{"loc":{"start":{"line":16,"column":2},"end":{"line":16,"column":null}},"type":"if","locations":[{"start":{"line":16,"column":2},"end":{"line":16,"column":null}}]},"1":{"loc":{"start":{"line":23,"column":7},"end":{"line":34,"column":null}},"type":"cond-expr","locations":[{"start":{"line":24,"column":8},"end":{"line":30,"column":null}},{"start":{"line":32,"column":8},"end":{"line":34,"column":null}}]}},"s":{"0":28,"1":28,"2":28,"3":6,"4":28,"5":10,"6":18},"f":{"0":28,"1":6},"b":{"0":[10],"1":[14,4]}}
,"C:/Users/admin/Desktop/photographerWebsite/frontend/pages/ErrorPage.jsx": {"path":"C:/Users/admin/Desktop/photographerWebsite/frontend/pages/ErrorPage.jsx","statementMap":{"0":{"start":{"line":9,"column":15},"end":{"line":9,"column":null}},"1":{"start":{"line":24,"column":16},"end":{"line":24,"column":null}},"2":{"start":{"line":30,"column":21},"end":{"line":30,"column":null}},"3":{"start":{"line":31,"column":19},"end":{"line":31,"column":null}},"4":{"start":{"line":31,"column":25},"end":{"line":31,"column":null}},"5":{"start":{"line":32,"column":2},"end":{"line":40,"column":null}}},"fnMap":{"0":{"name":"ErrorPage","decl":{"start":{"line":29,"column":9},"end":{"line":29,"column":21}},"loc":{"start":{"line":29,"column":21},"end":{"line":42,"column":null}}},"1":{"name":"(anonymous_1)","decl":{"start":{"line":31,"column":19},"end":{"line":31,"column":25}},"loc":{"start":{"line":31,"column":25},"end":{"line":31,"column":null}}}},"branchMap":{},"s":{"0":8,"1":8,"2":18,"3":18,"4":6,"5":18},"f":{"0":18,"1":6},"b":{}}
,"C:/Users/admin/Desktop/photographerWebsite/frontend/pages/LogInPage.jsx": {"path":"C:/Users/admin/Desktop/photographerWebsite/frontend/pages/LogInPage.jsx","statementMap":{"0":{"start":{"line":6,"column":2},"end":{"line":12,"column":null}}},"fnMap":{"0":{"name":"LogInPage","decl":{"start":{"line":5,"column":9},"end":{"line":5,"column":21}},"loc":{"start":{"line":5,"column":21},"end":{"line":14,"column":null}}}},"branchMap":{},"s":{"0":10},"f":{"0":10},"b":{}}
,"C:/Users/admin/Desktop/photographerWebsite/frontend/pages/MainPage.jsx": {"path":"C:/Users/admin/Desktop/photographerWebsite/frontend/pages/MainPage.jsx","statementMap":{"0":{"start":{"line":14,"column":19},"end":{"line":14,"column":null}},"1":{"start":{"line":16,"column":35},"end":{"line":18,"column":null}},"2":{"start":{"line":20,"column":2},"end":{"line":20,"column":null}},"3":{"start":{"line":20,"column":15},"end":{"line":20,"column":null}},"4":{"start":{"line":21,"column":2},"end":{"line":21,"column":null}},"5":{"start":{"line":21,"column":13},"end":{"line":21,"column":null}},"6":{"start":{"line":24,"column":2},"end":{"line":58,"column":null}},"7":{"start":{"line":39,"column":52},"end":{"line":39,"column":74}},"8":{"start":{"line":40,"column":56},"end":{"line":40,"column":80}},"9":{"start":{"line":41,"column":55},"end":{"line":41,"column":75}},"10":{"start":{"line":42,"column":53},"end":{"line":42,"column":76}},"11":{"start":{"line":16,"column":35},"end":{"line":16,"column":null}},"12":{"start":{"line":16,"column":48},"end":{"line":20,"column":23}},"13":{"start":{"line":17,"column":4},"end":{"line":20,"column":23}},"14":{"start":{"line":20,"column":22},"end":{"line":21,"column":21}},"15":{"start":{"line":40,"column":8},"end":{"line":40,"column":9}},"16":{"start":{"line":42,"column":8},"end":{"line":42,"column":9}},"17":{"start":{"line":45,"column":6},"end":{"line":45,"column":7}},"18":{"start":{"line":48,"column":8},"end":{"line":48,"column":9}}},"fnMap":{"0":{"name":"MainPage","decl":{"start":{"line":13,"column":9},"end":{"line":13,"column":20}},"loc":{"start":{"line":13,"column":20},"end":{"line":60,"column":null}}},"1":{"name":"(anonymous_1)","decl":{"start":{"line":39,"column":46},"end":{"line":39,"column":52}},"loc":{"start":{"line":39,"column":52},"end":{"line":39,"column":74}}},"2":{"name":"(anonymous_2)","decl":{"start":{"line":40,"column":50},"end":{"line":40,"column":56}},"loc":{"start":{"line":40,"column":56},"end":{"line":40,"column":80}}},"3":{"name":"(anonymous_3)","decl":{"start":{"line":41,"column":49},"end":{"line":41,"column":55}},"loc":{"start":{"line":41,"column":55},"end":{"line":41,"column":75}}},"4":{"name":"(anonymous_4)","decl":{"start":{"line":42,"column":47},"end":{"line":42,"column":53}},"loc":{"start":{"line":42,"column":53},"end":{"line":42,"column":76}}},"5":{"name":"(anonymous_1)","decl":{"start":{"line":40,"column":8},"end":{"line":40,"column":9}},"loc":{"start":{"line":40,"column":8},"end":{"line":40,"column":9}}},"6":{"name":"(anonymous_2)","decl":{"start":{"line":42,"column":8},"end":{"line":42,"column":9}},"loc":{"start":{"line":42,"column":8},"end":{"line":42,"column":9}}},"7":{"name":"(anonymous_3)","decl":{"start":{"line":45,"column":6},"end":{"line":45,"column":7}},"loc":{"start":{"line":45,"column":6},"end":{"line":45,"column":7}}},"8":{"name":"(anonymous_4)","decl":{"start":{"line":48,"column":8},"end":{"line":48,"column":9}},"loc":{"start":{"line":48,"column":8},"end":{"line":48,"column":9}}}},"branchMap":{"0":{"loc":{"start":{"line":20,"column":2},"end":{"line":20,"column":null}},"type":"if","locations":[{"start":{"line":20,"column":2},"end":{"line":20,"column":null}}]},"1":{"loc":{"start":{"line":21,"column":2},"end":{"line":21,"column":null}},"type":"if","locations":[{"start":{"line":21,"column":2},"end":{"line":21,"column":null}}]},"2":{"loc":{"start":{"line":16,"column":48},"end":{"line":20,"column":23}},"type":"if","locations":[{"start":{"line":16,"column":48},"end":{"line":20,"column":23}}]},"3":{"loc":{"start":{"line":20,"column":22},"end":{"line":21,"column":21}},"type":"if","locations":[{"start":{"line":20,"column":22},"end":{"line":21,"column":21}}]}},"s":{"0":46,"1":23,"2":23,"3":14,"4":9,"5":4,"6":10,"7":7,"8":5,"9":5,"10":5,"11":46,"12":23,"13":14,"14":13,"15":7,"16":5,"17":5,"18":5},"f":{"0":46,"1":25,"2":23,"3":23,"4":23,"5":25,"6":23,"7":23,"8":23},"b":{"0":[14],"1":[4],"2":[14],"3":[4]}}
,"C:/Users/admin/Desktop/photographerWebsite/frontend/pages/PortfolioPage.jsx": {"path":"C:/Users/admin/Desktop/photographerWebsite/frontend/pages/PortfolioPage.jsx","statementMap":{"0":{"start":{"line":9,"column":2},"end":{"line":17,"column":null}}},"fnMap":{"0":{"name":"PortfolioPage","decl":{"start":{"line":7,"column":9},"end":{"line":7,"column":25}},"loc":{"start":{"line":7,"column":25},"end":{"line":19,"column":null}}}},"branchMap":{},"s":{"0":2},"f":{"0":2},"b":{}}
,"C:/Users/admin/Desktop/photographerWebsite/frontend/pages/SignUpPage.jsx": {"path":"C:/Users/admin/Desktop/photographerWebsite/frontend/pages/SignUpPage.jsx","statementMap":{"0":{"start":{"line":6,"column":2},"end":{"line":12,"column":null}}},"fnMap":{"0":{"name":"SignUpPage","decl":{"start":{"line":5,"column":9},"end":{"line":5,"column":22}},"loc":{"start":{"line":5,"column":22},"end":{"line":14,"column":null}}}},"branchMap":{},"s":{"0":5},"f":{"0":5},"b":{}}
,"C:/Users/admin/Desktop/photographerWebsite/frontend/pages/UserPage.jsx": {"path":"C:/Users/admin/Desktop/photographerWebsite/frontend/pages/UserPage.jsx","statementMap":{"0":{"start":{"line":10,"column":28},"end":{"line":10,"column":null}},"1":{"start":{"line":11,"column":21},"end":{"line":11,"column":null}},"2":{"start":{"line":12,"column":19},"end":{"line":12,"column":null}},"3":{"start":{"line":13,"column":25},"end":{"line":15,"column":null}},"4":{"start":{"line":14,"column":4},"end":{"line":14,"column":null}},"5":{"start":{"line":17,"column":22},"end":{"line":19,"column":null}},"6":{"start":{"line":18,"column":4},"end":{"line":18,"column":null}},"7":{"start":{"line":21,"column":2},"end":{"line":21,"column":null}},"8":{"start":{"line":21,"column":15},"end":{"line":21,"column":null}},"9":{"start":{"line":23,"column":2},"end":{"line":44,"column":null}}},"fnMap":{"0":{"name":"UserPage","decl":{"start":{"line":9,"column":9},"end":{"line":9,"column":20}},"loc":{"start":{"line":9,"column":20},"end":{"line":46,"column":null}}},"1":{"name":"(anonymous_1)","decl":{"start":{"line":13,"column":25},"end":{"line":13,"column":31}},"loc":{"start":{"line":13,"column":31},"end":{"line":15,"column":null}}},"2":{"name":"(anonymous_2)","decl":{"start":{"line":17,"column":22},"end":{"line":17,"column":28}},"loc":{"start":{"line":17,"column":28},"end":{"line":19,"column":null}}}},"branchMap":{"0":{"loc":{"start":{"line":21,"column":2},"end":{"line":21,"column":null}},"type":"if","locations":[{"start":{"line":21,"column":2},"end":{"line":21,"column":null}}]},"1":{"loc":{"start":{"line":26,"column":24},"end":{"line":26,"column":52}},"type":"binary-expr","locations":[{"start":{"line":26,"column":24},"end":{"line":26,"column":42}},{"start":{"line":26,"column":42},"end":{"line":26,"column":52}}]},"2":{"loc":{"start":{"line":28,"column":7},"end":{"line":42,"column":null}},"type":"cond-expr","locations":[{"start":{"line":29,"column":8},"end":{"line":35,"column":null}},{"start":{"line":37,"column":8},"end":{"line":42,"column":null}}]}},"s":{"0":14,"1":14,"2":14,"3":14,"4":4,"5":14,"6":2,"7":14,"8":5,"9":9},"f":{"0":14,"1":4,"2":2},"b":{"0":[5],"1":[9,4],"2":[4,5]}}
,"C:/Users/admin/Desktop/photographerWebsite/frontend/store/AuthContex.jsx": {"path":"C:/Users/admin/Desktop/photographerWebsite/frontend/store/AuthContex.jsx","statementMap":{"0":{"start":{"line":3,"column":27},"end":{"line":3,"column":null}},"1":{"start":{"line":6,"column":28},"end":{"line":6,"column":null}},"2":{"start":{"line":7,"column":34},"end":{"line":7,"column":null}},"3":{"start":{"line":9,"column":4},"end":{"line":30,"column":null}},"4":{"start":{"line":10,"column":22},"end":{"line":10,"column":null}},"5":{"start":{"line":11,"column":8},"end":{"line":14,"column":null}},"6":{"start":{"line":12,"column":12},"end":{"line":12,"column":null}},"7":{"start":{"line":13,"column":12},"end":{"line":13,"column":null}},"8":{"start":{"line":16,"column":8},"end":{"line":29,"column":null}},"9":{"start":{"line":22,"column":16},"end":{"line":22,"column":null}},"10":{"start":{"line":22,"column":29},"end":{"line":22,"column":null}},"11":{"start":{"line":23,"column":16},"end":{"line":23,"column":null}},"12":{"start":{"line":25,"column":26},"end":{"line":25,"column":39}},"13":{"start":{"line":27,"column":16},"end":{"line":27,"column":null}},"14":{"start":{"line":29,"column":27},"end":{"line":29,"column":44}},"15":{"start":{"line":32,"column":18},"end":{"line":35,"column":null}},"16":{"start":{"line":33,"column":8},"end":{"line":33,"column":null}},"17":{"start":{"line":34,"column":8},"end":{"line":34,"column":null}},"18":{"start":{"line":37,"column":19},"end":{"line":40,"column":null}},"19":{"start":{"line":38,"column":8},"end":{"line":38,"column":null}},"20":{"start":{"line":39,"column":8},"end":{"line":39,"column":null}},"21":{"start":{"line":42,"column":4},"end":{"line":45,"column":null}},"22":{"start":{"line":49,"column":23},"end":{"line":49,"column":null}},"23":{"start":{"line":49,"column":29},"end":{"line":49,"column":null}}},"fnMap":{"0":{"name":"AuthProvider","decl":{"start":{"line":5,"column":16},"end":{"line":5,"column":29}},"loc":{"start":{"line":5,"column":43},"end":{"line":47,"column":null}}},"1":{"name":"(anonymous_1)","decl":{"start":{"line":9,"column":14},"end":{"line":9,"column":20}},"loc":{"start":{"line":9,"column":20},"end":{"line":30,"column":7}}},"2":{"name":"(anonymous_2)","decl":{"start":{"line":21,"column":18},"end":{"line":21,"column":25}},"loc":{"start":{"line":21,"column":25},"end":{"line":24,"column":13}}},"3":{"name":"(anonymous_3)","decl":{"start":{"line":25,"column":18},"end":{"line":25,"column":26}},"loc":{"start":{"line":25,"column":26},"end":{"line":25,"column":39}}},"4":{"name":"(anonymous_4)","decl":{"start":{"line":26,"column":19},"end":{"line":26,"column":25}},"loc":{"start":{"line":26,"column":25},"end":{"line":28,"column":13}}},"5":{"name":"(anonymous_5)","decl":{"start":{"line":29,"column":21},"end":{"line":29,"column":27}},"loc":{"start":{"line":29,"column":27},"end":{"line":29,"column":44}}},"6":{"name":"(anonymous_6)","decl":{"start":{"line":32,"column":18},"end":{"line":32,"column":19}},"loc":{"start":{"line":32,"column":39},"end":{"line":35,"column":null}}},"7":{"name":"(anonymous_7)","decl":{"start":{"line":37,"column":19},"end":{"line":37,"column":25}},"loc":{"start":{"line":37,"column":25},"end":{"line":40,"column":null}}},"8":{"name":"(anonymous_8)","decl":{"start":{"line":49,"column":23},"end":{"line":49,"column":29}},"loc":{"start":{"line":49,"column":29},"end":{"line":49,"column":null}}}},"branchMap":{"0":{"loc":{"start":{"line":11,"column":8},"end":{"line":14,"column":null}},"type":"if","locations":[{"start":{"line":11,"column":8},"end":{"line":14,"column":null}}]},"1":{"loc":{"start":{"line":22,"column":16},"end":{"line":22,"column":null}},"type":"if","locations":[{"start":{"line":22,"column":16},"end":{"line":22,"column":null}}]}},"s":{"0":45,"1":28,"2":28,"3":28,"4":15,"5":15,"6":15,"7":15,"8":0,"9":0,"10":0,"11":0,"12":0,"13":0,"14":0,"15":28,"16":0,"17":0,"18":28,"19":0,"20":0,"21":28,"22":45,"23":261},"f":{"0":28,"1":15,"2":0,"3":0,"4":0,"5":0,"6":0,"7":0,"8":261},"b":{"0":[15],"1":[0]}}
}
