TN:
SF:frontend\components\Menu.jsx
FN:6,Menu
FN:12,(anonymous_1)
FN:18,(anonymous_2)
FN:24,(anonymous_3)
FN:30,(anonymous_4)
FN:36,(anonymous_5)
FN:42,(anonymous_6)
FNF:7
FNH:7
FNDA:192,Menu
FNDA:71,(anonymous_1)
FNDA:2,(anonymous_2)
FNDA:2,(anonymous_3)
FNDA:2,(anonymous_4)
FNDA:2,(anonymous_5)
FNDA:2,(anonymous_6)
DA:7,192
DA:8,192
DA:10,192
DA:12,71
DA:18,2
DA:24,2
DA:30,2
DA:36,2
DA:42,2
LF:9
LH:9
BRDA:14,0,0,192
BRDA:14,0,1,60
BRF:2
BRH:2
end_of_record
TN:
SF:frontend\components\Modal.jsx
FN:28,Modal
FNF:1
FNH:1
FNDA:113,Modal
DA:3,90
DA:16,90
DA:24,90
DA:29,113
LF:4
LH:4
BRDA:28,0,0,36
BRF:1
BRH:1
end_of_record
TN:
SF:frontend\components\TitleTexts.jsx
FN:3,TitleTexts
FNF:1
FNH:1
FNDA:96,TitleTexts
DA:4,96
LF:1
LH:1
BRF:0
BRH:0
end_of_record
TN:
SF:frontend\components\Buttons\EnterButton.jsx
FN:26,(anonymous_0)
FNF:1
FNH:1
FNDA:430,(anonymous_0)
DA:4,75
DA:26,75
DA:27,430
LF:3
LH:3
BRF:0
BRH:0
end_of_record
TN:
SF:frontend\components\Buttons\MainPageButton.jsx
FN:24,(anonymous_0)
FNF:1
FNH:1
FNDA:72,(anonymous_0)
DA:4,23
DA:24,23
DA:25,72
LF:3
LH:3
BRF:0
BRH:0
end_of_record
TN:
SF:frontend\components\Buttons\SocialButton.jsx
FN:22,(anonymous_0)
FNF:1
FNH:1
FNDA:417,(anonymous_0)
DA:4,34
DA:22,34
DA:23,417
LF:3
LH:3
BRF:0
BRH:0
end_of_record
TN:
SF:frontend\components\Images\AppImage.jsx
FN:18,(anonymous_0)
FN:20,(anonymous_1)
FNF:2
FNH:2
FNDA:29,(anonymous_0)
FNDA:60,(anonymous_1)
DA:3,25
DA:9,25
DA:18,25
DA:19,29
DA:21,60
LF:5
LH:5
BRF:0
BRH:0
end_of_record
TN:
SF:frontend\components\Images\FilmFrame.jsx
FN:21,(anonymous_0)
FNF:1
FNH:1
FNDA:34,(anonymous_0)
DA:4,15
DA:21,15
DA:22,34
LF:3
LH:3
BRDA:21,0,0,9
BRF:1
BRH:1
end_of_record
TN:
SF:frontend\components\Inputs\FileUpload.jsx
FN:35,(anonymous_0)
FN:36,(anonymous_1)
FNF:2
FNH:2
FNDA:226,(anonymous_0)
FNDA:39,(anonymous_1)
DA:4,45
DA:8,45
DA:15,45
DA:19,45
DA:35,45
DA:36,226
DA:37,39
DA:38,39
DA:42,226
LF:9
LH:9
BRDA:37,0,0,39
BRF:1
BRH:1
end_of_record
TN:
SF:frontend\components\Inputs\InputField.jsx
FN:36,(anonymous_0)
FNF:1
FNH:1
FNDA:1776,(anonymous_0)
DA:4,75
DA:8,75
DA:16,75
DA:36,75
DA:37,1776
LF:5
LH:5
BRDA:39,0,0,1776
BRDA:39,0,1,1776
BRDA:40,1,0,1776
BRDA:40,1,1,221
BRF:4
BRH:4
end_of_record
TN:
SF:frontend\components\Inputs\RadioButton.jsx
FN:41,(anonymous_0)
FN:35,(anonymous_0)
FNF:2
FNH:2
FNDA:20,(anonymous_0)
FNDA:20,(anonymous_0)
DA:4,12
DA:9,6
DA:11,6
DA:35,6
DA:39,20
DA:41,6
DA:42,20
DA:53,6
DA:55,18
LF:9
LH:9
BRF:0
BRH:0
end_of_record
TN:
SF:frontend\components\Inputs\TextareaField.jsx
FN:33,(anonymous_0)
FNF:1
FNH:1
FNDA:226,(anonymous_0)
DA:3,45
DA:7,45
DA:14,45
DA:33,45
DA:34,226
LF:5
LH:5
BRF:0
BRH:0
end_of_record
TN:
SF:frontend\components\layouts\AppsSection.jsx
FN:13,(anonymous_0)
FNF:1
FNH:1
FNDA:15,(anonymous_0)
DA:5,20
DA:13,20
DA:14,15
LF:3
LH:3
BRF:0
BRH:0
end_of_record
TN:
SF:frontend\components\layouts\FormSection.jsx
FNF:0
FNH:0
DA:3,23
LF:1
LH:1
BRF:0
BRH:0
end_of_record
TN:
SF:frontend\components\layouts\HorizontalGallery.jsx
FN:44,(anonymous_0)
FN:56,(anonymous_1)
FNF:2
FNH:2
FNDA:35,(anonymous_0)
FNDA:17,(anonymous_1)
DA:6,18
DA:31,18
DA:44,18
DA:46,35
DA:48,35
DA:49,15
DA:51,11
DA:54,11
DA:57,17
LF:9
LH:9
BRDA:48,0,0,20
BRDA:49,1,0,4
BRF:2
BRH:2
end_of_record
TN:
SF:frontend\components\layouts\MainPageButtonsContainer.jsx
FNF:0
FNH:0
DA:3,10
LF:1
LH:1
BRF:0
BRH:0
end_of_record
TN:
SF:frontend\components\layouts\PhotoGallery.jsx
FN:37,(anonymous_0)
FN:42,(anonymous_1)
FNF:2
FNH:2
FNDA:20,(anonymous_0)
FNDA:26,(anonymous_1)
DA:3,21
DA:10,21
DA:20,21
DA:30,21
DA:37,21
DA:38,20
DA:43,26
LF:7
LH:7
BRF:0
BRH:0
end_of_record
TN:
SF:frontend\components\layouts\UserPhotosGallery.jsx
FN:38,UserPhotosGallery
FN:42,(anonymous_1)
FN:57,(anonymous_2)
FN:72,(anonymous_3)
FNF:4
FNH:4
FNDA:44,UserPhotosGallery
FNDA:25,(anonymous_1)
FNDA:25,(anonymous_2)
FNDA:10,(anonymous_3)
DA:7,11
DA:13,11
DA:31,11
DA:39,44
DA:40,44
DA:42,44
DA:43,25
DA:44,25
DA:45,25
DA:48,24
DA:49,24
DA:51,0
DA:53,24
DA:57,44
DA:58,25
DA:61,44
DA:63,19
DA:64,13
DA:69,6
DA:73,10
LF:20
LH:19
BRDA:49,0,0,24
BRDA:49,0,1,0
BRDA:61,1,0,25
BRDA:63,2,0,13
BRF:4
BRH:3
end_of_record
TN:
SF:frontend\components\styles\Menu.styled.jsx
FN:42,(anonymous_0)
FN:50,(anonymous_1)
FNF:2
FNH:2
FNDA:300,(anonymous_0)
FNDA:300,(anonymous_1)
DA:3,64
DA:30,64
DA:41,64
DA:42,300
DA:50,300
LF:5
LH:5
BRDA:42,0,0,60
BRDA:42,0,1,240
BRDA:50,1,0,60
BRDA:50,1,1,240
BRF:4
BRH:4
end_of_record
TN:
SF:frontend\components\styles\TitleTexts.styled.jsx
FN:33,(anonymous_0)
FNF:1
FNH:1
FNDA:480,(anonymous_0)
DA:4,68
DA:24,68
DA:33,480
DA:50,68
LF:4
LH:4
BRDA:33,0,0,480
BRDA:33,0,1,96
BRF:2
BRH:2
end_of_record
TN:
SF:frontend\components\typography\ErrorMessage.jsx
FNF:0
FNH:0
DA:3,70
LF:1
LH:1
BRF:0
BRH:0
end_of_record
TN:
SF:frontend\components\typography\Heading.jsx
FNF:0
FNH:0
DA:3,23
LF:1
LH:1
BRF:0
BRH:0
end_of_record
TN:
SF:frontend\components\typography\OrderedList.jsx
FN:23,(anonymous_0)
FNF:1
FNH:1
FNDA:24,(anonymous_0)
DA:3,15
DA:23,24
LF:2
LH:2
BRF:0
BRH:0
end_of_record
TN:
SF:frontend\components\typography\Paragraph.jsx
FNF:0
FNH:0
DA:3,49
LF:1
LH:1
BRF:0
BRH:0
end_of_record
TN:
SF:frontend\components\typography\UnauthorizedMessage.jsx
FNF:0
FNH:0
DA:3,15
LF:1
LH:1
BRF:0
BRH:0
end_of_record
TN:
SF:frontend\forms\AuthForm.jsx
FN:14,(anonymous_0)
FN:31,(anonymous_1)
FN:36,(anonymous_2)
FN:40,(anonymous_3)
FNF:4
FNH:4
FNDA:205,(anonymous_0)
FNDA:9,(anonymous_1)
FNDA:9,(anonymous_2)
FNDA:42,(anonymous_3)
DA:14,30
DA:15,205
DA:16,205
DA:17,205
DA:18,205
DA:19,205
DA:23,205
DA:25,205
DA:26,205
DA:27,205
DA:29,205
DA:31,205
DA:32,9
DA:33,9
DA:36,205
DA:37,9
DA:40,205
DA:41,42
DA:42,42
DA:44,42
DA:45,42
DA:46,42
DA:48,42
DA:49,27
DA:50,27
DA:52,27
DA:53,27
DA:54,21
DA:58,12
DA:59,12
DA:60,12
DA:62,6
DA:68,6
DA:69,6
DA:70,6
DA:73,9
DA:74,9
DA:78,9
DA:82,0
DA:83,0
DA:87,0
DA:91,0
DA:96,0
DA:101,205
LF:44
LH:39
BRDA:44,0,0,42
BRDA:44,0,1,36
BRDA:48,1,0,15
BRDA:48,2,0,42
BRDA:48,2,1,21
BRDA:49,3,0,0
BRDA:50,4,0,0
BRDA:53,5,0,21
BRDA:53,5,1,6
BRDA:74,6,0,9
BRDA:74,6,1,0
BRDA:75,7,0,9
BRDA:75,7,1,0
BRDA:82,8,0,0
BRDA:82,8,1,0
BRDA:87,9,0,0
BRDA:87,9,1,0
BRDA:88,10,0,0
BRDA:88,10,1,0
BRDA:104,11,0,205
BRDA:104,11,1,82
BRDA:112,12,0,82
BRDA:112,12,1,33
BRDA:112,12,2,15
BRDA:126,13,0,205
BRDA:126,13,1,96
BRDA:126,13,2,15
BRDA:139,14,0,205
BRDA:139,14,1,96
BRDA:139,14,2,15
BRDA:143,15,0,205
BRDA:143,15,1,18
BRDA:143,15,2,9
BRDA:146,16,0,123
BRDA:146,16,1,82
BRDA:154,17,0,123
BRDA:154,17,1,82
BRDA:155,18,0,123
BRDA:155,18,1,82
BRDA:156,19,0,123
BRDA:156,19,1,82
BRDA:159,20,0,205
BRDA:159,20,1,9
BRF:43
BRH:33
end_of_record
TN:
SF:frontend\forms\AuthSwithLinks.jsx
FN:17,(anonymous_0)
FNF:1
FNH:1
FNDA:231,(anonymous_0)
DA:4,42
DA:17,42
DA:18,231
LF:3
LH:3
BRF:0
BRH:0
end_of_record
TN:
SF:frontend\forms\BookingForm.jsx
FN:11,(anonymous_0)
FN:30,(anonymous_1)
FN:36,(anonymous_2)
FN:41,(anonymous_3)
FN:45,(anonymous_4)
FN:67,(anonymous_5)
FN:177,(anonymous_6)
FNF:7
FNH:6
FNDA:237,(anonymous_0)
FNDA:35,(anonymous_1)
FNDA:48,(anonymous_2)
FNDA:0,(anonymous_3)
FNDA:75,(anonymous_4)
FNDA:15,(anonymous_5)
FNDA:70,(anonymous_6)
DA:11,40
DA:12,237
DA:13,237
DA:14,237
DA:15,237
DA:19,237
DA:21,237
DA:22,237
DA:23,237
DA:24,237
DA:25,237
DA:26,237
DA:27,237
DA:28,237
DA:30,237
DA:31,35
DA:32,35
DA:33,35
DA:36,237
DA:37,48
DA:38,48
DA:41,237
DA:42,0
DA:45,237
DA:46,75
DA:47,75
DA:49,75
DA:50,25
DA:51,25
DA:52,25
DA:54,25
DA:56,25
DA:57,25
DA:58,25
DA:59,25
DA:60,25
DA:61,25
DA:62,25
DA:64,25
DA:65,25
DA:67,25
DA:68,15
DA:71,25
DA:72,25
DA:73,25
DA:74,25
DA:76,15
DA:77,15
DA:78,15
DA:79,15
DA:80,15
DA:81,15
DA:84,8
DA:85,8
DA:89,237
DA:178,70
LF:56
LH:55
BRDA:32,0,0,35
BRDA:32,0,1,0
BRDA:49,1,0,50
BRDA:50,2,0,0
BRDA:51,3,0,0
BRDA:52,4,0,0
BRDA:65,5,0,25
BRDA:65,5,1,0
BRDA:80,6,0,15
BRDA:100,7,0,237
BRDA:100,7,1,98
BRDA:100,7,2,50
BRDA:113,8,0,237
BRDA:113,8,1,98
BRDA:113,8,2,50
BRDA:124,9,0,237
BRDA:124,9,1,98
BRDA:124,9,2,50
BRDA:136,10,0,237
BRDA:136,10,1,98
BRDA:136,10,2,50
BRDA:149,11,0,237
BRDA:149,11,1,98
BRDA:149,11,2,50
BRDA:161,12,0,237
BRDA:161,12,1,98
BRDA:161,12,2,50
BRDA:172,13,0,237
BRDA:172,13,1,50
BRDA:192,14,0,237
BRDA:192,14,1,48
BRF:31
BRH:26
end_of_record
TN:
SF:frontend\hooks\useFetchData.jsx
FN:3,(anonymous_0)
FN:8,(anonymous_1)
FN:29,(anonymous_2)
FN:8,(anonymous_1)
FN:10,(anonymous_2)
FNF:5
FNH:5
FNDA:145,(anonymous_0)
FNDA:75,(anonymous_1)
FNDA:75,(anonymous_2)
FNDA:80,(anonymous_1)
FNDA:80,(anonymous_2)
DA:3,44
DA:4,145
DA:5,199
DA:6,141
DA:8,141
DA:9,202
DA:10,136
DA:11,145
DA:13,75
DA:14,75
DA:16,148
DA:17,62
DA:18,74
DA:20,136
DA:21,38
DA:22,72
DA:23,72
DA:24,45
DA:25,119
DA:27,65
DA:29,141
DA:30,136
DA:31,80
DA:33,54
DA:34,127
LF:25
LH:25
BRDA:16,0,0,6
BRDA:9,1,0,0
BRDA:18,2,0,8
BRDA:17,3,0,22
BRF:4
BRH:3
end_of_record
TN:
SF:frontend\hooks\useFormPostData.jsx
FN:3,(anonymous_0)
FN:8,(anonymous_1)
FNF:2
FNH:2
FNDA:237,(anonymous_0)
FNDA:25,(anonymous_1)
DA:3,40
DA:4,237
DA:5,237
DA:6,237
DA:8,237
DA:9,25
DA:10,25
DA:11,25
DA:13,25
DA:18,23
DA:20,23
DA:21,8
DA:24,15
DA:25,15
DA:27,8
DA:28,8
DA:29,8
DA:31,23
DA:35,237
LF:19
LH:19
BRDA:20,0,0,8
BRDA:21,1,0,8
BRDA:21,1,1,0
BRF:3
BRH:2
end_of_record
TN:
SF:frontend\hooks\usePostData.jsx
FN:3,(anonymous_0)
FN:8,(anonymous_1)
FNF:2
FNH:2
FNDA:205,(anonymous_0)
FNDA:27,(anonymous_1)
DA:3,30
DA:4,205
DA:5,205
DA:6,205
DA:8,205
DA:9,27
DA:10,27
DA:11,27
DA:13,27
DA:21,27
DA:23,27
DA:24,9
DA:27,18
DA:28,18
DA:30,9
DA:31,9
DA:32,9
DA:34,27
DA:38,205
LF:19
LH:19
BRDA:23,0,0,9
BRDA:24,1,0,9
BRDA:24,1,1,0
BRF:3
BRH:2
end_of_record
TN:
SF:frontend\pages\AboutMePage.jsx
FN:10,AboutMePage
FN:53,(anonymous_1)
FN:51,(anonymous_1)
FNF:3
FNH:3
FNDA:78,AboutMePage
FNDA:54,(anonymous_1)
FNDA:22,(anonymous_1)
DA:11,64
DA:34,64
DA:35,18
DA:42,34
DA:43,22
DA:45,2
DA:51,10
DA:53,26
LF:8
LH:8
BRDA:42,0,0,9
BRDA:43,1,0,3
BRDA:34,2,0,18
BRDA:42,3,0,6
BRF:4
BRH:4
end_of_record
TN:
SF:frontend\pages\BookingPage.jsx
FN:9,BookingPage
FN:12,(anonymous_1)
FNF:2
FNH:2
FNDA:28,BookingPage
FNDA:6,(anonymous_1)
DA:10,28
DA:11,28
DA:12,28
DA:13,6
DA:16,28
DA:18,18
LF:6
LH:6
BRDA:16,0,0,10
BRDA:23,1,0,14
BRDA:23,1,1,4
BRF:3
BRH:3
end_of_record
TN:
SF:frontend\pages\ErrorPage.jsx
FN:29,ErrorPage
FN:31,(anonymous_1)
FNF:2
FNH:2
FNDA:18,ErrorPage
FNDA:6,(anonymous_1)
DA:9,8
DA:24,8
DA:30,18
DA:31,18
DA:32,18
LF:5
LH:5
BRF:0
BRH:0
end_of_record
TN:
SF:frontend\pages\LogInPage.jsx
FN:5,LogInPage
FNF:1
FNH:1
FNDA:10,LogInPage
DA:6,10
LF:1
LH:1
BRF:0
BRH:0
end_of_record
TN:
SF:frontend\pages\MainPage.jsx
FN:13,MainPage
FN:39,(anonymous_1)
FN:40,(anonymous_2)
FN:41,(anonymous_3)
FN:42,(anonymous_4)
FN:40,(anonymous_1)
FN:42,(anonymous_2)
FN:45,(anonymous_3)
FN:48,(anonymous_4)
FNF:9
FNH:9
FNDA:46,MainPage
FNDA:25,(anonymous_1)
FNDA:23,(anonymous_2)
FNDA:23,(anonymous_3)
FNDA:23,(anonymous_4)
FNDA:25,(anonymous_1)
FNDA:23,(anonymous_2)
FNDA:23,(anonymous_3)
FNDA:23,(anonymous_4)
DA:14,46
DA:16,46
DA:17,14
DA:20,23
DA:21,9
DA:24,10
DA:39,7
DA:40,7
DA:41,5
DA:42,5
DA:45,5
DA:48,5
LF:12
LH:12
BRDA:20,0,0,14
BRDA:21,1,0,4
BRDA:16,2,0,14
BRDA:20,3,0,4
BRF:4
BRH:4
end_of_record
TN:
SF:frontend\pages\PortfolioPage.jsx
FN:7,PortfolioPage
FNF:1
FNH:1
FNDA:2,PortfolioPage
DA:9,2
LF:1
LH:1
BRF:0
BRH:0
end_of_record
TN:
SF:frontend\pages\SignUpPage.jsx
FN:5,SignUpPage
FNF:1
FNH:1
FNDA:5,SignUpPage
DA:6,5
LF:1
LH:1
BRF:0
BRH:0
end_of_record
TN:
SF:frontend\pages\UserPage.jsx
FN:9,UserPage
FN:13,(anonymous_1)
FN:17,(anonymous_2)
FNF:3
FNH:3
FNDA:14,UserPage
FNDA:4,(anonymous_1)
FNDA:2,(anonymous_2)
DA:10,14
DA:11,14
DA:12,14
DA:13,14
DA:14,4
DA:17,14
DA:18,2
DA:21,14
DA:23,9
LF:9
LH:9
BRDA:21,0,0,5
BRDA:26,1,0,9
BRDA:26,1,1,4
BRDA:28,2,0,4
BRDA:28,2,1,5
BRF:5
BRH:5
end_of_record
TN:
SF:frontend\store\AuthContex.jsx
FN:5,AuthProvider
FN:9,(anonymous_1)
FN:21,(anonymous_2)
FN:25,(anonymous_3)
FN:26,(anonymous_4)
FN:29,(anonymous_5)
FN:32,(anonymous_6)
FN:37,(anonymous_7)
FN:49,(anonymous_8)
FNF:9
FNH:3
FNDA:28,AuthProvider
FNDA:15,(anonymous_1)
FNDA:0,(anonymous_2)
FNDA:0,(anonymous_3)
FNDA:0,(anonymous_4)
FNDA:0,(anonymous_5)
FNDA:0,(anonymous_6)
FNDA:0,(anonymous_7)
FNDA:261,(anonymous_8)
DA:3,45
DA:6,28
DA:7,28
DA:9,28
DA:10,15
DA:11,15
DA:12,15
DA:13,15
DA:16,0
DA:22,0
DA:23,0
DA:25,0
DA:27,0
DA:29,0
DA:32,28
DA:33,0
DA:34,0
DA:37,28
DA:38,0
DA:39,0
DA:42,28
DA:49,261
LF:22
LH:12
BRDA:11,0,0,15
BRDA:22,1,0,0
BRF:2
BRH:1
end_of_record
